mar. 13, 2017 6:54:17 AM org.apache.catalina.startup.VersionLoggerListener log
INFO: Server version:        Apache Tomcat/7.0.75
mar. 13, 2017 6:54:17 AM org.apache.catalina.startup.VersionLoggerListener log
INFO: Server built:          Jan 18 2017 20:54:42 UTC
mar. 13, 2017 6:54:17 AM org.apache.catalina.startup.VersionLoggerListener log
INFO: Server number:         7.0.75.0
mar. 13, 2017 6:54:17 AM org.apache.catalina.startup.VersionLoggerListener log
INFO: OS Name:               Windows 10
mar. 13, 2017 6:54:17 AM org.apache.catalina.startup.VersionLoggerListener log
INFO: OS Version:            10.0
mar. 13, 2017 6:54:17 AM org.apache.catalina.startup.VersionLoggerListener log
INFO: Architecture:          amd64
mar. 13, 2017 6:54:17 AM org.apache.catalina.startup.VersionLoggerListener log
INFO: Java Home:             C:\Program Files\Java\jdk1.8.0_121\jre
mar. 13, 2017 6:54:17 AM org.apache.catalina.startup.VersionLoggerListener log
INFO: JVM Version:           1.8.0_121-b13
mar. 13, 2017 6:54:17 AM org.apache.catalina.startup.VersionLoggerListener log
INFO: JVM Vendor:            Oracle Corporation
mar. 13, 2017 6:54:17 AM org.apache.catalina.startup.VersionLoggerListener log
INFO: CATALINA_BASE:         C:\Users\ahmad\Desktop\Opgaver\4 - Semester\Distribuerede systemer\GalgelegForprojekt\Catalina
mar. 13, 2017 6:54:17 AM org.apache.catalina.startup.VersionLoggerListener log
INFO: CATALINA_HOME:         C:\Users\ahmad\Desktop\Opgaver\4 - Semester\Distribuerede systemer\GalgelegForprojekt\tomcat-7.0.75
mar. 13, 2017 6:54:17 AM org.apache.catalina.startup.VersionLoggerListener log
INFO: Command line argument: -Djava.util.logging.config.file=C:\Users\ahmad\Desktop\Opgaver\4 - Semester\Distribuerede systemer\GalgelegForprojekt\Catalina\conf\logging.properties
mar. 13, 2017 6:54:17 AM org.apache.catalina.startup.VersionLoggerListener log
INFO: Command line argument: -Djava.util.logging.manager=org.apache.juli.ClassLoaderLogManager
mar. 13, 2017 6:54:17 AM org.apache.catalina.startup.VersionLoggerListener log
INFO: Command line argument: -Dhttp.nonProxyHosts=localhost|127.0.0.1|MSI
mar. 13, 2017 6:54:17 AM org.apache.catalina.startup.VersionLoggerListener log
INFO: Command line argument: -Djdk.tls.ephemeralDHKeySize=2048
mar. 13, 2017 6:54:17 AM org.apache.catalina.startup.VersionLoggerListener log
INFO: Command line argument: -Djava.endorsed.dirs=C:\Users\ahmad\Desktop\Opgaver\4 - Semester\Distribuerede systemer\GalgelegForprojekt\tomcat-7.0.75\endorsed
mar. 13, 2017 6:54:17 AM org.apache.catalina.startup.VersionLoggerListener log
INFO: Command line argument: -Dcatalina.base=C:\Users\ahmad\Desktop\Opgaver\4 - Semester\Distribuerede systemer\GalgelegForprojekt\Catalina
mar. 13, 2017 6:54:17 AM org.apache.catalina.startup.VersionLoggerListener log
INFO: Command line argument: -Dcatalina.home=C:\Users\ahmad\Desktop\Opgaver\4 - Semester\Distribuerede systemer\GalgelegForprojekt\tomcat-7.0.75
mar. 13, 2017 6:54:17 AM org.apache.catalina.startup.VersionLoggerListener log
INFO: Command line argument: -Djava.io.tmpdir=C:\Users\ahmad\Desktop\Opgaver\4 - Semester\Distribuerede systemer\GalgelegForprojekt\Catalina\temp
mar. 13, 2017 6:54:17 AM org.apache.catalina.core.AprLifecycleListener lifecycleEvent
INFO: Loaded APR based Apache Tomcat Native library 1.2.10 using APR version 1.5.2.
mar. 13, 2017 6:54:17 AM org.apache.catalina.core.AprLifecycleListener lifecycleEvent
INFO: APR capabilities: IPv6 [true], sendfile [true], accept filters [false], random [true].
mar. 13, 2017 6:54:18 AM org.apache.catalina.core.AprLifecycleListener initializeSSL
INFO: OpenSSL successfully initialized (OpenSSL 1.0.2j  26 Sep 2016)
mar. 13, 2017 6:54:18 AM org.apache.coyote.AbstractProtocol init
INFO: Initializing ProtocolHandler ["http-apr-8080"]
mar. 13, 2017 6:54:18 AM org.apache.coyote.AbstractProtocol init
INFO: Initializing ProtocolHandler ["ajp-apr-8009"]
mar. 13, 2017 6:54:18 AM org.apache.catalina.startup.Catalina load
INFO: Initialization processed in 1244 ms
mar. 13, 2017 6:54:18 AM org.apache.catalina.core.StandardService startInternal
INFO: Starting service Catalina
mar. 13, 2017 6:54:18 AM org.apache.catalina.core.StandardEngine startInternal
INFO: Starting Servlet Engine: Apache Tomcat/7.0.75
mar. 13, 2017 6:54:18 AM org.apache.catalina.startup.HostConfig deployDescriptor
INFO: Deploying configuration descriptor C:\Users\ahmad\Desktop\Opgaver\4 - Semester\Distribuerede systemer\GalgelegForprojekt\Catalina\conf\Catalina\localhost\manager.xml
mar. 13, 2017 6:54:18 AM org.apache.catalina.util.SessionIdGeneratorBase createSecureRandom
INFO: Creation of SecureRandom instance for session ID generation using [SHA1PRNG] took [106] milliseconds.
mar. 13, 2017 6:54:18 AM org.apache.catalina.startup.HostConfig deployDescriptor
INFO: Deployment of configuration descriptor C:\Users\ahmad\Desktop\Opgaver\4 - Semester\Distribuerede systemer\GalgelegForprojekt\Catalina\conf\Catalina\localhost\manager.xml has finished in 380 ms
mar. 13, 2017 6:54:18 AM org.apache.catalina.startup.HostConfig deployDescriptor
INFO: Deploying configuration descriptor C:\Users\ahmad\Desktop\Opgaver\4 - Semester\Distribuerede systemer\GalgelegForprojekt\Catalina\conf\Catalina\localhost\ROOT.xml
mar. 13, 2017 6:54:18 AM org.apache.catalina.startup.HostConfig deployDescriptor
INFO: Deployment of configuration descriptor C:\Users\ahmad\Desktop\Opgaver\4 - Semester\Distribuerede systemer\GalgelegForprojekt\Catalina\conf\Catalina\localhost\ROOT.xml has finished in 44 ms
mar. 13, 2017 6:54:18 AM org.apache.coyote.AbstractProtocol start
INFO: Starting ProtocolHandler ["http-apr-8080"]
mar. 13, 2017 6:54:18 AM org.apache.coyote.AbstractProtocol start
INFO: Starting ProtocolHandler ["ajp-apr-8009"]
mar. 13, 2017 6:54:18 AM org.apache.catalina.startup.Catalina start
INFO: Server startup in 489 ms
mar. 13, 2017 6:54:19 AM org.apache.catalina.startup.HostConfig deployDescriptor
INFO: Deploying configuration descriptor C:\Users\ahmad\Desktop\Opgaver\4 - Semester\Distribuerede systemer\GalgelegForprojekt\Catalina\conf\Catalina\localhost\Webserver.xml
mar. 13, 2017 6:54:19 AM org.apache.catalina.startup.HostConfig deployDescriptor
INFO: Deployment of configuration descriptor C:\Users\ahmad\Desktop\Opgaver\4 - Semester\Distribuerede systemer\GalgelegForprojekt\Catalina\conf\Catalina\localhost\Webserver.xml has finished in 73 ms
mar. 13, 2017 6:54:19 AM org.apache.catalina.util.LifecycleBase start
INFO: The start() method was called on component [StandardEngine[Catalina].StandardHost[localhost].StandardContext[/Webserver]] after start() had already been called. The second call will be ignored.
mar. 13, 2017 6:54:36 AM org.apache.catalina.core.StandardServer await
INFO: A valid shutdown command was received via the shutdown port. Stopping the Server instance.
mar. 13, 2017 6:54:36 AM org.apache.coyote.AbstractProtocol pause
INFO: Pausing ProtocolHandler ["http-apr-8080"]
mar. 13, 2017 6:54:36 AM org.apache.coyote.AbstractProtocol pause
INFO: Pausing ProtocolHandler ["ajp-apr-8009"]
mar. 13, 2017 6:54:36 AM org.apache.catalina.core.StandardService stopInternal
INFO: Stopping service Catalina
mar. 13, 2017 6:54:36 AM org.apache.coyote.AbstractProtocol stop
INFO: Stopping ProtocolHandler ["http-apr-8080"]
mar. 13, 2017 6:54:37 AM org.apache.coyote.AbstractProtocol stop
INFO: Stopping ProtocolHandler ["ajp-apr-8009"]
mar. 13, 2017 6:54:37 AM org.apache.coyote.AbstractProtocol destroy
INFO: Destroying ProtocolHandler ["http-apr-8080"]
mar. 13, 2017 6:54:37 AM org.apache.coyote.AbstractProtocol destroy
INFO: Destroying ProtocolHandler ["ajp-apr-8009"]
mar. 13, 2017 8:30:03 AM org.apache.catalina.startup.VersionLoggerListener log
INFO: Server version:        Apache Tomcat/7.0.75
mar. 13, 2017 8:30:03 AM org.apache.catalina.startup.VersionLoggerListener log
INFO: Server built:          Jan 18 2017 20:54:42 UTC
mar. 13, 2017 8:30:03 AM org.apache.catalina.startup.VersionLoggerListener log
INFO: Server number:         7.0.75.0
mar. 13, 2017 8:30:03 AM org.apache.catalina.startup.VersionLoggerListener log
INFO: OS Name:               Windows 10
mar. 13, 2017 8:30:03 AM org.apache.catalina.startup.VersionLoggerListener log
INFO: OS Version:            10.0
mar. 13, 2017 8:30:03 AM org.apache.catalina.startup.VersionLoggerListener log
INFO: Architecture:          amd64
mar. 13, 2017 8:30:03 AM org.apache.catalina.startup.VersionLoggerListener log
INFO: Java Home:             C:\Program Files\Java\jdk1.8.0_121\jre
mar. 13, 2017 8:30:03 AM org.apache.catalina.startup.VersionLoggerListener log
INFO: JVM Version:           1.8.0_121-b13
mar. 13, 2017 8:30:03 AM org.apache.catalina.startup.VersionLoggerListener log
INFO: JVM Vendor:            Oracle Corporation
mar. 13, 2017 8:30:03 AM org.apache.catalina.startup.VersionLoggerListener log
INFO: CATALINA_BASE:         C:\Users\ahmad\Desktop\Opgaver\4 - Semester\Distribuerede systemer\GalgelegForprojekt\Catalina
mar. 13, 2017 8:30:03 AM org.apache.catalina.startup.VersionLoggerListener log
INFO: CATALINA_HOME:         C:\Users\ahmad\Desktop\Opgaver\4 - Semester\Distribuerede systemer\GalgelegForprojekt\tomcat-7.0.75
mar. 13, 2017 8:30:03 AM org.apache.catalina.startup.VersionLoggerListener log
INFO: Command line argument: -Djava.util.logging.config.file=C:\Users\ahmad\Desktop\Opgaver\4 - Semester\Distribuerede systemer\GalgelegForprojekt\Catalina\conf\logging.properties
mar. 13, 2017 8:30:03 AM org.apache.catalina.startup.VersionLoggerListener log
INFO: Command line argument: -Djava.util.logging.manager=org.apache.juli.ClassLoaderLogManager
mar. 13, 2017 8:30:03 AM org.apache.catalina.startup.VersionLoggerListener log
INFO: Command line argument: -Dhttp.nonProxyHosts=localhost|127.0.0.1|MSI
mar. 13, 2017 8:30:03 AM org.apache.catalina.startup.VersionLoggerListener log
INFO: Command line argument: -Djdk.tls.ephemeralDHKeySize=2048
mar. 13, 2017 8:30:03 AM org.apache.catalina.startup.VersionLoggerListener log
INFO: Command line argument: -Djava.endorsed.dirs=C:\Users\ahmad\Desktop\Opgaver\4 - Semester\Distribuerede systemer\GalgelegForprojekt\tomcat-7.0.75\endorsed
mar. 13, 2017 8:30:03 AM org.apache.catalina.startup.VersionLoggerListener log
INFO: Command line argument: -Dcatalina.base=C:\Users\ahmad\Desktop\Opgaver\4 - Semester\Distribuerede systemer\GalgelegForprojekt\Catalina
mar. 13, 2017 8:30:03 AM org.apache.catalina.startup.VersionLoggerListener log
INFO: Command line argument: -Dcatalina.home=C:\Users\ahmad\Desktop\Opgaver\4 - Semester\Distribuerede systemer\GalgelegForprojekt\tomcat-7.0.75
mar. 13, 2017 8:30:03 AM org.apache.catalina.startup.VersionLoggerListener log
INFO: Command line argument: -Djava.io.tmpdir=C:\Users\ahmad\Desktop\Opgaver\4 - Semester\Distribuerede systemer\GalgelegForprojekt\Catalina\temp
mar. 13, 2017 8:30:03 AM org.apache.catalina.core.AprLifecycleListener lifecycleEvent
INFO: Loaded APR based Apache Tomcat Native library 1.2.10 using APR version 1.5.2.
mar. 13, 2017 8:30:03 AM org.apache.catalina.core.AprLifecycleListener lifecycleEvent
INFO: APR capabilities: IPv6 [true], sendfile [true], accept filters [false], random [true].
mar. 13, 2017 8:30:04 AM org.apache.catalina.core.AprLifecycleListener initializeSSL
INFO: OpenSSL successfully initialized (OpenSSL 1.0.2j  26 Sep 2016)
mar. 13, 2017 8:30:04 AM org.apache.coyote.AbstractProtocol init
INFO: Initializing ProtocolHandler ["http-apr-8080"]
mar. 13, 2017 8:30:04 AM org.apache.coyote.AbstractProtocol init
INFO: Initializing ProtocolHandler ["ajp-apr-8009"]
mar. 13, 2017 8:30:04 AM org.apache.catalina.startup.Catalina load
INFO: Initialization processed in 1032 ms
mar. 13, 2017 8:30:04 AM org.apache.catalina.core.StandardService startInternal
INFO: Starting service Catalina
mar. 13, 2017 8:30:04 AM org.apache.catalina.core.StandardEngine startInternal
INFO: Starting Servlet Engine: Apache Tomcat/7.0.75
mar. 13, 2017 8:30:04 AM org.apache.catalina.startup.HostConfig deployDescriptor
INFO: Deploying configuration descriptor C:\Users\ahmad\Desktop\Opgaver\4 - Semester\Distribuerede systemer\GalgelegForprojekt\Catalina\conf\Catalina\localhost\manager.xml
mar. 13, 2017 8:30:04 AM org.apache.catalina.startup.HostConfig deployDescriptor
INFO: Deployment of configuration descriptor C:\Users\ahmad\Desktop\Opgaver\4 - Semester\Distribuerede systemer\GalgelegForprojekt\Catalina\conf\Catalina\localhost\manager.xml has finished in 321 ms
mar. 13, 2017 8:30:04 AM org.apache.catalina.startup.HostConfig deployDescriptor
INFO: Deploying configuration descriptor C:\Users\ahmad\Desktop\Opgaver\4 - Semester\Distribuerede systemer\GalgelegForprojekt\Catalina\conf\Catalina\localhost\ROOT.xml
mar. 13, 2017 8:30:04 AM org.apache.catalina.startup.HostConfig deployDescriptor
INFO: Deployment of configuration descriptor C:\Users\ahmad\Desktop\Opgaver\4 - Semester\Distribuerede systemer\GalgelegForprojekt\Catalina\conf\Catalina\localhost\ROOT.xml has finished in 45 ms
mar. 13, 2017 8:30:04 AM org.apache.catalina.startup.HostConfig deployDescriptor
INFO: Deploying configuration descriptor C:\Users\ahmad\Desktop\Opgaver\4 - Semester\Distribuerede systemer\GalgelegForprojekt\Catalina\conf\Catalina\localhost\Webserver.xml
mar. 13, 2017 8:30:04 AM org.apache.catalina.startup.HostConfig deployDescriptor
INFO: Deployment of configuration descriptor C:\Users\ahmad\Desktop\Opgaver\4 - Semester\Distribuerede systemer\GalgelegForprojekt\Catalina\conf\Catalina\localhost\Webserver.xml has finished in 110 ms
mar. 13, 2017 8:30:04 AM org.apache.coyote.AbstractProtocol start
INFO: Starting ProtocolHandler ["http-apr-8080"]
mar. 13, 2017 8:30:04 AM org.apache.coyote.AbstractProtocol start
INFO: Starting ProtocolHandler ["ajp-apr-8009"]
mar. 13, 2017 8:30:04 AM org.apache.catalina.startup.Catalina start
INFO: Server startup in 527 ms
mar. 13, 2017 9:18:51 AM org.apache.catalina.startup.HostConfig undeploy
INFO: Undeploying context [/Webserver]
mar. 13, 2017 9:42:26 AM org.apache.catalina.startup.HostConfig deployDescriptor
INFO: Deploying configuration descriptor C:\Users\ahmad\Desktop\Opgaver\4 - Semester\Distribuerede systemer\GalgelegForprojekt\Catalina\conf\Catalina\localhost\Webserver.xml
mar. 13, 2017 9:42:26 AM org.apache.catalina.startup.HostConfig deployDescriptor
INFO: Deployment of configuration descriptor C:\Users\ahmad\Desktop\Opgaver\4 - Semester\Distribuerede systemer\GalgelegForprojekt\Catalina\conf\Catalina\localhost\Webserver.xml has finished in 38 ms
mar. 13, 2017 9:42:26 AM org.apache.catalina.util.LifecycleBase start
INFO: The start() method was called on component [StandardEngine[Catalina].StandardHost[localhost].StandardContext[/Webserver]] after start() had already been called. The second call will be ignored.
