mar. 13, 2017 8:44:00 AM org.apache.catalina.core.StandardWrapperValve invoke
SEVERE: Servlet.service() for servlet [jsp] in context with path [/Webserver] threw exception [Unable to compile class for JSP: 

An error occurred at line: 17 in the jsp file: /index.jsp
Duplicate local variable out
14:     </head>
15:     <body>
16:         <%
17:             PrintWriter out = resp.getWriter();
18:             out.println("<html>");
19:             out.println("<head><title>Syvtabellen - fra en servlet</title></head>");
20:             out.println("<body>");


An error occurred at line: 17 in the jsp file: /index.jsp
resp cannot be resolved
14:     </head>
15:     <body>
16:         <%
17:             PrintWriter out = resp.getWriter();
18:             out.println("<html>");
19:             out.println("<head><title>Syvtabellen - fra en servlet</title></head>");
20:             out.println("<body>");


Stacktrace:] with root cause
org.apache.jasper.JasperException: Unable to compile class for JSP: 

An error occurred at line: 17 in the jsp file: /index.jsp
Duplicate local variable out
14:     </head>
15:     <body>
16:         <%
17:             PrintWriter out = resp.getWriter();
18:             out.println("<html>");
19:             out.println("<head><title>Syvtabellen - fra en servlet</title></head>");
20:             out.println("<body>");


An error occurred at line: 17 in the jsp file: /index.jsp
resp cannot be resolved
14:     </head>
15:     <body>
16:         <%
17:             PrintWriter out = resp.getWriter();
18:             out.println("<html>");
19:             out.println("<head><title>Syvtabellen - fra en servlet</title></head>");
20:             out.println("<body>");


Stacktrace:
	at org.apache.jasper.compiler.DefaultErrorHandler.javacError(DefaultErrorHandler.java:103)
	at org.apache.jasper.compiler.ErrorDispatcher.javacError(ErrorDispatcher.java:366)
	at org.apache.jasper.compiler.JDTCompiler.generateClass(JDTCompiler.java:490)
	at org.apache.jasper.compiler.Compiler.compile(Compiler.java:379)
	at org.apache.jasper.compiler.Compiler.compile(Compiler.java:354)
	at org.apache.jasper.compiler.Compiler.compile(Compiler.java:341)
	at org.apache.jasper.JspCompilationContext.compile(JspCompilationContext.java:662)
	at org.apache.jasper.servlet.JspServletWrapper.service(JspServletWrapper.java:364)
	at org.apache.jasper.servlet.JspServlet.serviceJspFile(JspServlet.java:395)
	at org.apache.jasper.servlet.JspServlet.service(JspServlet.java:339)
	at javax.servlet.http.HttpServlet.service(HttpServlet.java:731)
	at org.apache.catalina.core.ApplicationFilterChain.internalDoFilter(ApplicationFilterChain.java:303)
	at org.apache.catalina.core.ApplicationFilterChain.doFilter(ApplicationFilterChain.java:208)
	at org.apache.tomcat.websocket.server.WsFilter.doFilter(WsFilter.java:52)
	at org.apache.catalina.core.ApplicationFilterChain.internalDoFilter(ApplicationFilterChain.java:241)
	at org.apache.catalina.core.ApplicationFilterChain.doFilter(ApplicationFilterChain.java:208)
	at org.apache.catalina.core.StandardWrapperValve.invoke(StandardWrapperValve.java:218)
	at org.apache.catalina.core.StandardContextValve.invoke(StandardContextValve.java:110)
	at org.apache.catalina.authenticator.AuthenticatorBase.invoke(AuthenticatorBase.java:506)
	at org.apache.catalina.core.StandardHostValve.invoke(StandardHostValve.java:169)
	at org.apache.catalina.valves.ErrorReportValve.invoke(ErrorReportValve.java:103)
	at org.apache.catalina.valves.AccessLogValve.invoke(AccessLogValve.java:962)
	at org.apache.catalina.core.StandardEngineValve.invoke(StandardEngineValve.java:116)
	at org.apache.catalina.connector.CoyoteAdapter.service(CoyoteAdapter.java:452)
	at org.apache.coyote.http11.AbstractHttp11Processor.process(AbstractHttp11Processor.java:1087)
	at org.apache.coyote.AbstractProtocol$AbstractConnectionHandler.process(AbstractProtocol.java:637)
	at org.apache.tomcat.util.net.AprEndpoint$SocketProcessor.doRun(AprEndpoint.java:2536)
	at org.apache.tomcat.util.net.AprEndpoint$SocketProcessor.run(AprEndpoint.java:2525)
	at java.util.concurrent.ThreadPoolExecutor.runWorker(ThreadPoolExecutor.java:1142)
	at java.util.concurrent.ThreadPoolExecutor$Worker.run(ThreadPoolExecutor.java:617)
	at org.apache.tomcat.util.threads.TaskThread$WrappingRunnable.run(TaskThread.java:61)
	at java.lang.Thread.run(Thread.java:745)

mar. 13, 2017 8:48:08 AM org.apache.catalina.core.StandardWrapperValve invoke
SEVERE: Servlet.service() for servlet [jsp] in context with path [/Webserver] threw exception [Unable to compile class for JSP: 

An error occurred at line: 16 in the jsp file: /index.jsp
resp cannot be resolved
13:     </head>
14:     <body>
15:         <%
16:             resp.setContentType("text/html");
17:             PrintWriter out = resp.getWriter();
18:             out.println("<html>");
19:             out.println("<head><title>Syvtabellen - fra en servlet</title></head>");


An error occurred at line: 17 in the jsp file: /index.jsp
PrintWriter cannot be resolved to a type
14:     <body>
15:         <%
16:             resp.setContentType("text/html");
17:             PrintWriter out = resp.getWriter();
18:             out.println("<html>");
19:             out.println("<head><title>Syvtabellen - fra en servlet</title></head>");
20:             out.println("<body>");


An error occurred at line: 17 in the jsp file: /index.jsp
Duplicate local variable out
14:     <body>
15:         <%
16:             resp.setContentType("text/html");
17:             PrintWriter out = resp.getWriter();
18:             out.println("<html>");
19:             out.println("<head><title>Syvtabellen - fra en servlet</title></head>");
20:             out.println("<body>");


An error occurred at line: 17 in the jsp file: /index.jsp
resp cannot be resolved
14:     <body>
15:         <%
16:             resp.setContentType("text/html");
17:             PrintWriter out = resp.getWriter();
18:             out.println("<html>");
19:             out.println("<head><title>Syvtabellen - fra en servlet</title></head>");
20:             out.println("<body>");


Stacktrace:] with root cause
org.apache.jasper.JasperException: Unable to compile class for JSP: 

An error occurred at line: 16 in the jsp file: /index.jsp
resp cannot be resolved
13:     </head>
14:     <body>
15:         <%
16:             resp.setContentType("text/html");
17:             PrintWriter out = resp.getWriter();
18:             out.println("<html>");
19:             out.println("<head><title>Syvtabellen - fra en servlet</title></head>");


An error occurred at line: 17 in the jsp file: /index.jsp
PrintWriter cannot be resolved to a type
14:     <body>
15:         <%
16:             resp.setContentType("text/html");
17:             PrintWriter out = resp.getWriter();
18:             out.println("<html>");
19:             out.println("<head><title>Syvtabellen - fra en servlet</title></head>");
20:             out.println("<body>");


An error occurred at line: 17 in the jsp file: /index.jsp
Duplicate local variable out
14:     <body>
15:         <%
16:             resp.setContentType("text/html");
17:             PrintWriter out = resp.getWriter();
18:             out.println("<html>");
19:             out.println("<head><title>Syvtabellen - fra en servlet</title></head>");
20:             out.println("<body>");


An error occurred at line: 17 in the jsp file: /index.jsp
resp cannot be resolved
14:     <body>
15:         <%
16:             resp.setContentType("text/html");
17:             PrintWriter out = resp.getWriter();
18:             out.println("<html>");
19:             out.println("<head><title>Syvtabellen - fra en servlet</title></head>");
20:             out.println("<body>");


Stacktrace:
	at org.apache.jasper.compiler.DefaultErrorHandler.javacError(DefaultErrorHandler.java:103)
	at org.apache.jasper.compiler.ErrorDispatcher.javacError(ErrorDispatcher.java:366)
	at org.apache.jasper.compiler.JDTCompiler.generateClass(JDTCompiler.java:490)
	at org.apache.jasper.compiler.Compiler.compile(Compiler.java:379)
	at org.apache.jasper.compiler.Compiler.compile(Compiler.java:354)
	at org.apache.jasper.compiler.Compiler.compile(Compiler.java:341)
	at org.apache.jasper.JspCompilationContext.compile(JspCompilationContext.java:662)
	at org.apache.jasper.servlet.JspServletWrapper.service(JspServletWrapper.java:364)
	at org.apache.jasper.servlet.JspServlet.serviceJspFile(JspServlet.java:395)
	at org.apache.jasper.servlet.JspServlet.service(JspServlet.java:339)
	at javax.servlet.http.HttpServlet.service(HttpServlet.java:731)
	at org.apache.catalina.core.ApplicationFilterChain.internalDoFilter(ApplicationFilterChain.java:303)
	at org.apache.catalina.core.ApplicationFilterChain.doFilter(ApplicationFilterChain.java:208)
	at org.apache.tomcat.websocket.server.WsFilter.doFilter(WsFilter.java:52)
	at org.apache.catalina.core.ApplicationFilterChain.internalDoFilter(ApplicationFilterChain.java:241)
	at org.apache.catalina.core.ApplicationFilterChain.doFilter(ApplicationFilterChain.java:208)
	at org.apache.catalina.core.StandardWrapperValve.invoke(StandardWrapperValve.java:218)
	at org.apache.catalina.core.StandardContextValve.invoke(StandardContextValve.java:110)
	at org.apache.catalina.authenticator.AuthenticatorBase.invoke(AuthenticatorBase.java:506)
	at org.apache.catalina.core.StandardHostValve.invoke(StandardHostValve.java:169)
	at org.apache.catalina.valves.ErrorReportValve.invoke(ErrorReportValve.java:103)
	at org.apache.catalina.valves.AccessLogValve.invoke(AccessLogValve.java:962)
	at org.apache.catalina.core.StandardEngineValve.invoke(StandardEngineValve.java:116)
	at org.apache.catalina.connector.CoyoteAdapter.service(CoyoteAdapter.java:452)
	at org.apache.coyote.http11.AbstractHttp11Processor.process(AbstractHttp11Processor.java:1087)
	at org.apache.coyote.AbstractProtocol$AbstractConnectionHandler.process(AbstractProtocol.java:637)
	at org.apache.tomcat.util.net.AprEndpoint$SocketProcessor.doRun(AprEndpoint.java:2536)
	at org.apache.tomcat.util.net.AprEndpoint$SocketProcessor.run(AprEndpoint.java:2525)
	at java.util.concurrent.ThreadPoolExecutor.runWorker(ThreadPoolExecutor.java:1142)
	at java.util.concurrent.ThreadPoolExecutor$Worker.run(ThreadPoolExecutor.java:617)
	at org.apache.tomcat.util.threads.TaskThread$WrappingRunnable.run(TaskThread.java:61)
	at java.lang.Thread.run(Thread.java:745)

mar. 13, 2017 8:48:16 AM org.apache.catalina.core.StandardWrapperValve invoke
SEVERE: Servlet.service() for servlet [jsp] in context with path [/Webserver] threw exception [Unable to compile class for JSP: 

An error occurred at line: 3 in the jsp file: /index.jsp
void is an invalid type for the variable doGet
1: <%
2:             @Override
3:   public void doGet(HttpServletRequest req, HttpServletResponse resp) throws IOException {
4:     resp.setContentType("text/html");
5:     PrintWriter out = resp.getWriter();
6:     out.println("<html>");


An error occurred at line: 3 in the jsp file: /index.jsp
Syntax error on token "(", ; expected
1: <%
2:             @Override
3:   public void doGet(HttpServletRequest req, HttpServletResponse resp) throws IOException {
4:     resp.setContentType("text/html");
5:     PrintWriter out = resp.getWriter();
6:     out.println("<html>");


An error occurred at line: 3 in the jsp file: /index.jsp
Syntax error on token ",", ; expected
1: <%
2:             @Override
3:   public void doGet(HttpServletRequest req, HttpServletResponse resp) throws IOException {
4:     resp.setContentType("text/html");
5:     PrintWriter out = resp.getWriter();
6:     out.println("<html>");


An error occurred at line: 3 in the jsp file: /index.jsp
Syntax error, insert ";" to complete LocalVariableDeclarationStatement
1: <%
2:             @Override
3:   public void doGet(HttpServletRequest req, HttpServletResponse resp) throws IOException {
4:     resp.setContentType("text/html");
5:     PrintWriter out = resp.getWriter();
6:     out.println("<html>");


Stacktrace:] with root cause
org.apache.jasper.JasperException: Unable to compile class for JSP: 

An error occurred at line: 3 in the jsp file: /index.jsp
void is an invalid type for the variable doGet
1: <%
2:             @Override
3:   public void doGet(HttpServletRequest req, HttpServletResponse resp) throws IOException {
4:     resp.setContentType("text/html");
5:     PrintWriter out = resp.getWriter();
6:     out.println("<html>");


An error occurred at line: 3 in the jsp file: /index.jsp
Syntax error on token "(", ; expected
1: <%
2:             @Override
3:   public void doGet(HttpServletRequest req, HttpServletResponse resp) throws IOException {
4:     resp.setContentType("text/html");
5:     PrintWriter out = resp.getWriter();
6:     out.println("<html>");


An error occurred at line: 3 in the jsp file: /index.jsp
Syntax error on token ",", ; expected
1: <%
2:             @Override
3:   public void doGet(HttpServletRequest req, HttpServletResponse resp) throws IOException {
4:     resp.setContentType("text/html");
5:     PrintWriter out = resp.getWriter();
6:     out.println("<html>");


An error occurred at line: 3 in the jsp file: /index.jsp
Syntax error, insert ";" to complete LocalVariableDeclarationStatement
1: <%
2:             @Override
3:   public void doGet(HttpServletRequest req, HttpServletResponse resp) throws IOException {
4:     resp.setContentType("text/html");
5:     PrintWriter out = resp.getWriter();
6:     out.println("<html>");


Stacktrace:
	at org.apache.jasper.compiler.DefaultErrorHandler.javacError(DefaultErrorHandler.java:103)
	at org.apache.jasper.compiler.ErrorDispatcher.javacError(ErrorDispatcher.java:366)
	at org.apache.jasper.compiler.JDTCompiler.generateClass(JDTCompiler.java:490)
	at org.apache.jasper.compiler.Compiler.compile(Compiler.java:379)
	at org.apache.jasper.compiler.Compiler.compile(Compiler.java:354)
	at org.apache.jasper.compiler.Compiler.compile(Compiler.java:341)
	at org.apache.jasper.JspCompilationContext.compile(JspCompilationContext.java:662)
	at org.apache.jasper.servlet.JspServletWrapper.service(JspServletWrapper.java:364)
	at org.apache.jasper.servlet.JspServlet.serviceJspFile(JspServlet.java:395)
	at org.apache.jasper.servlet.JspServlet.service(JspServlet.java:339)
	at javax.servlet.http.HttpServlet.service(HttpServlet.java:731)
	at org.apache.catalina.core.ApplicationFilterChain.internalDoFilter(ApplicationFilterChain.java:303)
	at org.apache.catalina.core.ApplicationFilterChain.doFilter(ApplicationFilterChain.java:208)
	at org.apache.tomcat.websocket.server.WsFilter.doFilter(WsFilter.java:52)
	at org.apache.catalina.core.ApplicationFilterChain.internalDoFilter(ApplicationFilterChain.java:241)
	at org.apache.catalina.core.ApplicationFilterChain.doFilter(ApplicationFilterChain.java:208)
	at org.apache.catalina.core.StandardWrapperValve.invoke(StandardWrapperValve.java:218)
	at org.apache.catalina.core.StandardContextValve.invoke(StandardContextValve.java:110)
	at org.apache.catalina.authenticator.AuthenticatorBase.invoke(AuthenticatorBase.java:506)
	at org.apache.catalina.core.StandardHostValve.invoke(StandardHostValve.java:169)
	at org.apache.catalina.valves.ErrorReportValve.invoke(ErrorReportValve.java:103)
	at org.apache.catalina.valves.AccessLogValve.invoke(AccessLogValve.java:962)
	at org.apache.catalina.core.StandardEngineValve.invoke(StandardEngineValve.java:116)
	at org.apache.catalina.connector.CoyoteAdapter.service(CoyoteAdapter.java:452)
	at org.apache.coyote.http11.AbstractHttp11Processor.process(AbstractHttp11Processor.java:1087)
	at org.apache.coyote.AbstractProtocol$AbstractConnectionHandler.process(AbstractProtocol.java:637)
	at org.apache.tomcat.util.net.AprEndpoint$SocketProcessor.doRun(AprEndpoint.java:2536)
	at org.apache.tomcat.util.net.AprEndpoint$SocketProcessor.run(AprEndpoint.java:2525)
	at java.util.concurrent.ThreadPoolExecutor.runWorker(ThreadPoolExecutor.java:1142)
	at java.util.concurrent.ThreadPoolExecutor$Worker.run(ThreadPoolExecutor.java:617)
	at org.apache.tomcat.util.threads.TaskThread$WrappingRunnable.run(TaskThread.java:61)
	at java.lang.Thread.run(Thread.java:745)

