mar. 13, 2017 6:54:19 AM org.apache.catalina.core.ApplicationContext log
INFO: Manager: init: Associated with Deployer 'Catalina:type=Deployer,host=localhost'
mar. 13, 2017 6:54:19 AM org.apache.catalina.core.ApplicationContext log
INFO: Manager: init: Global resources are available
mar. 13, 2017 6:54:19 AM org.apache.catalina.core.ApplicationContext log
INFO: Manager: list: Listing contexts for virtual host 'localhost'
mar. 13, 2017 6:54:19 AM org.apache.catalina.core.ApplicationContext log
INFO: Manager: list: Listing contexts for virtual host 'localhost'
mar. 13, 2017 6:54:19 AM org.apache.catalina.core.ApplicationContext log
INFO: Manager: install: Installing context configuration at 'file:/C:/Users/ahmad/AppData/Local/Temp/context5767620742037102835.xml'
mar. 13, 2017 6:54:19 AM org.apache.catalina.core.ApplicationContext log
INFO: Manager: start: Starting web application '/Webserver'
mar. 13, 2017 8:30:05 AM org.apache.catalina.core.ApplicationContext log
INFO: Manager: init: Associated with Deployer 'Catalina:type=Deployer,host=localhost'
mar. 13, 2017 8:30:05 AM org.apache.catalina.core.ApplicationContext log
INFO: Manager: init: Global resources are available
mar. 13, 2017 8:30:05 AM org.apache.catalina.core.ApplicationContext log
INFO: Manager: list: Listing contexts for virtual host 'localhost'
mar. 13, 2017 8:30:05 AM org.apache.catalina.core.ApplicationContext log
INFO: Manager: list: Listing contexts for virtual host 'localhost'
mar. 13, 2017 8:38:22 AM org.apache.catalina.core.ApplicationContext log
INFO: Manager: list: Listing contexts for virtual host 'localhost'
mar. 13, 2017 8:38:30 AM org.apache.catalina.core.ApplicationContext log
INFO: Manager: list: Listing contexts for virtual host 'localhost'
mar. 13, 2017 8:38:30 AM org.apache.catalina.core.ApplicationContext log
INFO: Manager: list: Listing contexts for virtual host 'localhost'
mar. 13, 2017 8:38:34 AM org.apache.catalina.core.ApplicationContext log
INFO: Manager: list: Listing contexts for virtual host 'localhost'
mar. 13, 2017 8:39:49 AM org.apache.catalina.core.ApplicationContext log
INFO: Manager: list: Listing contexts for virtual host 'localhost'
mar. 13, 2017 8:39:49 AM org.apache.catalina.core.ApplicationContext log
INFO: Manager: list: Listing contexts for virtual host 'localhost'
mar. 13, 2017 8:40:06 AM org.apache.catalina.core.ApplicationContext log
INFO: Manager: list: Listing contexts for virtual host 'localhost'
mar. 13, 2017 8:40:06 AM org.apache.catalina.core.ApplicationContext log
INFO: Manager: list: Listing contexts for virtual host 'localhost'
mar. 13, 2017 8:41:58 AM org.apache.catalina.core.ApplicationContext log
INFO: Manager: list: Listing contexts for virtual host 'localhost'
mar. 13, 2017 8:43:09 AM org.apache.catalina.core.ApplicationContext log
INFO: Manager: list: Listing contexts for virtual host 'localhost'
mar. 13, 2017 8:43:21 AM org.apache.catalina.core.ApplicationContext log
INFO: Manager: list: Listing contexts for virtual host 'localhost'
mar. 13, 2017 8:44:33 AM org.apache.catalina.core.ApplicationContext log
INFO: Manager: list: Listing contexts for virtual host 'localhost'
mar. 13, 2017 8:45:11 AM org.apache.catalina.core.ApplicationContext log
INFO: Manager: list: Listing contexts for virtual host 'localhost'
mar. 13, 2017 8:45:18 AM org.apache.catalina.core.ApplicationContext log
INFO: Manager: list: Listing contexts for virtual host 'localhost'
mar. 13, 2017 8:48:16 AM org.apache.catalina.core.ApplicationContext log
INFO: Manager: list: Listing contexts for virtual host 'localhost'
mar. 13, 2017 8:49:00 AM org.apache.catalina.core.ApplicationContext log
INFO: Manager: list: Listing contexts for virtual host 'localhost'
mar. 13, 2017 9:18:51 AM org.apache.catalina.core.ApplicationContext log
INFO: Manager: list: Listing contexts for virtual host 'localhost'
mar. 13, 2017 9:18:51 AM org.apache.catalina.core.ApplicationContext log
INFO: Manager: undeploy: Undeploying web application at '/Webserver'
mar. 13, 2017 9:42:26 AM org.apache.catalina.core.ApplicationContext log
INFO: Manager: list: Listing contexts for virtual host 'localhost'
mar. 13, 2017 9:42:26 AM org.apache.catalina.core.ApplicationContext log
INFO: Manager: list: Listing contexts for virtual host 'localhost'
mar. 13, 2017 9:42:26 AM org.apache.catalina.core.ApplicationContext log
INFO: Manager: install: Installing context configuration at 'file:/C:/Users/ahmad/AppData/Local/Temp/context5825694941409819559.xml'
mar. 13, 2017 9:42:26 AM org.apache.catalina.core.ApplicationContext log
INFO: Manager: start: Starting web application '/Webserver'
