20-Mar-2017 08:20:33.977 INFO [main] org.apache.catalina.startup.VersionLoggerListener.log Server version:        Apache Tomcat/8.5.11
20-Mar-2017 08:20:33.982 INFO [main] org.apache.catalina.startup.VersionLoggerListener.log Server built:          Jan 10 2017 21:02:52 UTC
20-Mar-2017 08:20:33.982 INFO [main] org.apache.catalina.startup.VersionLoggerListener.log Server number:         8.5.11.0
20-Mar-2017 08:20:33.982 INFO [main] org.apache.catalina.startup.VersionLoggerListener.log OS Name:               Windows 10
20-Mar-2017 08:20:33.982 INFO [main] org.apache.catalina.startup.VersionLoggerListener.log OS Version:            10.0
20-Mar-2017 08:20:33.982 INFO [main] org.apache.catalina.startup.VersionLoggerListener.log Architecture:          amd64
20-Mar-2017 08:20:33.982 INFO [main] org.apache.catalina.startup.VersionLoggerListener.log Java Home:             C:\Program Files\Java\jdk1.8.0_121\jre
20-Mar-2017 08:20:33.982 INFO [main] org.apache.catalina.startup.VersionLoggerListener.log JVM Version:           1.8.0_121-b13
20-Mar-2017 08:20:33.982 INFO [main] org.apache.catalina.startup.VersionLoggerListener.log JVM Vendor:            Oracle Corporation
20-Mar-2017 08:20:33.982 INFO [main] org.apache.catalina.startup.VersionLoggerListener.log CATALINA_BASE:         C:\Users\ahmad\Desktop\Opgaver\4 - Semester\Distribuerede systemer\GalgelegForprojekt\GalgelegWeb\apache-tomcat-8.5.11
20-Mar-2017 08:20:33.982 INFO [main] org.apache.catalina.startup.VersionLoggerListener.log CATALINA_HOME:         C:\Users\ahmad\Desktop\Opgaver\4 - Semester\Distribuerede systemer\GalgelegForprojekt\GalgelegWeb\apache-tomcat-8.5.11
20-Mar-2017 08:20:33.982 INFO [main] org.apache.catalina.startup.VersionLoggerListener.log Command line argument: -Djava.util.logging.config.file=C:\Users\ahmad\Desktop\Opgaver\4 - Semester\Distribuerede systemer\GalgelegForprojekt\GalgelegWeb\apache-tomcat-8.5.11\conf\logging.properties
20-Mar-2017 08:20:33.982 INFO [main] org.apache.catalina.startup.VersionLoggerListener.log Command line argument: -Djava.util.logging.manager=org.apache.juli.ClassLoaderLogManager
20-Mar-2017 08:20:33.982 INFO [main] org.apache.catalina.startup.VersionLoggerListener.log Command line argument: -Dhttp.nonProxyHosts=localhost|127.0.0.1|MSI
20-Mar-2017 08:20:33.982 INFO [main] org.apache.catalina.startup.VersionLoggerListener.log Command line argument: -Djdk.tls.ephemeralDHKeySize=2048
20-Mar-2017 08:20:33.982 INFO [main] org.apache.catalina.startup.VersionLoggerListener.log Command line argument: -Djava.protocol.handler.pkgs=org.apache.catalina.webresources
20-Mar-2017 08:20:33.982 INFO [main] org.apache.catalina.startup.VersionLoggerListener.log Command line argument: -Dcatalina.base=C:\Users\ahmad\Desktop\Opgaver\4 - Semester\Distribuerede systemer\GalgelegForprojekt\GalgelegWeb\apache-tomcat-8.5.11
20-Mar-2017 08:20:33.982 INFO [main] org.apache.catalina.startup.VersionLoggerListener.log Command line argument: -Dcatalina.home=C:\Users\ahmad\Desktop\Opgaver\4 - Semester\Distribuerede systemer\GalgelegForprojekt\GalgelegWeb\apache-tomcat-8.5.11
20-Mar-2017 08:20:33.982 INFO [main] org.apache.catalina.startup.VersionLoggerListener.log Command line argument: -Djava.io.tmpdir=C:\Users\ahmad\Desktop\Opgaver\4 - Semester\Distribuerede systemer\GalgelegForprojekt\GalgelegWeb\apache-tomcat-8.5.11\temp
20-Mar-2017 08:20:33.982 INFO [main] org.apache.catalina.core.AprLifecycleListener.lifecycleEvent Loaded APR based Apache Tomcat Native library 1.2.10 using APR version 1.5.2.
20-Mar-2017 08:20:33.982 INFO [main] org.apache.catalina.core.AprLifecycleListener.lifecycleEvent APR capabilities: IPv6 [true], sendfile [true], accept filters [false], random [true].
20-Mar-2017 08:20:33.982 INFO [main] org.apache.catalina.core.AprLifecycleListener.lifecycleEvent APR/OpenSSL configuration: useAprConnector [false], useOpenSSL [true]
20-Mar-2017 08:20:34.663 INFO [main] org.apache.catalina.core.AprLifecycleListener.initializeSSL OpenSSL successfully initialized (OpenSSL 1.0.2j  26 Sep 2016)
20-Mar-2017 08:20:34.853 INFO [main] org.apache.coyote.AbstractProtocol.init Initializing ProtocolHandler ["http-nio-8080"]
20-Mar-2017 08:20:35.008 INFO [main] org.apache.tomcat.util.net.NioSelectorPool.getSharedSelector Using a shared selector for servlet write/read
20-Mar-2017 08:20:35.008 INFO [main] org.apache.coyote.AbstractProtocol.init Initializing ProtocolHandler ["ajp-nio-8009"]
20-Mar-2017 08:20:35.013 INFO [main] org.apache.tomcat.util.net.NioSelectorPool.getSharedSelector Using a shared selector for servlet write/read
20-Mar-2017 08:20:35.013 INFO [main] org.apache.catalina.startup.Catalina.load Initialization processed in 1343 ms
20-Mar-2017 08:20:35.041 INFO [main] org.apache.catalina.core.StandardService.startInternal Starting service Catalina
20-Mar-2017 08:20:35.041 INFO [main] org.apache.catalina.core.StandardEngine.startInternal Starting Servlet Engine: Apache Tomcat/8.5.11
20-Mar-2017 08:20:35.048 INFO [localhost-startStop-1] org.apache.catalina.startup.HostConfig.deployDescriptor Deploying configuration descriptor C:\Users\ahmad\Desktop\Opgaver\4 - Semester\Distribuerede systemer\GalgelegForprojekt\GalgelegWeb\apache-tomcat-8.5.11\conf\Catalina\localhost\GalgelegWeb.xml
20-Mar-2017 08:20:35.364 INFO [localhost-startStop-1] org.apache.jasper.servlet.TldScanner.scanJars At least one JAR was scanned for TLDs yet contained no TLDs. Enable debug logging for this logger for a complete list of JARs that were scanned but no TLDs were found in them. Skipping unneeded JARs during scanning can improve startup time and JSP compilation time.
20-Mar-2017 08:20:35.414 INFO [localhost-startStop-1] org.apache.catalina.startup.HostConfig.deployDescriptor Deployment of configuration descriptor C:\Users\ahmad\Desktop\Opgaver\4 - Semester\Distribuerede systemer\GalgelegForprojekt\GalgelegWeb\apache-tomcat-8.5.11\conf\Catalina\localhost\GalgelegWeb.xml has finished in 366 ms
20-Mar-2017 08:20:35.414 INFO [localhost-startStop-1] org.apache.catalina.startup.HostConfig.deployDirectory Deploying web application directory C:\Users\ahmad\Desktop\Opgaver\4 - Semester\Distribuerede systemer\GalgelegForprojekt\GalgelegWeb\apache-tomcat-8.5.11\webapps\docs
20-Mar-2017 08:20:35.434 INFO [localhost-startStop-1] org.apache.catalina.startup.HostConfig.deployDirectory Deployment of web application directory C:\Users\ahmad\Desktop\Opgaver\4 - Semester\Distribuerede systemer\GalgelegForprojekt\GalgelegWeb\apache-tomcat-8.5.11\webapps\docs has finished in 20 ms
20-Mar-2017 08:20:35.434 INFO [localhost-startStop-1] org.apache.catalina.startup.HostConfig.deployDirectory Deploying web application directory C:\Users\ahmad\Desktop\Opgaver\4 - Semester\Distribuerede systemer\GalgelegForprojekt\GalgelegWeb\apache-tomcat-8.5.11\webapps\examples
20-Mar-2017 08:20:36.184 INFO [localhost-startStop-1] org.apache.catalina.startup.HostConfig.deployDirectory Deployment of web application directory C:\Users\ahmad\Desktop\Opgaver\4 - Semester\Distribuerede systemer\GalgelegForprojekt\GalgelegWeb\apache-tomcat-8.5.11\webapps\examples has finished in 750 ms
20-Mar-2017 08:20:36.184 INFO [localhost-startStop-1] org.apache.catalina.startup.HostConfig.deployDirectory Deploying web application directory C:\Users\ahmad\Desktop\Opgaver\4 - Semester\Distribuerede systemer\GalgelegForprojekt\GalgelegWeb\apache-tomcat-8.5.11\webapps\host-manager
20-Mar-2017 08:20:36.204 INFO [localhost-startStop-1] org.apache.catalina.startup.HostConfig.deployDirectory Deployment of web application directory C:\Users\ahmad\Desktop\Opgaver\4 - Semester\Distribuerede systemer\GalgelegForprojekt\GalgelegWeb\apache-tomcat-8.5.11\webapps\host-manager has finished in 20 ms
20-Mar-2017 08:20:36.204 INFO [localhost-startStop-1] org.apache.catalina.startup.HostConfig.deployDirectory Deploying web application directory C:\Users\ahmad\Desktop\Opgaver\4 - Semester\Distribuerede systemer\GalgelegForprojekt\GalgelegWeb\apache-tomcat-8.5.11\webapps\manager
20-Mar-2017 08:20:36.236 INFO [localhost-startStop-1] org.apache.catalina.startup.HostConfig.deployDirectory Deployment of web application directory C:\Users\ahmad\Desktop\Opgaver\4 - Semester\Distribuerede systemer\GalgelegForprojekt\GalgelegWeb\apache-tomcat-8.5.11\webapps\manager has finished in 32 ms
20-Mar-2017 08:20:36.237 INFO [localhost-startStop-1] org.apache.catalina.startup.HostConfig.deployDirectory Deploying web application directory C:\Users\ahmad\Desktop\Opgaver\4 - Semester\Distribuerede systemer\GalgelegForprojekt\GalgelegWeb\apache-tomcat-8.5.11\webapps\ROOT
20-Mar-2017 08:20:36.259 INFO [localhost-startStop-1] org.apache.catalina.startup.HostConfig.deployDirectory Deployment of web application directory C:\Users\ahmad\Desktop\Opgaver\4 - Semester\Distribuerede systemer\GalgelegForprojekt\GalgelegWeb\apache-tomcat-8.5.11\webapps\ROOT has finished in 22 ms
20-Mar-2017 08:20:36.259 INFO [main] org.apache.coyote.AbstractProtocol.start Starting ProtocolHandler [http-nio-8080]
20-Mar-2017 08:20:36.269 INFO [main] org.apache.coyote.AbstractProtocol.start Starting ProtocolHandler [ajp-nio-8009]
20-Mar-2017 08:20:36.269 INFO [main] org.apache.catalina.startup.Catalina.start Server startup in 1257 ms
20-Mar-2017 08:20:38.657 INFO [http-nio-8080-exec-9] org.apache.catalina.core.StandardContext.reload Reloading Context with name [/GalgelegWeb] has started
20-Mar-2017 08:20:38.709 INFO [http-nio-8080-exec-9] org.apache.catalina.core.StandardContext.reload Reloading Context with name [/GalgelegWeb] is completed
20-Mar-2017 08:34:16.984 INFO [main] org.apache.catalina.core.StandardServer.await A valid shutdown command was received via the shutdown port. Stopping the Server instance.
20-Mar-2017 08:34:16.984 INFO [main] org.apache.coyote.AbstractProtocol.pause Pausing ProtocolHandler ["http-nio-8080"]
20-Mar-2017 08:34:17.175 INFO [main] org.apache.coyote.AbstractProtocol.pause Pausing ProtocolHandler ["ajp-nio-8009"]
20-Mar-2017 08:34:17.310 INFO [main] org.apache.catalina.core.StandardService.stopInternal Stopping service Catalina
20-Mar-2017 08:34:17.331 INFO [main] org.apache.coyote.AbstractProtocol.stop Stopping ProtocolHandler ["http-nio-8080"]
20-Mar-2017 08:34:17.332 INFO [main] org.apache.coyote.AbstractProtocol.stop Stopping ProtocolHandler ["ajp-nio-8009"]
20-Mar-2017 08:34:17.333 INFO [main] org.apache.coyote.AbstractProtocol.destroy Destroying ProtocolHandler ["http-nio-8080"]
20-Mar-2017 08:34:17.334 INFO [main] org.apache.coyote.AbstractProtocol.destroy Destroying ProtocolHandler ["ajp-nio-8009"]
20-Mar-2017 08:36:32.891 INFO [main] org.apache.catalina.startup.VersionLoggerListener.log Server version:        Apache Tomcat/8.5.11
20-Mar-2017 08:36:32.896 INFO [main] org.apache.catalina.startup.VersionLoggerListener.log Server built:          Jan 10 2017 21:02:52 UTC
20-Mar-2017 08:36:32.896 INFO [main] org.apache.catalina.startup.VersionLoggerListener.log Server number:         8.5.11.0
20-Mar-2017 08:36:32.896 INFO [main] org.apache.catalina.startup.VersionLoggerListener.log OS Name:               Windows 10
20-Mar-2017 08:36:32.896 INFO [main] org.apache.catalina.startup.VersionLoggerListener.log OS Version:            10.0
20-Mar-2017 08:36:32.896 INFO [main] org.apache.catalina.startup.VersionLoggerListener.log Architecture:          amd64
20-Mar-2017 08:36:32.896 INFO [main] org.apache.catalina.startup.VersionLoggerListener.log Java Home:             C:\Program Files\Java\jdk1.8.0_121\jre
20-Mar-2017 08:36:32.896 INFO [main] org.apache.catalina.startup.VersionLoggerListener.log JVM Version:           1.8.0_121-b13
20-Mar-2017 08:36:32.896 INFO [main] org.apache.catalina.startup.VersionLoggerListener.log JVM Vendor:            Oracle Corporation
20-Mar-2017 08:36:32.896 INFO [main] org.apache.catalina.startup.VersionLoggerListener.log CATALINA_BASE:         C:\Users\ahmad\Desktop\Opgaver\4 - Semester\Distribuerede systemer\GalgelegForprojekt\GalgelegWeb\apache-tomcat-8.5.11
20-Mar-2017 08:36:32.896 INFO [main] org.apache.catalina.startup.VersionLoggerListener.log CATALINA_HOME:         C:\Users\ahmad\Desktop\Opgaver\4 - Semester\Distribuerede systemer\GalgelegForprojekt\GalgelegWeb\apache-tomcat-8.5.11
20-Mar-2017 08:36:32.896 INFO [main] org.apache.catalina.startup.VersionLoggerListener.log Command line argument: -Djava.util.logging.config.file=C:\Users\ahmad\Desktop\Opgaver\4 - Semester\Distribuerede systemer\GalgelegForprojekt\GalgelegWeb\apache-tomcat-8.5.11\conf\logging.properties
20-Mar-2017 08:36:32.896 INFO [main] org.apache.catalina.startup.VersionLoggerListener.log Command line argument: -Djava.util.logging.manager=org.apache.juli.ClassLoaderLogManager
20-Mar-2017 08:36:32.896 INFO [main] org.apache.catalina.startup.VersionLoggerListener.log Command line argument: -Dhttp.nonProxyHosts=localhost|127.0.0.1|MSI
20-Mar-2017 08:36:32.896 INFO [main] org.apache.catalina.startup.VersionLoggerListener.log Command line argument: -Djdk.tls.ephemeralDHKeySize=2048
20-Mar-2017 08:36:32.896 INFO [main] org.apache.catalina.startup.VersionLoggerListener.log Command line argument: -Djava.protocol.handler.pkgs=org.apache.catalina.webresources
20-Mar-2017 08:36:32.896 INFO [main] org.apache.catalina.startup.VersionLoggerListener.log Command line argument: -Dcatalina.base=C:\Users\ahmad\Desktop\Opgaver\4 - Semester\Distribuerede systemer\GalgelegForprojekt\GalgelegWeb\apache-tomcat-8.5.11
20-Mar-2017 08:36:32.896 INFO [main] org.apache.catalina.startup.VersionLoggerListener.log Command line argument: -Dcatalina.home=C:\Users\ahmad\Desktop\Opgaver\4 - Semester\Distribuerede systemer\GalgelegForprojekt\GalgelegWeb\apache-tomcat-8.5.11
20-Mar-2017 08:36:32.896 INFO [main] org.apache.catalina.startup.VersionLoggerListener.log Command line argument: -Djava.io.tmpdir=C:\Users\ahmad\Desktop\Opgaver\4 - Semester\Distribuerede systemer\GalgelegForprojekt\GalgelegWeb\apache-tomcat-8.5.11\temp
20-Mar-2017 08:36:32.896 INFO [main] org.apache.catalina.core.AprLifecycleListener.lifecycleEvent Loaded APR based Apache Tomcat Native library 1.2.10 using APR version 1.5.2.
20-Mar-2017 08:36:32.896 INFO [main] org.apache.catalina.core.AprLifecycleListener.lifecycleEvent APR capabilities: IPv6 [true], sendfile [true], accept filters [false], random [true].
20-Mar-2017 08:36:32.896 INFO [main] org.apache.catalina.core.AprLifecycleListener.lifecycleEvent APR/OpenSSL configuration: useAprConnector [false], useOpenSSL [true]
20-Mar-2017 08:36:33.407 INFO [main] org.apache.catalina.core.AprLifecycleListener.initializeSSL OpenSSL successfully initialized (OpenSSL 1.0.2j  26 Sep 2016)
20-Mar-2017 08:36:33.502 INFO [main] org.apache.coyote.AbstractProtocol.init Initializing ProtocolHandler ["http-nio-8080"]
20-Mar-2017 08:36:33.658 INFO [main] org.apache.tomcat.util.net.NioSelectorPool.getSharedSelector Using a shared selector for servlet write/read
20-Mar-2017 08:36:33.658 INFO [main] org.apache.coyote.AbstractProtocol.init Initializing ProtocolHandler ["ajp-nio-8009"]
20-Mar-2017 08:36:33.658 INFO [main] org.apache.tomcat.util.net.NioSelectorPool.getSharedSelector Using a shared selector for servlet write/read
20-Mar-2017 08:36:33.658 INFO [main] org.apache.catalina.startup.Catalina.load Initialization processed in 1095 ms
20-Mar-2017 08:36:33.678 INFO [main] org.apache.catalina.core.StandardService.startInternal Starting service Catalina
20-Mar-2017 08:36:33.678 INFO [main] org.apache.catalina.core.StandardEngine.startInternal Starting Servlet Engine: Apache Tomcat/8.5.11
20-Mar-2017 08:36:33.688 INFO [localhost-startStop-1] org.apache.catalina.startup.HostConfig.deployDescriptor Deploying configuration descriptor C:\Users\ahmad\Desktop\Opgaver\4 - Semester\Distribuerede systemer\GalgelegForprojekt\GalgelegWeb\apache-tomcat-8.5.11\conf\Catalina\localhost\GalgelegWeb.xml
20-Mar-2017 08:36:33.938 INFO [localhost-startStop-1] org.apache.jasper.servlet.TldScanner.scanJars At least one JAR was scanned for TLDs yet contained no TLDs. Enable debug logging for this logger for a complete list of JARs that were scanned but no TLDs were found in them. Skipping unneeded JARs during scanning can improve startup time and JSP compilation time.
20-Mar-2017 08:36:33.963 INFO [localhost-startStop-1] org.apache.catalina.startup.HostConfig.deployDescriptor Deployment of configuration descriptor C:\Users\ahmad\Desktop\Opgaver\4 - Semester\Distribuerede systemer\GalgelegForprojekt\GalgelegWeb\apache-tomcat-8.5.11\conf\Catalina\localhost\GalgelegWeb.xml has finished in 275 ms
20-Mar-2017 08:36:33.963 INFO [localhost-startStop-1] org.apache.catalina.startup.HostConfig.deployDirectory Deploying web application directory C:\Users\ahmad\Desktop\Opgaver\4 - Semester\Distribuerede systemer\GalgelegForprojekt\GalgelegWeb\apache-tomcat-8.5.11\webapps\docs
20-Mar-2017 08:36:33.978 INFO [localhost-startStop-1] org.apache.catalina.startup.HostConfig.deployDirectory Deployment of web application directory C:\Users\ahmad\Desktop\Opgaver\4 - Semester\Distribuerede systemer\GalgelegForprojekt\GalgelegWeb\apache-tomcat-8.5.11\webapps\docs has finished in 15 ms
20-Mar-2017 08:36:33.978 INFO [localhost-startStop-1] org.apache.catalina.startup.HostConfig.deployDirectory Deploying web application directory C:\Users\ahmad\Desktop\Opgaver\4 - Semester\Distribuerede systemer\GalgelegForprojekt\GalgelegWeb\apache-tomcat-8.5.11\webapps\examples
20-Mar-2017 08:36:34.210 INFO [localhost-startStop-1] org.apache.catalina.startup.HostConfig.deployDirectory Deployment of web application directory C:\Users\ahmad\Desktop\Opgaver\4 - Semester\Distribuerede systemer\GalgelegForprojekt\GalgelegWeb\apache-tomcat-8.5.11\webapps\examples has finished in 232 ms
20-Mar-2017 08:36:34.210 INFO [localhost-startStop-1] org.apache.catalina.startup.HostConfig.deployDirectory Deploying web application directory C:\Users\ahmad\Desktop\Opgaver\4 - Semester\Distribuerede systemer\GalgelegForprojekt\GalgelegWeb\apache-tomcat-8.5.11\webapps\host-manager
20-Mar-2017 08:36:34.228 INFO [localhost-startStop-1] org.apache.catalina.startup.HostConfig.deployDirectory Deployment of web application directory C:\Users\ahmad\Desktop\Opgaver\4 - Semester\Distribuerede systemer\GalgelegForprojekt\GalgelegWeb\apache-tomcat-8.5.11\webapps\host-manager has finished in 18 ms
20-Mar-2017 08:36:34.228 INFO [localhost-startStop-1] org.apache.catalina.startup.HostConfig.deployDirectory Deploying web application directory C:\Users\ahmad\Desktop\Opgaver\4 - Semester\Distribuerede systemer\GalgelegForprojekt\GalgelegWeb\apache-tomcat-8.5.11\webapps\manager
20-Mar-2017 08:36:34.248 INFO [localhost-startStop-1] org.apache.catalina.startup.HostConfig.deployDirectory Deployment of web application directory C:\Users\ahmad\Desktop\Opgaver\4 - Semester\Distribuerede systemer\GalgelegForprojekt\GalgelegWeb\apache-tomcat-8.5.11\webapps\manager has finished in 20 ms
20-Mar-2017 08:36:34.248 INFO [localhost-startStop-1] org.apache.catalina.startup.HostConfig.deployDirectory Deploying web application directory C:\Users\ahmad\Desktop\Opgaver\4 - Semester\Distribuerede systemer\GalgelegForprojekt\GalgelegWeb\apache-tomcat-8.5.11\webapps\ROOT
20-Mar-2017 08:36:34.263 INFO [localhost-startStop-1] org.apache.catalina.startup.HostConfig.deployDirectory Deployment of web application directory C:\Users\ahmad\Desktop\Opgaver\4 - Semester\Distribuerede systemer\GalgelegForprojekt\GalgelegWeb\apache-tomcat-8.5.11\webapps\ROOT has finished in 15 ms
20-Mar-2017 08:36:34.268 INFO [main] org.apache.coyote.AbstractProtocol.start Starting ProtocolHandler [http-nio-8080]
20-Mar-2017 08:36:34.273 INFO [main] org.apache.coyote.AbstractProtocol.start Starting ProtocolHandler [ajp-nio-8009]
20-Mar-2017 08:36:34.273 INFO [main] org.apache.catalina.startup.Catalina.start Server startup in 613 ms
20-Mar-2017 08:46:44.779 INFO [http-nio-8080-exec-8] org.apache.catalina.core.StandardContext.reload Reloading Context with name [/GalgelegWeb] has started
20-Mar-2017 08:46:44.888 INFO [http-nio-8080-exec-8] org.apache.catalina.core.StandardContext.reload Reloading Context with name [/GalgelegWeb] is completed
20-Mar-2017 08:47:16.546 INFO [http-nio-8080-exec-10] org.apache.catalina.core.StandardContext.reload Reloading Context with name [/GalgelegWeb] has started
20-Mar-2017 08:47:16.667 INFO [http-nio-8080-exec-10] org.apache.catalina.core.StandardContext.reload Reloading Context with name [/GalgelegWeb] is completed
20-Mar-2017 08:47:46.830 INFO [http-nio-8080-exec-11] org.apache.catalina.core.StandardContext.reload Reloading Context with name [/GalgelegWeb] has started
20-Mar-2017 08:47:46.965 INFO [http-nio-8080-exec-11] org.apache.catalina.core.StandardContext.reload Reloading Context with name [/GalgelegWeb] is completed
20-Mar-2017 08:48:03.253 INFO [http-nio-8080-exec-3] org.apache.catalina.core.StandardContext.reload Reloading Context with name [/GalgelegWeb] has started
20-Mar-2017 08:48:03.353 INFO [http-nio-8080-exec-3] org.apache.catalina.core.StandardContext.reload Reloading Context with name [/GalgelegWeb] is completed
20-Mar-2017 08:50:01.618 INFO [http-nio-8080-exec-16] org.apache.catalina.core.StandardContext.reload Reloading Context with name [/GalgelegWeb] has started
20-Mar-2017 08:50:01.721 INFO [http-nio-8080-exec-16] org.apache.catalina.core.StandardContext.reload Reloading Context with name [/GalgelegWeb] is completed
20-Mar-2017 08:50:31.669 INFO [http-nio-8080-exec-2] org.apache.catalina.core.StandardContext.reload Reloading Context with name [/GalgelegWeb] has started
20-Mar-2017 08:50:31.761 INFO [http-nio-8080-exec-2] org.apache.catalina.core.StandardContext.reload Reloading Context with name [/GalgelegWeb] is completed
20-Mar-2017 08:50:36.482 INFO [http-nio-8080-exec-17] org.apache.catalina.core.StandardContext.reload Reloading Context with name [/GalgelegWeb] has started
20-Mar-2017 08:50:36.584 INFO [http-nio-8080-exec-17] org.apache.catalina.core.StandardContext.reload Reloading Context with name [/GalgelegWeb] is completed
20-Mar-2017 08:50:44.965 INFO [http-nio-8080-exec-21] org.apache.catalina.core.StandardContext.reload Reloading Context with name [/GalgelegWeb] has started
20-Mar-2017 08:50:45.059 INFO [http-nio-8080-exec-21] org.apache.catalina.core.StandardContext.reload Reloading Context with name [/GalgelegWeb] is completed
20-Mar-2017 09:09:30.390 INFO [main] org.apache.catalina.core.StandardServer.await A valid shutdown command was received via the shutdown port. Stopping the Server instance.
20-Mar-2017 09:09:30.390 INFO [main] org.apache.coyote.AbstractProtocol.pause Pausing ProtocolHandler ["http-nio-8080"]
20-Mar-2017 09:09:30.539 INFO [main] org.apache.coyote.AbstractProtocol.pause Pausing ProtocolHandler ["ajp-nio-8009"]
20-Mar-2017 09:09:30.712 INFO [main] org.apache.catalina.core.StandardService.stopInternal Stopping service Catalina
20-Mar-2017 09:09:30.742 INFO [main] org.apache.coyote.AbstractProtocol.stop Stopping ProtocolHandler ["http-nio-8080"]
20-Mar-2017 09:09:30.744 INFO [main] org.apache.coyote.AbstractProtocol.stop Stopping ProtocolHandler ["ajp-nio-8009"]
20-Mar-2017 09:09:30.745 INFO [main] org.apache.coyote.AbstractProtocol.destroy Destroying ProtocolHandler ["http-nio-8080"]
20-Mar-2017 09:09:30.747 INFO [main] org.apache.coyote.AbstractProtocol.destroy Destroying ProtocolHandler ["ajp-nio-8009"]
20-Mar-2017 09:09:38.134 INFO [main] org.apache.catalina.startup.VersionLoggerListener.log Server version:        Apache Tomcat/8.5.11
20-Mar-2017 09:09:38.136 INFO [main] org.apache.catalina.startup.VersionLoggerListener.log Server built:          Jan 10 2017 21:02:52 UTC
20-Mar-2017 09:09:38.136 INFO [main] org.apache.catalina.startup.VersionLoggerListener.log Server number:         8.5.11.0
20-Mar-2017 09:09:38.136 INFO [main] org.apache.catalina.startup.VersionLoggerListener.log OS Name:               Windows 10
20-Mar-2017 09:09:38.136 INFO [main] org.apache.catalina.startup.VersionLoggerListener.log OS Version:            10.0
20-Mar-2017 09:09:38.137 INFO [main] org.apache.catalina.startup.VersionLoggerListener.log Architecture:          amd64
20-Mar-2017 09:09:38.137 INFO [main] org.apache.catalina.startup.VersionLoggerListener.log Java Home:             C:\Program Files\Java\jdk1.8.0_121\jre
20-Mar-2017 09:09:38.137 INFO [main] org.apache.catalina.startup.VersionLoggerListener.log JVM Version:           1.8.0_121-b13
20-Mar-2017 09:09:38.137 INFO [main] org.apache.catalina.startup.VersionLoggerListener.log JVM Vendor:            Oracle Corporation
20-Mar-2017 09:09:38.137 INFO [main] org.apache.catalina.startup.VersionLoggerListener.log CATALINA_BASE:         C:\Users\ahmad\Desktop\Opgaver\4 - Semester\Distribuerede systemer\GalgelegForprojekt\GalgelegWeb\apache-tomcat-8.5.11
20-Mar-2017 09:09:38.137 INFO [main] org.apache.catalina.startup.VersionLoggerListener.log CATALINA_HOME:         C:\Users\ahmad\Desktop\Opgaver\4 - Semester\Distribuerede systemer\GalgelegForprojekt\GalgelegWeb\apache-tomcat-8.5.11
20-Mar-2017 09:09:38.137 INFO [main] org.apache.catalina.startup.VersionLoggerListener.log Command line argument: -Djava.util.logging.config.file=C:\Users\ahmad\Desktop\Opgaver\4 - Semester\Distribuerede systemer\GalgelegForprojekt\GalgelegWeb\apache-tomcat-8.5.11\conf\logging.properties
20-Mar-2017 09:09:38.137 INFO [main] org.apache.catalina.startup.VersionLoggerListener.log Command line argument: -Djava.util.logging.manager=org.apache.juli.ClassLoaderLogManager
20-Mar-2017 09:09:38.137 INFO [main] org.apache.catalina.startup.VersionLoggerListener.log Command line argument: -Dhttp.nonProxyHosts=localhost|127.0.0.1|MSI
20-Mar-2017 09:09:38.137 INFO [main] org.apache.catalina.startup.VersionLoggerListener.log Command line argument: -Djdk.tls.ephemeralDHKeySize=2048
20-Mar-2017 09:09:38.137 INFO [main] org.apache.catalina.startup.VersionLoggerListener.log Command line argument: -Djava.protocol.handler.pkgs=org.apache.catalina.webresources
20-Mar-2017 09:09:38.138 INFO [main] org.apache.catalina.startup.VersionLoggerListener.log Command line argument: -Dcatalina.base=C:\Users\ahmad\Desktop\Opgaver\4 - Semester\Distribuerede systemer\GalgelegForprojekt\GalgelegWeb\apache-tomcat-8.5.11
20-Mar-2017 09:09:38.138 INFO [main] org.apache.catalina.startup.VersionLoggerListener.log Command line argument: -Dcatalina.home=C:\Users\ahmad\Desktop\Opgaver\4 - Semester\Distribuerede systemer\GalgelegForprojekt\GalgelegWeb\apache-tomcat-8.5.11
20-Mar-2017 09:09:38.138 INFO [main] org.apache.catalina.startup.VersionLoggerListener.log Command line argument: -Djava.io.tmpdir=C:\Users\ahmad\Desktop\Opgaver\4 - Semester\Distribuerede systemer\GalgelegForprojekt\GalgelegWeb\apache-tomcat-8.5.11\temp
20-Mar-2017 09:09:38.138 INFO [main] org.apache.catalina.core.AprLifecycleListener.lifecycleEvent Loaded APR based Apache Tomcat Native library 1.2.10 using APR version 1.5.2.
20-Mar-2017 09:09:38.138 INFO [main] org.apache.catalina.core.AprLifecycleListener.lifecycleEvent APR capabilities: IPv6 [true], sendfile [true], accept filters [false], random [true].
20-Mar-2017 09:09:38.138 INFO [main] org.apache.catalina.core.AprLifecycleListener.lifecycleEvent APR/OpenSSL configuration: useAprConnector [false], useOpenSSL [true]
20-Mar-2017 09:09:38.685 INFO [main] org.apache.catalina.core.AprLifecycleListener.initializeSSL OpenSSL successfully initialized (OpenSSL 1.0.2j  26 Sep 2016)
20-Mar-2017 09:09:38.784 INFO [main] org.apache.coyote.AbstractProtocol.init Initializing ProtocolHandler ["http-nio-8080"]
20-Mar-2017 09:09:38.929 INFO [main] org.apache.tomcat.util.net.NioSelectorPool.getSharedSelector Using a shared selector for servlet write/read
20-Mar-2017 09:09:38.931 INFO [main] org.apache.coyote.AbstractProtocol.init Initializing ProtocolHandler ["ajp-nio-8009"]
20-Mar-2017 09:09:38.933 INFO [main] org.apache.tomcat.util.net.NioSelectorPool.getSharedSelector Using a shared selector for servlet write/read
20-Mar-2017 09:09:38.933 INFO [main] org.apache.catalina.startup.Catalina.load Initialization processed in 1136 ms
20-Mar-2017 09:09:38.957 INFO [main] org.apache.catalina.core.StandardService.startInternal Starting service Catalina
20-Mar-2017 09:09:38.957 INFO [main] org.apache.catalina.core.StandardEngine.startInternal Starting Servlet Engine: Apache Tomcat/8.5.11
20-Mar-2017 09:09:38.964 INFO [localhost-startStop-1] org.apache.catalina.startup.HostConfig.deployDescriptor Deploying configuration descriptor C:\Users\ahmad\Desktop\Opgaver\4 - Semester\Distribuerede systemer\GalgelegForprojekt\GalgelegWeb\apache-tomcat-8.5.11\conf\Catalina\localhost\GalgelegWeb.xml
20-Mar-2017 09:09:39.208 INFO [localhost-startStop-1] org.apache.jasper.servlet.TldScanner.scanJars At least one JAR was scanned for TLDs yet contained no TLDs. Enable debug logging for this logger for a complete list of JARs that were scanned but no TLDs were found in them. Skipping unneeded JARs during scanning can improve startup time and JSP compilation time.
20-Mar-2017 09:09:39.252 INFO [localhost-startStop-1] org.apache.catalina.startup.HostConfig.deployDescriptor Deployment of configuration descriptor C:\Users\ahmad\Desktop\Opgaver\4 - Semester\Distribuerede systemer\GalgelegForprojekt\GalgelegWeb\apache-tomcat-8.5.11\conf\Catalina\localhost\GalgelegWeb.xml has finished in 288 ms
20-Mar-2017 09:09:39.253 INFO [localhost-startStop-1] org.apache.catalina.startup.HostConfig.deployDirectory Deploying web application directory C:\Users\ahmad\Desktop\Opgaver\4 - Semester\Distribuerede systemer\GalgelegForprojekt\GalgelegWeb\apache-tomcat-8.5.11\webapps\docs
20-Mar-2017 09:09:39.274 INFO [localhost-startStop-1] org.apache.catalina.startup.HostConfig.deployDirectory Deployment of web application directory C:\Users\ahmad\Desktop\Opgaver\4 - Semester\Distribuerede systemer\GalgelegForprojekt\GalgelegWeb\apache-tomcat-8.5.11\webapps\docs has finished in 21 ms
20-Mar-2017 09:09:39.274 INFO [localhost-startStop-1] org.apache.catalina.startup.HostConfig.deployDirectory Deploying web application directory C:\Users\ahmad\Desktop\Opgaver\4 - Semester\Distribuerede systemer\GalgelegForprojekt\GalgelegWeb\apache-tomcat-8.5.11\webapps\examples
20-Mar-2017 09:09:39.520 INFO [localhost-startStop-1] org.apache.catalina.startup.HostConfig.deployDirectory Deployment of web application directory C:\Users\ahmad\Desktop\Opgaver\4 - Semester\Distribuerede systemer\GalgelegForprojekt\GalgelegWeb\apache-tomcat-8.5.11\webapps\examples has finished in 246 ms
20-Mar-2017 09:09:39.521 INFO [localhost-startStop-1] org.apache.catalina.startup.HostConfig.deployDirectory Deploying web application directory C:\Users\ahmad\Desktop\Opgaver\4 - Semester\Distribuerede systemer\GalgelegForprojekt\GalgelegWeb\apache-tomcat-8.5.11\webapps\host-manager
20-Mar-2017 09:09:39.540 INFO [localhost-startStop-1] org.apache.catalina.startup.HostConfig.deployDirectory Deployment of web application directory C:\Users\ahmad\Desktop\Opgaver\4 - Semester\Distribuerede systemer\GalgelegForprojekt\GalgelegWeb\apache-tomcat-8.5.11\webapps\host-manager has finished in 19 ms
20-Mar-2017 09:09:39.541 INFO [localhost-startStop-1] org.apache.catalina.startup.HostConfig.deployDirectory Deploying web application directory C:\Users\ahmad\Desktop\Opgaver\4 - Semester\Distribuerede systemer\GalgelegForprojekt\GalgelegWeb\apache-tomcat-8.5.11\webapps\manager
20-Mar-2017 09:09:39.559 INFO [localhost-startStop-1] org.apache.catalina.startup.HostConfig.deployDirectory Deployment of web application directory C:\Users\ahmad\Desktop\Opgaver\4 - Semester\Distribuerede systemer\GalgelegForprojekt\GalgelegWeb\apache-tomcat-8.5.11\webapps\manager has finished in 18 ms
20-Mar-2017 09:09:39.559 INFO [localhost-startStop-1] org.apache.catalina.startup.HostConfig.deployDirectory Deploying web application directory C:\Users\ahmad\Desktop\Opgaver\4 - Semester\Distribuerede systemer\GalgelegForprojekt\GalgelegWeb\apache-tomcat-8.5.11\webapps\ROOT
20-Mar-2017 09:09:39.579 INFO [localhost-startStop-1] org.apache.catalina.startup.HostConfig.deployDirectory Deployment of web application directory C:\Users\ahmad\Desktop\Opgaver\4 - Semester\Distribuerede systemer\GalgelegForprojekt\GalgelegWeb\apache-tomcat-8.5.11\webapps\ROOT has finished in 20 ms
20-Mar-2017 09:09:39.581 INFO [main] org.apache.coyote.AbstractProtocol.start Starting ProtocolHandler [http-nio-8080]
20-Mar-2017 09:09:39.587 INFO [main] org.apache.coyote.AbstractProtocol.start Starting ProtocolHandler [ajp-nio-8009]
20-Mar-2017 09:09:39.588 INFO [main] org.apache.catalina.startup.Catalina.start Server startup in 654 ms
20-Mar-2017 09:09:40.193 INFO [http-nio-8080-exec-5] org.apache.catalina.core.StandardContext.reload Reloading Context with name [/GalgelegWeb] has started
20-Mar-2017 09:09:40.244 INFO [http-nio-8080-exec-5] org.apache.catalina.core.StandardContext.reload Reloading Context with name [/GalgelegWeb] is completed
20-Mar-2017 09:26:08.122 INFO [http-nio-8080-exec-19] org.apache.catalina.core.StandardContext.reload Reloading Context with name [/GalgelegWeb] has started
20-Mar-2017 09:26:08.179 INFO [http-nio-8080-exec-19] org.apache.catalina.core.StandardContext.reload Reloading Context with name [/GalgelegWeb] is completed
20-Mar-2017 09:26:23.347 INFO [http-nio-8080-exec-11] org.apache.catalina.core.StandardContext.reload Reloading Context with name [/GalgelegWeb] has started
20-Mar-2017 09:26:23.406 INFO [http-nio-8080-exec-11] org.apache.catalina.core.StandardContext.reload Reloading Context with name [/GalgelegWeb] is completed
20-Mar-2017 09:30:49.986 INFO [http-nio-8080-exec-25] org.apache.catalina.core.StandardContext.reload Reloading Context with name [/GalgelegWeb] has started
20-Mar-2017 09:30:50.061 INFO [http-nio-8080-exec-25] org.apache.catalina.core.StandardContext.reload Reloading Context with name [/GalgelegWeb] is completed
20-Mar-2017 09:30:53.609 INFO [main] org.apache.catalina.core.StandardServer.await A valid shutdown command was received via the shutdown port. Stopping the Server instance.
20-Mar-2017 09:30:53.610 INFO [main] org.apache.coyote.AbstractProtocol.pause Pausing ProtocolHandler ["http-nio-8080"]
20-Mar-2017 09:30:53.759 INFO [main] org.apache.coyote.AbstractProtocol.pause Pausing ProtocolHandler ["ajp-nio-8009"]
20-Mar-2017 09:30:53.895 INFO [main] org.apache.catalina.core.StandardService.stopInternal Stopping service Catalina
20-Mar-2017 09:30:53.931 INFO [main] org.apache.coyote.AbstractProtocol.stop Stopping ProtocolHandler ["http-nio-8080"]
20-Mar-2017 09:30:53.936 INFO [main] org.apache.coyote.AbstractProtocol.stop Stopping ProtocolHandler ["ajp-nio-8009"]
20-Mar-2017 09:30:53.937 INFO [main] org.apache.coyote.AbstractProtocol.destroy Destroying ProtocolHandler ["http-nio-8080"]
20-Mar-2017 09:30:53.939 INFO [main] org.apache.coyote.AbstractProtocol.destroy Destroying ProtocolHandler ["ajp-nio-8009"]
20-Mar-2017 09:38:12.329 INFO [main] org.apache.catalina.startup.VersionLoggerListener.log Server version:        Apache Tomcat/8.5.11
20-Mar-2017 09:38:12.334 INFO [main] org.apache.catalina.startup.VersionLoggerListener.log Server built:          Jan 10 2017 21:02:52 UTC
20-Mar-2017 09:38:12.334 INFO [main] org.apache.catalina.startup.VersionLoggerListener.log Server number:         8.5.11.0
20-Mar-2017 09:38:12.334 INFO [main] org.apache.catalina.startup.VersionLoggerListener.log OS Name:               Windows 10
20-Mar-2017 09:38:12.334 INFO [main] org.apache.catalina.startup.VersionLoggerListener.log OS Version:            10.0
20-Mar-2017 09:38:12.334 INFO [main] org.apache.catalina.startup.VersionLoggerListener.log Architecture:          amd64
20-Mar-2017 09:38:12.334 INFO [main] org.apache.catalina.startup.VersionLoggerListener.log Java Home:             C:\Program Files\Java\jdk1.8.0_121\jre
20-Mar-2017 09:38:12.334 INFO [main] org.apache.catalina.startup.VersionLoggerListener.log JVM Version:           1.8.0_121-b13
20-Mar-2017 09:38:12.334 INFO [main] org.apache.catalina.startup.VersionLoggerListener.log JVM Vendor:            Oracle Corporation
20-Mar-2017 09:38:12.334 INFO [main] org.apache.catalina.startup.VersionLoggerListener.log CATALINA_BASE:         C:\Users\ahmad\Desktop\Opgaver\4 - Semester\Distribuerede systemer\GalgelegForprojekt\GalgelegWeb\apache-tomcat-8.5.11
20-Mar-2017 09:38:12.334 INFO [main] org.apache.catalina.startup.VersionLoggerListener.log CATALINA_HOME:         C:\Users\ahmad\Desktop\Opgaver\4 - Semester\Distribuerede systemer\GalgelegForprojekt\GalgelegWeb\apache-tomcat-8.5.11
20-Mar-2017 09:38:12.334 INFO [main] org.apache.catalina.startup.VersionLoggerListener.log Command line argument: -Djava.util.logging.config.file=C:\Users\ahmad\Desktop\Opgaver\4 - Semester\Distribuerede systemer\GalgelegForprojekt\GalgelegWeb\apache-tomcat-8.5.11\conf\logging.properties
20-Mar-2017 09:38:12.334 INFO [main] org.apache.catalina.startup.VersionLoggerListener.log Command line argument: -Djava.util.logging.manager=org.apache.juli.ClassLoaderLogManager
20-Mar-2017 09:38:12.334 INFO [main] org.apache.catalina.startup.VersionLoggerListener.log Command line argument: -Dhttp.nonProxyHosts=localhost|127.0.0.1|MSI
20-Mar-2017 09:38:12.334 INFO [main] org.apache.catalina.startup.VersionLoggerListener.log Command line argument: -Djdk.tls.ephemeralDHKeySize=2048
20-Mar-2017 09:38:12.334 INFO [main] org.apache.catalina.startup.VersionLoggerListener.log Command line argument: -Djava.protocol.handler.pkgs=org.apache.catalina.webresources
20-Mar-2017 09:38:12.334 INFO [main] org.apache.catalina.startup.VersionLoggerListener.log Command line argument: -Dcatalina.base=C:\Users\ahmad\Desktop\Opgaver\4 - Semester\Distribuerede systemer\GalgelegForprojekt\GalgelegWeb\apache-tomcat-8.5.11
20-Mar-2017 09:38:12.334 INFO [main] org.apache.catalina.startup.VersionLoggerListener.log Command line argument: -Dcatalina.home=C:\Users\ahmad\Desktop\Opgaver\4 - Semester\Distribuerede systemer\GalgelegForprojekt\GalgelegWeb\apache-tomcat-8.5.11
20-Mar-2017 09:38:12.334 INFO [main] org.apache.catalina.startup.VersionLoggerListener.log Command line argument: -Djava.io.tmpdir=C:\Users\ahmad\Desktop\Opgaver\4 - Semester\Distribuerede systemer\GalgelegForprojekt\GalgelegWeb\apache-tomcat-8.5.11\temp
20-Mar-2017 09:38:12.334 INFO [main] org.apache.catalina.core.AprLifecycleListener.lifecycleEvent Loaded APR based Apache Tomcat Native library 1.2.10 using APR version 1.5.2.
20-Mar-2017 09:38:12.334 INFO [main] org.apache.catalina.core.AprLifecycleListener.lifecycleEvent APR capabilities: IPv6 [true], sendfile [true], accept filters [false], random [true].
20-Mar-2017 09:38:12.334 INFO [main] org.apache.catalina.core.AprLifecycleListener.lifecycleEvent APR/OpenSSL configuration: useAprConnector [false], useOpenSSL [true]
20-Mar-2017 09:38:12.840 INFO [main] org.apache.catalina.core.AprLifecycleListener.initializeSSL OpenSSL successfully initialized (OpenSSL 1.0.2j  26 Sep 2016)
20-Mar-2017 09:38:12.945 INFO [main] org.apache.coyote.AbstractProtocol.init Initializing ProtocolHandler ["http-nio-8080"]
20-Mar-2017 09:38:13.090 INFO [main] org.apache.tomcat.util.net.NioSelectorPool.getSharedSelector Using a shared selector for servlet write/read
20-Mar-2017 09:38:13.090 INFO [main] org.apache.coyote.AbstractProtocol.init Initializing ProtocolHandler ["ajp-nio-8009"]
20-Mar-2017 09:38:13.095 INFO [main] org.apache.tomcat.util.net.NioSelectorPool.getSharedSelector Using a shared selector for servlet write/read
20-Mar-2017 09:38:13.095 INFO [main] org.apache.catalina.startup.Catalina.load Initialization processed in 1085 ms
20-Mar-2017 09:38:13.115 INFO [main] org.apache.catalina.core.StandardService.startInternal Starting service Catalina
20-Mar-2017 09:38:13.115 INFO [main] org.apache.catalina.core.StandardEngine.startInternal Starting Servlet Engine: Apache Tomcat/8.5.11
20-Mar-2017 09:38:13.125 INFO [localhost-startStop-1] org.apache.catalina.startup.HostConfig.deployDescriptor Deploying configuration descriptor C:\Users\ahmad\Desktop\Opgaver\4 - Semester\Distribuerede systemer\GalgelegForprojekt\GalgelegWeb\apache-tomcat-8.5.11\conf\Catalina\localhost\GalgelegWeb.xml
20-Mar-2017 09:38:13.369 INFO [localhost-startStop-1] org.apache.jasper.servlet.TldScanner.scanJars At least one JAR was scanned for TLDs yet contained no TLDs. Enable debug logging for this logger for a complete list of JARs that were scanned but no TLDs were found in them. Skipping unneeded JARs during scanning can improve startup time and JSP compilation time.
20-Mar-2017 09:38:13.415 INFO [localhost-startStop-1] org.apache.catalina.startup.HostConfig.deployDescriptor Deployment of configuration descriptor C:\Users\ahmad\Desktop\Opgaver\4 - Semester\Distribuerede systemer\GalgelegForprojekt\GalgelegWeb\apache-tomcat-8.5.11\conf\Catalina\localhost\GalgelegWeb.xml has finished in 290 ms
20-Mar-2017 09:38:13.415 INFO [localhost-startStop-1] org.apache.catalina.startup.HostConfig.deployDirectory Deploying web application directory C:\Users\ahmad\Desktop\Opgaver\4 - Semester\Distribuerede systemer\GalgelegForprojekt\GalgelegWeb\apache-tomcat-8.5.11\webapps\docs
20-Mar-2017 09:38:13.435 INFO [localhost-startStop-1] org.apache.catalina.startup.HostConfig.deployDirectory Deployment of web application directory C:\Users\ahmad\Desktop\Opgaver\4 - Semester\Distribuerede systemer\GalgelegForprojekt\GalgelegWeb\apache-tomcat-8.5.11\webapps\docs has finished in 20 ms
20-Mar-2017 09:38:13.435 INFO [localhost-startStop-1] org.apache.catalina.startup.HostConfig.deployDirectory Deploying web application directory C:\Users\ahmad\Desktop\Opgaver\4 - Semester\Distribuerede systemer\GalgelegForprojekt\GalgelegWeb\apache-tomcat-8.5.11\webapps\examples
20-Mar-2017 09:38:13.672 INFO [localhost-startStop-1] org.apache.catalina.startup.HostConfig.deployDirectory Deployment of web application directory C:\Users\ahmad\Desktop\Opgaver\4 - Semester\Distribuerede systemer\GalgelegForprojekt\GalgelegWeb\apache-tomcat-8.5.11\webapps\examples has finished in 237 ms
20-Mar-2017 09:38:13.672 INFO [localhost-startStop-1] org.apache.catalina.startup.HostConfig.deployDirectory Deploying web application directory C:\Users\ahmad\Desktop\Opgaver\4 - Semester\Distribuerede systemer\GalgelegForprojekt\GalgelegWeb\apache-tomcat-8.5.11\webapps\host-manager
20-Mar-2017 09:38:13.691 INFO [localhost-startStop-1] org.apache.catalina.startup.HostConfig.deployDirectory Deployment of web application directory C:\Users\ahmad\Desktop\Opgaver\4 - Semester\Distribuerede systemer\GalgelegForprojekt\GalgelegWeb\apache-tomcat-8.5.11\webapps\host-manager has finished in 19 ms
20-Mar-2017 09:38:13.691 INFO [localhost-startStop-1] org.apache.catalina.startup.HostConfig.deployDirectory Deploying web application directory C:\Users\ahmad\Desktop\Opgaver\4 - Semester\Distribuerede systemer\GalgelegForprojekt\GalgelegWeb\apache-tomcat-8.5.11\webapps\manager
20-Mar-2017 09:38:13.711 INFO [localhost-startStop-1] org.apache.catalina.startup.HostConfig.deployDirectory Deployment of web application directory C:\Users\ahmad\Desktop\Opgaver\4 - Semester\Distribuerede systemer\GalgelegForprojekt\GalgelegWeb\apache-tomcat-8.5.11\webapps\manager has finished in 20 ms
20-Mar-2017 09:38:13.711 INFO [localhost-startStop-1] org.apache.catalina.startup.HostConfig.deployDirectory Deploying web application directory C:\Users\ahmad\Desktop\Opgaver\4 - Semester\Distribuerede systemer\GalgelegForprojekt\GalgelegWeb\apache-tomcat-8.5.11\webapps\ROOT
20-Mar-2017 09:38:13.726 INFO [localhost-startStop-1] org.apache.catalina.startup.HostConfig.deployDirectory Deployment of web application directory C:\Users\ahmad\Desktop\Opgaver\4 - Semester\Distribuerede systemer\GalgelegForprojekt\GalgelegWeb\apache-tomcat-8.5.11\webapps\ROOT has finished in 15 ms
20-Mar-2017 09:38:13.726 INFO [main] org.apache.coyote.AbstractProtocol.start Starting ProtocolHandler [http-nio-8080]
20-Mar-2017 09:38:13.731 INFO [main] org.apache.coyote.AbstractProtocol.start Starting ProtocolHandler [ajp-nio-8009]
20-Mar-2017 09:38:13.736 INFO [main] org.apache.catalina.startup.Catalina.start Server startup in 639 ms
20-Mar-2017 09:38:16.073 INFO [http-nio-8080-exec-9] org.apache.catalina.core.StandardContext.reload Reloading Context with name [/GalgelegWeb] has started
20-Mar-2017 09:38:16.126 INFO [http-nio-8080-exec-9] org.apache.catalina.core.StandardContext.reload Reloading Context with name [/GalgelegWeb] is completed
20-Mar-2017 09:40:53.928 INFO [http-nio-8080-exec-11] org.apache.catalina.core.StandardContext.reload Reloading Context with name [/GalgelegWeb] has started
20-Mar-2017 09:40:54.008 INFO [http-nio-8080-exec-11] org.apache.catalina.core.StandardContext.reload Reloading Context with name [/GalgelegWeb] is completed
20-Mar-2017 09:41:01.550 INFO [http-nio-8080-exec-19] org.apache.catalina.core.StandardContext.reload Reloading Context with name [/GalgelegWeb] has started
20-Mar-2017 09:41:01.604 INFO [http-nio-8080-exec-19] org.apache.catalina.core.StandardContext.reload Reloading Context with name [/GalgelegWeb] is completed
20-Mar-2017 09:41:10.539 INFO [http-nio-8080-exec-23] org.apache.catalina.core.StandardContext.reload Reloading Context with name [/GalgelegWeb] has started
20-Mar-2017 09:41:10.605 INFO [http-nio-8080-exec-23] org.apache.catalina.core.StandardContext.reload Reloading Context with name [/GalgelegWeb] is completed
20-Mar-2017 09:41:20.233 INFO [http-nio-8080-exec-18] org.apache.catalina.core.StandardContext.reload Reloading Context with name [/GalgelegWeb] has started
20-Mar-2017 09:41:20.288 INFO [http-nio-8080-exec-18] org.apache.catalina.core.StandardContext.reload Reloading Context with name [/GalgelegWeb] is completed
20-Mar-2017 09:41:23.630 INFO [http-nio-8080-exec-12] org.apache.catalina.core.StandardContext.reload Reloading Context with name [/GalgelegWeb] has started
20-Mar-2017 09:41:23.692 INFO [http-nio-8080-exec-12] org.apache.catalina.core.StandardContext.reload Reloading Context with name [/GalgelegWeb] is completed
20-Mar-2017 09:42:20.413 INFO [http-nio-8080-exec-24] org.apache.catalina.core.StandardContext.reload Reloading Context with name [/GalgelegWeb] has started
20-Mar-2017 09:42:20.464 INFO [http-nio-8080-exec-24] org.apache.catalina.core.StandardContext.reload Reloading Context with name [/GalgelegWeb] is completed
20-Mar-2017 09:42:46.732 INFO [http-nio-8080-exec-23] org.apache.catalina.core.StandardContext.reload Reloading Context with name [/GalgelegWeb] has started
20-Mar-2017 09:42:46.818 INFO [http-nio-8080-exec-23] org.apache.catalina.core.StandardContext.reload Reloading Context with name [/GalgelegWeb] is completed
20-Mar-2017 09:42:53.253 INFO [http-nio-8080-exec-16] org.apache.catalina.core.StandardContext.reload Reloading Context with name [/GalgelegWeb] has started
20-Mar-2017 09:42:53.313 INFO [http-nio-8080-exec-16] org.apache.catalina.core.StandardContext.reload Reloading Context with name [/GalgelegWeb] is completed
20-Mar-2017 09:43:06.733 INFO [http-nio-8080-exec-12] org.apache.catalina.core.StandardContext.reload Reloading Context with name [/GalgelegWeb] has started
20-Mar-2017 09:43:06.789 INFO [http-nio-8080-exec-12] org.apache.catalina.core.StandardContext.reload Reloading Context with name [/GalgelegWeb] is completed
20-Mar-2017 09:43:38.296 INFO [http-nio-8080-exec-27] org.apache.catalina.core.StandardContext.reload Reloading Context with name [/GalgelegWeb] has started
20-Mar-2017 09:43:38.346 INFO [http-nio-8080-exec-27] org.apache.catalina.core.StandardContext.reload Reloading Context with name [/GalgelegWeb] is completed
20-Mar-2017 09:44:43.238 INFO [http-nio-8080-exec-33] org.apache.catalina.core.StandardContext.reload Reloading Context with name [/GalgelegWeb] has started
20-Mar-2017 09:44:43.287 INFO [http-nio-8080-exec-33] org.apache.catalina.core.StandardContext.reload Reloading Context with name [/GalgelegWeb] is completed
20-Mar-2017 09:44:47.059 INFO [http-nio-8080-exec-31] org.apache.catalina.core.StandardContext.reload Reloading Context with name [/GalgelegWeb] has started
20-Mar-2017 09:44:47.109 INFO [http-nio-8080-exec-31] org.apache.catalina.core.StandardContext.reload Reloading Context with name [/GalgelegWeb] is completed
20-Mar-2017 09:44:51.537 INFO [http-nio-8080-exec-38] org.apache.catalina.core.StandardContext.reload Reloading Context with name [/GalgelegWeb] has started
20-Mar-2017 09:44:51.597 INFO [http-nio-8080-exec-38] org.apache.catalina.core.StandardContext.reload Reloading Context with name [/GalgelegWeb] is completed
20-Mar-2017 09:46:34.392 INFO [http-nio-8080-exec-37] org.apache.catalina.core.StandardContext.reload Reloading Context with name [/GalgelegWeb] has started
20-Mar-2017 09:46:34.440 INFO [http-nio-8080-exec-37] org.apache.catalina.core.StandardContext.reload Reloading Context with name [/GalgelegWeb] is completed
20-Mar-2017 09:50:55.754 INFO [main] org.apache.catalina.core.StandardServer.await A valid shutdown command was received via the shutdown port. Stopping the Server instance.
20-Mar-2017 09:50:55.754 INFO [main] org.apache.coyote.AbstractProtocol.pause Pausing ProtocolHandler ["http-nio-8080"]
20-Mar-2017 09:50:55.879 INFO [main] org.apache.coyote.AbstractProtocol.pause Pausing ProtocolHandler ["ajp-nio-8009"]
20-Mar-2017 09:50:56.029 INFO [main] org.apache.catalina.core.StandardService.stopInternal Stopping service Catalina
20-Mar-2017 09:50:56.064 INFO [main] org.apache.coyote.AbstractProtocol.stop Stopping ProtocolHandler ["http-nio-8080"]
20-Mar-2017 09:50:56.069 INFO [main] org.apache.coyote.AbstractProtocol.stop Stopping ProtocolHandler ["ajp-nio-8009"]
20-Mar-2017 09:50:56.069 INFO [main] org.apache.coyote.AbstractProtocol.destroy Destroying ProtocolHandler ["http-nio-8080"]
20-Mar-2017 09:50:56.069 INFO [main] org.apache.coyote.AbstractProtocol.destroy Destroying ProtocolHandler ["ajp-nio-8009"]
20-Mar-2017 09:51:40.976 INFO [main] org.apache.catalina.startup.VersionLoggerListener.log Server version:        Apache Tomcat/8.5.11
20-Mar-2017 09:51:40.978 INFO [main] org.apache.catalina.startup.VersionLoggerListener.log Server built:          Jan 10 2017 21:02:52 UTC
20-Mar-2017 09:51:40.979 INFO [main] org.apache.catalina.startup.VersionLoggerListener.log Server number:         8.5.11.0
20-Mar-2017 09:51:40.979 INFO [main] org.apache.catalina.startup.VersionLoggerListener.log OS Name:               Windows 10
20-Mar-2017 09:51:40.979 INFO [main] org.apache.catalina.startup.VersionLoggerListener.log OS Version:            10.0
20-Mar-2017 09:51:40.979 INFO [main] org.apache.catalina.startup.VersionLoggerListener.log Architecture:          amd64
20-Mar-2017 09:51:40.979 INFO [main] org.apache.catalina.startup.VersionLoggerListener.log Java Home:             C:\Program Files\Java\jdk1.8.0_121\jre
20-Mar-2017 09:51:40.979 INFO [main] org.apache.catalina.startup.VersionLoggerListener.log JVM Version:           1.8.0_121-b13
20-Mar-2017 09:51:40.979 INFO [main] org.apache.catalina.startup.VersionLoggerListener.log JVM Vendor:            Oracle Corporation
20-Mar-2017 09:51:40.979 INFO [main] org.apache.catalina.startup.VersionLoggerListener.log CATALINA_BASE:         C:\Users\ahmad\Desktop\Opgaver\4 - Semester\Distribuerede systemer\GalgelegForprojekt\GalgelegWeb\apache-tomcat-8.5.11
20-Mar-2017 09:51:40.980 INFO [main] org.apache.catalina.startup.VersionLoggerListener.log CATALINA_HOME:         C:\Users\ahmad\Desktop\Opgaver\4 - Semester\Distribuerede systemer\GalgelegForprojekt\GalgelegWeb\apache-tomcat-8.5.11
20-Mar-2017 09:51:40.980 INFO [main] org.apache.catalina.startup.VersionLoggerListener.log Command line argument: -Djava.util.logging.config.file=C:\Users\ahmad\Desktop\Opgaver\4 - Semester\Distribuerede systemer\GalgelegForprojekt\GalgelegWeb\apache-tomcat-8.5.11\conf\logging.properties
20-Mar-2017 09:51:40.980 INFO [main] org.apache.catalina.startup.VersionLoggerListener.log Command line argument: -Djava.util.logging.manager=org.apache.juli.ClassLoaderLogManager
20-Mar-2017 09:51:40.980 INFO [main] org.apache.catalina.startup.VersionLoggerListener.log Command line argument: -Dhttp.nonProxyHosts=localhost|127.0.0.1|MSI
20-Mar-2017 09:51:40.980 INFO [main] org.apache.catalina.startup.VersionLoggerListener.log Command line argument: -Djdk.tls.ephemeralDHKeySize=2048
20-Mar-2017 09:51:40.981 INFO [main] org.apache.catalina.startup.VersionLoggerListener.log Command line argument: -Djava.protocol.handler.pkgs=org.apache.catalina.webresources
20-Mar-2017 09:51:40.981 INFO [main] org.apache.catalina.startup.VersionLoggerListener.log Command line argument: -Dcatalina.base=C:\Users\ahmad\Desktop\Opgaver\4 - Semester\Distribuerede systemer\GalgelegForprojekt\GalgelegWeb\apache-tomcat-8.5.11
20-Mar-2017 09:51:40.981 INFO [main] org.apache.catalina.startup.VersionLoggerListener.log Command line argument: -Dcatalina.home=C:\Users\ahmad\Desktop\Opgaver\4 - Semester\Distribuerede systemer\GalgelegForprojekt\GalgelegWeb\apache-tomcat-8.5.11
20-Mar-2017 09:51:40.981 INFO [main] org.apache.catalina.startup.VersionLoggerListener.log Command line argument: -Djava.io.tmpdir=C:\Users\ahmad\Desktop\Opgaver\4 - Semester\Distribuerede systemer\GalgelegForprojekt\GalgelegWeb\apache-tomcat-8.5.11\temp
20-Mar-2017 09:51:40.981 INFO [main] org.apache.catalina.core.AprLifecycleListener.lifecycleEvent Loaded APR based Apache Tomcat Native library 1.2.10 using APR version 1.5.2.
20-Mar-2017 09:51:40.981 INFO [main] org.apache.catalina.core.AprLifecycleListener.lifecycleEvent APR capabilities: IPv6 [true], sendfile [true], accept filters [false], random [true].
20-Mar-2017 09:51:40.981 INFO [main] org.apache.catalina.core.AprLifecycleListener.lifecycleEvent APR/OpenSSL configuration: useAprConnector [false], useOpenSSL [true]
20-Mar-2017 09:51:41.739 INFO [main] org.apache.catalina.core.AprLifecycleListener.initializeSSL OpenSSL successfully initialized (OpenSSL 1.0.2j  26 Sep 2016)
20-Mar-2017 09:51:41.848 INFO [main] org.apache.coyote.AbstractProtocol.init Initializing ProtocolHandler ["http-nio-8080"]
20-Mar-2017 09:51:42.030 INFO [main] org.apache.tomcat.util.net.NioSelectorPool.getSharedSelector Using a shared selector for servlet write/read
20-Mar-2017 09:51:42.035 INFO [main] org.apache.coyote.AbstractProtocol.init Initializing ProtocolHandler ["ajp-nio-8009"]
20-Mar-2017 09:51:42.035 INFO [main] org.apache.tomcat.util.net.NioSelectorPool.getSharedSelector Using a shared selector for servlet write/read
20-Mar-2017 09:51:42.035 INFO [main] org.apache.catalina.startup.Catalina.load Initialization processed in 1541 ms
20-Mar-2017 09:51:42.055 INFO [main] org.apache.catalina.core.StandardService.startInternal Starting service Catalina
20-Mar-2017 09:51:42.055 INFO [main] org.apache.catalina.core.StandardEngine.startInternal Starting Servlet Engine: Apache Tomcat/8.5.11
20-Mar-2017 09:51:42.060 INFO [localhost-startStop-1] org.apache.catalina.startup.HostConfig.deployDescriptor Deploying configuration descriptor C:\Users\ahmad\Desktop\Opgaver\4 - Semester\Distribuerede systemer\GalgelegForprojekt\GalgelegWeb\apache-tomcat-8.5.11\conf\Catalina\localhost\GalgelegWeb.xml
20-Mar-2017 09:51:42.320 INFO [localhost-startStop-1] org.apache.jasper.servlet.TldScanner.scanJars At least one JAR was scanned for TLDs yet contained no TLDs. Enable debug logging for this logger for a complete list of JARs that were scanned but no TLDs were found in them. Skipping unneeded JARs during scanning can improve startup time and JSP compilation time.
20-Mar-2017 09:51:42.362 INFO [localhost-startStop-1] org.apache.catalina.startup.HostConfig.deployDescriptor Deployment of configuration descriptor C:\Users\ahmad\Desktop\Opgaver\4 - Semester\Distribuerede systemer\GalgelegForprojekt\GalgelegWeb\apache-tomcat-8.5.11\conf\Catalina\localhost\GalgelegWeb.xml has finished in 301 ms
20-Mar-2017 09:51:42.362 INFO [localhost-startStop-1] org.apache.catalina.startup.HostConfig.deployDirectory Deploying web application directory C:\Users\ahmad\Desktop\Opgaver\4 - Semester\Distribuerede systemer\GalgelegForprojekt\GalgelegWeb\apache-tomcat-8.5.11\webapps\docs
20-Mar-2017 09:51:42.383 INFO [localhost-startStop-1] org.apache.catalina.startup.HostConfig.deployDirectory Deployment of web application directory C:\Users\ahmad\Desktop\Opgaver\4 - Semester\Distribuerede systemer\GalgelegForprojekt\GalgelegWeb\apache-tomcat-8.5.11\webapps\docs has finished in 21 ms
20-Mar-2017 09:51:42.384 INFO [localhost-startStop-1] org.apache.catalina.startup.HostConfig.deployDirectory Deploying web application directory C:\Users\ahmad\Desktop\Opgaver\4 - Semester\Distribuerede systemer\GalgelegForprojekt\GalgelegWeb\apache-tomcat-8.5.11\webapps\examples
20-Mar-2017 09:51:42.624 INFO [localhost-startStop-1] org.apache.catalina.startup.HostConfig.deployDirectory Deployment of web application directory C:\Users\ahmad\Desktop\Opgaver\4 - Semester\Distribuerede systemer\GalgelegForprojekt\GalgelegWeb\apache-tomcat-8.5.11\webapps\examples has finished in 240 ms
20-Mar-2017 09:51:42.624 INFO [localhost-startStop-1] org.apache.catalina.startup.HostConfig.deployDirectory Deploying web application directory C:\Users\ahmad\Desktop\Opgaver\4 - Semester\Distribuerede systemer\GalgelegForprojekt\GalgelegWeb\apache-tomcat-8.5.11\webapps\host-manager
20-Mar-2017 09:51:42.644 INFO [localhost-startStop-1] org.apache.catalina.startup.HostConfig.deployDirectory Deployment of web application directory C:\Users\ahmad\Desktop\Opgaver\4 - Semester\Distribuerede systemer\GalgelegForprojekt\GalgelegWeb\apache-tomcat-8.5.11\webapps\host-manager has finished in 20 ms
20-Mar-2017 09:51:42.644 INFO [localhost-startStop-1] org.apache.catalina.startup.HostConfig.deployDirectory Deploying web application directory C:\Users\ahmad\Desktop\Opgaver\4 - Semester\Distribuerede systemer\GalgelegForprojekt\GalgelegWeb\apache-tomcat-8.5.11\webapps\manager
20-Mar-2017 09:51:42.664 INFO [localhost-startStop-1] org.apache.catalina.startup.HostConfig.deployDirectory Deployment of web application directory C:\Users\ahmad\Desktop\Opgaver\4 - Semester\Distribuerede systemer\GalgelegForprojekt\GalgelegWeb\apache-tomcat-8.5.11\webapps\manager has finished in 20 ms
20-Mar-2017 09:51:42.664 INFO [localhost-startStop-1] org.apache.catalina.startup.HostConfig.deployDirectory Deploying web application directory C:\Users\ahmad\Desktop\Opgaver\4 - Semester\Distribuerede systemer\GalgelegForprojekt\GalgelegWeb\apache-tomcat-8.5.11\webapps\ROOT
20-Mar-2017 09:51:42.693 INFO [localhost-startStop-1] org.apache.catalina.startup.HostConfig.deployDirectory Deployment of web application directory C:\Users\ahmad\Desktop\Opgaver\4 - Semester\Distribuerede systemer\GalgelegForprojekt\GalgelegWeb\apache-tomcat-8.5.11\webapps\ROOT has finished in 28 ms
20-Mar-2017 09:51:42.696 INFO [main] org.apache.coyote.AbstractProtocol.start Starting ProtocolHandler [http-nio-8080]
20-Mar-2017 09:51:42.704 INFO [main] org.apache.coyote.AbstractProtocol.start Starting ProtocolHandler [ajp-nio-8009]
20-Mar-2017 09:51:42.706 INFO [main] org.apache.catalina.startup.Catalina.start Server startup in 668 ms
20-Mar-2017 09:51:45.714 INFO [http-nio-8080-exec-8] org.apache.catalina.core.StandardContext.reload Reloading Context with name [/GalgelegWeb] has started
20-Mar-2017 09:51:45.768 INFO [http-nio-8080-exec-8] org.apache.catalina.core.StandardContext.reload Reloading Context with name [/GalgelegWeb] is completed
20-Mar-2017 09:54:01.420 INFO [http-nio-8080-exec-17] org.apache.catalina.core.StandardContext.reload Reloading Context with name [/GalgelegWeb] has started
20-Mar-2017 09:54:01.490 INFO [http-nio-8080-exec-17] org.apache.catalina.core.StandardContext.reload Reloading Context with name [/GalgelegWeb] is completed
20-Mar-2017 09:57:08.573 INFO [http-nio-8080-exec-22] org.apache.catalina.core.StandardContext.reload Reloading Context with name [/GalgelegWeb] has started
20-Mar-2017 09:57:08.633 INFO [http-nio-8080-exec-22] org.apache.catalina.core.StandardContext.reload Reloading Context with name [/GalgelegWeb] is completed
20-Mar-2017 09:57:27.266 INFO [http-nio-8080-exec-28] org.apache.catalina.core.StandardContext.reload Reloading Context with name [/GalgelegWeb] has started
20-Mar-2017 09:57:27.320 INFO [http-nio-8080-exec-28] org.apache.catalina.core.StandardContext.reload Reloading Context with name [/GalgelegWeb] is completed
20-Mar-2017 10:31:15.400 INFO [http-nio-8080-exec-35] org.apache.catalina.startup.HostConfig.undeploy Undeploying context [/GalgelegWeb]
20-Mar-2017 10:32:06.074 INFO [main] org.apache.catalina.core.StandardServer.await A valid shutdown command was received via the shutdown port. Stopping the Server instance.
20-Mar-2017 10:32:06.074 INFO [main] org.apache.coyote.AbstractProtocol.pause Pausing ProtocolHandler ["http-nio-8080"]
20-Mar-2017 10:32:06.223 INFO [main] org.apache.coyote.AbstractProtocol.pause Pausing ProtocolHandler ["ajp-nio-8009"]
20-Mar-2017 10:32:06.358 INFO [main] org.apache.catalina.core.StandardService.stopInternal Stopping service Catalina
20-Mar-2017 10:32:06.369 INFO [main] org.apache.coyote.AbstractProtocol.stop Stopping ProtocolHandler ["http-nio-8080"]
20-Mar-2017 10:32:06.370 INFO [main] org.apache.coyote.AbstractProtocol.stop Stopping ProtocolHandler ["ajp-nio-8009"]
20-Mar-2017 10:32:06.371 INFO [main] org.apache.coyote.AbstractProtocol.destroy Destroying ProtocolHandler ["http-nio-8080"]
20-Mar-2017 10:32:06.372 INFO [main] org.apache.coyote.AbstractProtocol.destroy Destroying ProtocolHandler ["ajp-nio-8009"]
