16-Mar-2017 15:04:13.709 INFO [main] org.apache.catalina.startup.VersionLoggerListener.log Server version:        Apache Tomcat/8.5.11
16-Mar-2017 15:04:13.711 INFO [main] org.apache.catalina.startup.VersionLoggerListener.log Server built:          Jan 10 2017 21:02:52 UTC
16-Mar-2017 15:04:13.711 INFO [main] org.apache.catalina.startup.VersionLoggerListener.log Server number:         8.5.11.0
16-Mar-2017 15:04:13.711 INFO [main] org.apache.catalina.startup.VersionLoggerListener.log OS Name:               Windows 10
16-Mar-2017 15:04:13.711 INFO [main] org.apache.catalina.startup.VersionLoggerListener.log OS Version:            10.0
16-Mar-2017 15:04:13.711 INFO [main] org.apache.catalina.startup.VersionLoggerListener.log Architecture:          amd64
16-Mar-2017 15:04:13.711 INFO [main] org.apache.catalina.startup.VersionLoggerListener.log Java Home:             C:\Program Files\Java\jdk1.8.0_121\jre
16-Mar-2017 15:04:13.711 INFO [main] org.apache.catalina.startup.VersionLoggerListener.log JVM Version:           1.8.0_121-b13
16-Mar-2017 15:04:13.711 INFO [main] org.apache.catalina.startup.VersionLoggerListener.log JVM Vendor:            Oracle Corporation
16-Mar-2017 15:04:13.711 INFO [main] org.apache.catalina.startup.VersionLoggerListener.log CATALINA_BASE:         C:\Users\ahmad\Desktop\Opgaver\4 - Semester\Distribuerede systemer\GalgelegForprojekt\GalgelegWeb\apache-tomcat-8.5.11
16-Mar-2017 15:04:13.711 INFO [main] org.apache.catalina.startup.VersionLoggerListener.log CATALINA_HOME:         C:\Users\ahmad\Desktop\Opgaver\4 - Semester\Distribuerede systemer\GalgelegForprojekt\GalgelegWeb\apache-tomcat-8.5.11
16-Mar-2017 15:04:13.711 INFO [main] org.apache.catalina.startup.VersionLoggerListener.log Command line argument: -Djava.util.logging.config.file=C:\Users\ahmad\Desktop\Opgaver\4 - Semester\Distribuerede systemer\GalgelegForprojekt\GalgelegWeb\apache-tomcat-8.5.11\conf\logging.properties
16-Mar-2017 15:04:13.712 INFO [main] org.apache.catalina.startup.VersionLoggerListener.log Command line argument: -Djava.util.logging.manager=org.apache.juli.ClassLoaderLogManager
16-Mar-2017 15:04:13.712 INFO [main] org.apache.catalina.startup.VersionLoggerListener.log Command line argument: -Dhttp.nonProxyHosts=localhost|127.0.0.1|MSI
16-Mar-2017 15:04:13.712 INFO [main] org.apache.catalina.startup.VersionLoggerListener.log Command line argument: -Djdk.tls.ephemeralDHKeySize=2048
16-Mar-2017 15:04:13.712 INFO [main] org.apache.catalina.startup.VersionLoggerListener.log Command line argument: -Djava.protocol.handler.pkgs=org.apache.catalina.webresources
16-Mar-2017 15:04:13.712 INFO [main] org.apache.catalina.startup.VersionLoggerListener.log Command line argument: -Dcatalina.base=C:\Users\ahmad\Desktop\Opgaver\4 - Semester\Distribuerede systemer\GalgelegForprojekt\GalgelegWeb\apache-tomcat-8.5.11
16-Mar-2017 15:04:13.713 INFO [main] org.apache.catalina.startup.VersionLoggerListener.log Command line argument: -Dcatalina.home=C:\Users\ahmad\Desktop\Opgaver\4 - Semester\Distribuerede systemer\GalgelegForprojekt\GalgelegWeb\apache-tomcat-8.5.11
16-Mar-2017 15:04:13.713 INFO [main] org.apache.catalina.startup.VersionLoggerListener.log Command line argument: -Djava.io.tmpdir=C:\Users\ahmad\Desktop\Opgaver\4 - Semester\Distribuerede systemer\GalgelegForprojekt\GalgelegWeb\apache-tomcat-8.5.11\temp
16-Mar-2017 15:04:13.713 INFO [main] org.apache.catalina.core.AprLifecycleListener.lifecycleEvent Loaded APR based Apache Tomcat Native library 1.2.10 using APR version 1.5.2.
16-Mar-2017 15:04:13.713 INFO [main] org.apache.catalina.core.AprLifecycleListener.lifecycleEvent APR capabilities: IPv6 [true], sendfile [true], accept filters [false], random [true].
16-Mar-2017 15:04:13.713 INFO [main] org.apache.catalina.core.AprLifecycleListener.lifecycleEvent APR/OpenSSL configuration: useAprConnector [false], useOpenSSL [true]
16-Mar-2017 15:04:14.281 INFO [main] org.apache.catalina.core.AprLifecycleListener.initializeSSL OpenSSL successfully initialized (OpenSSL 1.0.2j  26 Sep 2016)
16-Mar-2017 15:04:14.381 INFO [main] org.apache.coyote.AbstractProtocol.init Initializing ProtocolHandler ["http-nio-8080"]
16-Mar-2017 15:04:14.521 INFO [main] org.apache.tomcat.util.net.NioSelectorPool.getSharedSelector Using a shared selector for servlet write/read
16-Mar-2017 15:04:14.523 INFO [main] org.apache.coyote.AbstractProtocol.init Initializing ProtocolHandler ["ajp-nio-8009"]
16-Mar-2017 15:04:14.525 INFO [main] org.apache.tomcat.util.net.NioSelectorPool.getSharedSelector Using a shared selector for servlet write/read
16-Mar-2017 15:04:14.525 INFO [main] org.apache.catalina.startup.Catalina.load Initialization processed in 3002 ms
16-Mar-2017 15:04:14.545 INFO [main] org.apache.catalina.core.StandardService.startInternal Starting service Catalina
16-Mar-2017 15:04:14.545 INFO [main] org.apache.catalina.core.StandardEngine.startInternal Starting Servlet Engine: Apache Tomcat/8.5.11
16-Mar-2017 15:04:14.552 INFO [localhost-startStop-1] org.apache.catalina.startup.HostConfig.deployDescriptor Deploying configuration descriptor C:\Users\ahmad\Desktop\Opgaver\4 - Semester\Distribuerede systemer\GalgelegForprojekt\GalgelegWeb\apache-tomcat-8.5.11\conf\Catalina\localhost\GalgelegWeb.xml
16-Mar-2017 15:04:14.793 INFO [localhost-startStop-1] org.apache.jasper.servlet.TldScanner.scanJars At least one JAR was scanned for TLDs yet contained no TLDs. Enable debug logging for this logger for a complete list of JARs that were scanned but no TLDs were found in them. Skipping unneeded JARs during scanning can improve startup time and JSP compilation time.
16-Mar-2017 15:04:14.824 INFO [localhost-startStop-1] org.apache.catalina.startup.HostConfig.deployDescriptor Deployment of configuration descriptor C:\Users\ahmad\Desktop\Opgaver\4 - Semester\Distribuerede systemer\GalgelegForprojekt\GalgelegWeb\apache-tomcat-8.5.11\conf\Catalina\localhost\GalgelegWeb.xml has finished in 271 ms
16-Mar-2017 15:04:14.824 INFO [localhost-startStop-1] org.apache.catalina.startup.HostConfig.deployDirectory Deploying web application directory C:\Users\ahmad\Desktop\Opgaver\4 - Semester\Distribuerede systemer\GalgelegForprojekt\GalgelegWeb\apache-tomcat-8.5.11\webapps\docs
16-Mar-2017 15:04:14.840 INFO [localhost-startStop-1] org.apache.catalina.startup.HostConfig.deployDirectory Deployment of web application directory C:\Users\ahmad\Desktop\Opgaver\4 - Semester\Distribuerede systemer\GalgelegForprojekt\GalgelegWeb\apache-tomcat-8.5.11\webapps\docs has finished in 16 ms
16-Mar-2017 15:04:14.840 INFO [localhost-startStop-1] org.apache.catalina.startup.HostConfig.deployDirectory Deploying web application directory C:\Users\ahmad\Desktop\Opgaver\4 - Semester\Distribuerede systemer\GalgelegForprojekt\GalgelegWeb\apache-tomcat-8.5.11\webapps\examples
16-Mar-2017 15:04:15.083 INFO [localhost-startStop-1] org.apache.catalina.startup.HostConfig.deployDirectory Deployment of web application directory C:\Users\ahmad\Desktop\Opgaver\4 - Semester\Distribuerede systemer\GalgelegForprojekt\GalgelegWeb\apache-tomcat-8.5.11\webapps\examples has finished in 243 ms
16-Mar-2017 15:04:15.083 INFO [localhost-startStop-1] org.apache.catalina.startup.HostConfig.deployDirectory Deploying web application directory C:\Users\ahmad\Desktop\Opgaver\4 - Semester\Distribuerede systemer\GalgelegForprojekt\GalgelegWeb\apache-tomcat-8.5.11\webapps\host-manager
16-Mar-2017 15:04:15.102 INFO [localhost-startStop-1] org.apache.catalina.startup.HostConfig.deployDirectory Deployment of web application directory C:\Users\ahmad\Desktop\Opgaver\4 - Semester\Distribuerede systemer\GalgelegForprojekt\GalgelegWeb\apache-tomcat-8.5.11\webapps\host-manager has finished in 19 ms
16-Mar-2017 15:04:15.102 INFO [localhost-startStop-1] org.apache.catalina.startup.HostConfig.deployDirectory Deploying web application directory C:\Users\ahmad\Desktop\Opgaver\4 - Semester\Distribuerede systemer\GalgelegForprojekt\GalgelegWeb\apache-tomcat-8.5.11\webapps\manager
16-Mar-2017 15:04:15.125 INFO [localhost-startStop-1] org.apache.catalina.startup.HostConfig.deployDirectory Deployment of web application directory C:\Users\ahmad\Desktop\Opgaver\4 - Semester\Distribuerede systemer\GalgelegForprojekt\GalgelegWeb\apache-tomcat-8.5.11\webapps\manager has finished in 22 ms
16-Mar-2017 15:04:15.125 INFO [localhost-startStop-1] org.apache.catalina.startup.HostConfig.deployDirectory Deploying web application directory C:\Users\ahmad\Desktop\Opgaver\4 - Semester\Distribuerede systemer\GalgelegForprojekt\GalgelegWeb\apache-tomcat-8.5.11\webapps\ROOT
16-Mar-2017 15:04:15.144 INFO [localhost-startStop-1] org.apache.catalina.startup.HostConfig.deployDirectory Deployment of web application directory C:\Users\ahmad\Desktop\Opgaver\4 - Semester\Distribuerede systemer\GalgelegForprojekt\GalgelegWeb\apache-tomcat-8.5.11\webapps\ROOT has finished in 19 ms
16-Mar-2017 15:04:15.146 INFO [main] org.apache.coyote.AbstractProtocol.start Starting ProtocolHandler [http-nio-8080]
16-Mar-2017 15:04:15.153 INFO [main] org.apache.coyote.AbstractProtocol.start Starting ProtocolHandler [ajp-nio-8009]
16-Mar-2017 15:04:15.155 INFO [main] org.apache.catalina.startup.Catalina.start Server startup in 629 ms
16-Mar-2017 15:04:50.742 INFO [http-nio-8080-exec-14] org.apache.catalina.core.StandardContext.reload Reloading Context with name [/GalgelegWeb] has started
16-Mar-2017 15:04:50.810 INFO [http-nio-8080-exec-14] org.apache.catalina.core.StandardContext.reload Reloading Context with name [/GalgelegWeb] is completed
16-Mar-2017 15:05:09.195 INFO [http-nio-8080-exec-15] org.apache.catalina.core.StandardContext.reload Reloading Context with name [/GalgelegWeb] has started
16-Mar-2017 15:05:09.302 INFO [http-nio-8080-exec-15] org.apache.catalina.core.StandardContext.reload Reloading Context with name [/GalgelegWeb] is completed
16-Mar-2017 15:05:20.349 INFO [http-nio-8080-exec-19] org.apache.catalina.core.StandardContext.reload Reloading Context with name [/GalgelegWeb] has started
16-Mar-2017 15:05:20.392 INFO [http-nio-8080-exec-19] org.apache.catalina.core.StandardContext.reload Reloading Context with name [/GalgelegWeb] is completed
16-Mar-2017 15:06:55.188 INFO [http-nio-8080-exec-22] org.apache.catalina.core.StandardContext.reload Reloading Context with name [/GalgelegWeb] has started
16-Mar-2017 15:06:55.255 INFO [http-nio-8080-exec-22] org.apache.catalina.core.StandardContext.reload Reloading Context with name [/GalgelegWeb] is completed
16-Mar-2017 15:07:02.866 INFO [http-nio-8080-exec-29] org.apache.catalina.core.StandardContext.reload Reloading Context with name [/GalgelegWeb] has started
16-Mar-2017 15:07:02.961 INFO [http-nio-8080-exec-29] org.apache.catalina.core.StandardContext.reload Reloading Context with name [/GalgelegWeb] is completed
16-Mar-2017 15:07:05.848 INFO [http-nio-8080-exec-25] org.apache.catalina.core.StandardContext.reload Reloading Context with name [/GalgelegWeb] has started
16-Mar-2017 15:07:05.938 INFO [http-nio-8080-exec-25] org.apache.catalina.core.StandardContext.reload Reloading Context with name [/GalgelegWeb] is completed
16-Mar-2017 15:12:57.451 INFO [http-nio-8080-exec-38] org.apache.catalina.core.StandardContext.reload Reloading Context with name [/GalgelegWeb] has started
16-Mar-2017 15:12:57.539 INFO [http-nio-8080-exec-38] org.apache.catalina.core.StandardContext.reload Reloading Context with name [/GalgelegWeb] is completed
16-Mar-2017 15:13:37.239 INFO [http-nio-8080-exec-44] org.apache.catalina.core.StandardContext.reload Reloading Context with name [/GalgelegWeb] has started
16-Mar-2017 15:13:37.344 INFO [http-nio-8080-exec-44] org.apache.catalina.core.StandardContext.reload Reloading Context with name [/GalgelegWeb] is completed
16-Mar-2017 15:13:43.555 INFO [http-nio-8080-exec-50] org.apache.catalina.core.StandardContext.reload Reloading Context with name [/GalgelegWeb] has started
16-Mar-2017 15:13:43.674 INFO [http-nio-8080-exec-50] org.apache.catalina.core.StandardContext.reload Reloading Context with name [/GalgelegWeb] is completed
16-Mar-2017 15:16:01.244 INFO [http-nio-8080-exec-54] org.apache.catalina.core.StandardContext.reload Reloading Context with name [/GalgelegWeb] has started
16-Mar-2017 15:16:01.307 INFO [http-nio-8080-exec-54] org.apache.catalina.core.StandardContext.reload Reloading Context with name [/GalgelegWeb] is completed
16-Mar-2017 15:16:03.159 INFO [http-nio-8080-exec-47] org.apache.catalina.core.StandardContext.reload Reloading Context with name [/GalgelegWeb] has started
16-Mar-2017 15:16:03.332 INFO [http-nio-8080-exec-47] org.apache.catalina.core.StandardContext.reload Reloading Context with name [/GalgelegWeb] is completed
16-Mar-2017 15:16:14.288 INFO [http-nio-8080-exec-40] org.apache.catalina.core.StandardContext.reload Reloading Context with name [/GalgelegWeb] has started
16-Mar-2017 15:16:14.360 INFO [http-nio-8080-exec-40] org.apache.catalina.core.StandardContext.reload Reloading Context with name [/GalgelegWeb] is completed
16-Mar-2017 15:16:42.925 INFO [http-nio-8080-exec-51] org.apache.catalina.core.StandardContext.reload Reloading Context with name [/GalgelegWeb] has started
16-Mar-2017 15:16:43.011 INFO [http-nio-8080-exec-51] org.apache.catalina.core.StandardContext.reload Reloading Context with name [/GalgelegWeb] is completed
16-Mar-2017 15:16:46.906 INFO [http-nio-8080-exec-40] org.apache.catalina.core.StandardContext.reload Reloading Context with name [/GalgelegWeb] has started
16-Mar-2017 15:16:47.018 INFO [http-nio-8080-exec-40] org.apache.catalina.core.StandardContext.reload Reloading Context with name [/GalgelegWeb] is completed
16-Mar-2017 15:17:53.008 INFO [http-nio-8080-exec-70] org.apache.catalina.core.StandardContext.reload Reloading Context with name [/GalgelegWeb] has started
16-Mar-2017 15:17:53.069 INFO [http-nio-8080-exec-70] org.apache.catalina.core.StandardContext.reload Reloading Context with name [/GalgelegWeb] is completed
16-Mar-2017 15:17:57.791 INFO [http-nio-8080-exec-71] org.apache.catalina.core.StandardContext.reload Reloading Context with name [/GalgelegWeb] has started
16-Mar-2017 15:17:57.887 INFO [http-nio-8080-exec-71] org.apache.catalina.core.StandardContext.reload Reloading Context with name [/GalgelegWeb] is completed
16-Mar-2017 15:19:45.507 INFO [main] org.apache.catalina.core.StandardServer.await A valid shutdown command was received via the shutdown port. Stopping the Server instance.
16-Mar-2017 15:19:45.507 INFO [main] org.apache.coyote.AbstractProtocol.pause Pausing ProtocolHandler ["http-nio-8080"]
16-Mar-2017 15:19:45.615 INFO [main] org.apache.coyote.AbstractProtocol.pause Pausing ProtocolHandler ["ajp-nio-8009"]
16-Mar-2017 15:19:45.764 INFO [main] org.apache.catalina.core.StandardService.stopInternal Stopping service Catalina
16-Mar-2017 15:19:46.689 INFO [main] org.apache.coyote.AbstractProtocol.stop Stopping ProtocolHandler ["http-nio-8080"]
16-Mar-2017 15:19:46.690 INFO [main] org.apache.coyote.AbstractProtocol.stop Stopping ProtocolHandler ["ajp-nio-8009"]
16-Mar-2017 15:19:46.691 INFO [main] org.apache.coyote.AbstractProtocol.destroy Destroying ProtocolHandler ["http-nio-8080"]
16-Mar-2017 15:19:46.692 INFO [main] org.apache.coyote.AbstractProtocol.destroy Destroying ProtocolHandler ["ajp-nio-8009"]
16-Mar-2017 15:21:58.768 INFO [main] org.apache.catalina.startup.VersionLoggerListener.log Server version:        Apache Tomcat/8.5.11
16-Mar-2017 15:21:58.770 INFO [main] org.apache.catalina.startup.VersionLoggerListener.log Server built:          Jan 10 2017 21:02:52 UTC
16-Mar-2017 15:21:58.770 INFO [main] org.apache.catalina.startup.VersionLoggerListener.log Server number:         8.5.11.0
16-Mar-2017 15:21:58.771 INFO [main] org.apache.catalina.startup.VersionLoggerListener.log OS Name:               Windows 10
16-Mar-2017 15:21:58.771 INFO [main] org.apache.catalina.startup.VersionLoggerListener.log OS Version:            10.0
16-Mar-2017 15:21:58.771 INFO [main] org.apache.catalina.startup.VersionLoggerListener.log Architecture:          amd64
16-Mar-2017 15:21:58.771 INFO [main] org.apache.catalina.startup.VersionLoggerListener.log Java Home:             C:\Program Files\Java\jdk1.8.0_121\jre
16-Mar-2017 15:21:58.771 INFO [main] org.apache.catalina.startup.VersionLoggerListener.log JVM Version:           1.8.0_121-b13
16-Mar-2017 15:21:58.771 INFO [main] org.apache.catalina.startup.VersionLoggerListener.log JVM Vendor:            Oracle Corporation
16-Mar-2017 15:21:58.771 INFO [main] org.apache.catalina.startup.VersionLoggerListener.log CATALINA_BASE:         C:\Users\ahmad\Desktop\Opgaver\4 - Semester\Distribuerede systemer\GalgelegForprojekt\GalgelegWeb\apache-tomcat-8.5.11
16-Mar-2017 15:21:58.771 INFO [main] org.apache.catalina.startup.VersionLoggerListener.log CATALINA_HOME:         C:\Users\ahmad\Desktop\Opgaver\4 - Semester\Distribuerede systemer\GalgelegForprojekt\GalgelegWeb\apache-tomcat-8.5.11
16-Mar-2017 15:21:58.771 INFO [main] org.apache.catalina.startup.VersionLoggerListener.log Command line argument: -Djava.util.logging.config.file=C:\Users\ahmad\Desktop\Opgaver\4 - Semester\Distribuerede systemer\GalgelegForprojekt\GalgelegWeb\apache-tomcat-8.5.11\conf\logging.properties
16-Mar-2017 15:21:58.771 INFO [main] org.apache.catalina.startup.VersionLoggerListener.log Command line argument: -Djava.util.logging.manager=org.apache.juli.ClassLoaderLogManager
16-Mar-2017 15:21:58.772 INFO [main] org.apache.catalina.startup.VersionLoggerListener.log Command line argument: -Dhttp.nonProxyHosts=localhost|127.0.0.1|MSI
16-Mar-2017 15:21:58.772 INFO [main] org.apache.catalina.startup.VersionLoggerListener.log Command line argument: -Djdk.tls.ephemeralDHKeySize=2048
16-Mar-2017 15:21:58.772 INFO [main] org.apache.catalina.startup.VersionLoggerListener.log Command line argument: -Djava.protocol.handler.pkgs=org.apache.catalina.webresources
16-Mar-2017 15:21:58.772 INFO [main] org.apache.catalina.startup.VersionLoggerListener.log Command line argument: -Dcatalina.base=C:\Users\ahmad\Desktop\Opgaver\4 - Semester\Distribuerede systemer\GalgelegForprojekt\GalgelegWeb\apache-tomcat-8.5.11
16-Mar-2017 15:21:58.772 INFO [main] org.apache.catalina.startup.VersionLoggerListener.log Command line argument: -Dcatalina.home=C:\Users\ahmad\Desktop\Opgaver\4 - Semester\Distribuerede systemer\GalgelegForprojekt\GalgelegWeb\apache-tomcat-8.5.11
16-Mar-2017 15:21:58.772 INFO [main] org.apache.catalina.startup.VersionLoggerListener.log Command line argument: -Djava.io.tmpdir=C:\Users\ahmad\Desktop\Opgaver\4 - Semester\Distribuerede systemer\GalgelegForprojekt\GalgelegWeb\apache-tomcat-8.5.11\temp
16-Mar-2017 15:21:58.772 INFO [main] org.apache.catalina.core.AprLifecycleListener.lifecycleEvent Loaded APR based Apache Tomcat Native library 1.2.10 using APR version 1.5.2.
16-Mar-2017 15:21:58.772 INFO [main] org.apache.catalina.core.AprLifecycleListener.lifecycleEvent APR capabilities: IPv6 [true], sendfile [true], accept filters [false], random [true].
16-Mar-2017 15:21:58.772 INFO [main] org.apache.catalina.core.AprLifecycleListener.lifecycleEvent APR/OpenSSL configuration: useAprConnector [false], useOpenSSL [true]
16-Mar-2017 15:21:59.372 INFO [main] org.apache.catalina.core.AprLifecycleListener.initializeSSL OpenSSL successfully initialized (OpenSSL 1.0.2j  26 Sep 2016)
16-Mar-2017 15:21:59.504 INFO [main] org.apache.coyote.AbstractProtocol.init Initializing ProtocolHandler ["http-nio-8080"]
16-Mar-2017 15:21:59.660 INFO [main] org.apache.tomcat.util.net.NioSelectorPool.getSharedSelector Using a shared selector for servlet write/read
16-Mar-2017 15:21:59.662 INFO [main] org.apache.coyote.AbstractProtocol.init Initializing ProtocolHandler ["ajp-nio-8009"]
16-Mar-2017 15:21:59.664 INFO [main] org.apache.tomcat.util.net.NioSelectorPool.getSharedSelector Using a shared selector for servlet write/read
16-Mar-2017 15:21:59.664 INFO [main] org.apache.catalina.startup.Catalina.load Initialization processed in 1259 ms
16-Mar-2017 15:21:59.687 INFO [main] org.apache.catalina.core.StandardService.startInternal Starting service Catalina
16-Mar-2017 15:21:59.687 INFO [main] org.apache.catalina.core.StandardEngine.startInternal Starting Servlet Engine: Apache Tomcat/8.5.11
16-Mar-2017 15:21:59.694 INFO [localhost-startStop-1] org.apache.catalina.startup.HostConfig.deployDescriptor Deploying configuration descriptor C:\Users\ahmad\Desktop\Opgaver\4 - Semester\Distribuerede systemer\GalgelegForprojekt\GalgelegWeb\apache-tomcat-8.5.11\conf\Catalina\localhost\GalgelegWeb.xml
16-Mar-2017 15:22:00.020 INFO [localhost-startStop-1] org.apache.jasper.servlet.TldScanner.scanJars At least one JAR was scanned for TLDs yet contained no TLDs. Enable debug logging for this logger for a complete list of JARs that were scanned but no TLDs were found in them. Skipping unneeded JARs during scanning can improve startup time and JSP compilation time.
16-Mar-2017 15:22:00.080 INFO [localhost-startStop-1] org.apache.catalina.startup.HostConfig.deployDescriptor Deployment of configuration descriptor C:\Users\ahmad\Desktop\Opgaver\4 - Semester\Distribuerede systemer\GalgelegForprojekt\GalgelegWeb\apache-tomcat-8.5.11\conf\Catalina\localhost\GalgelegWeb.xml has finished in 385 ms
16-Mar-2017 15:22:00.080 INFO [localhost-startStop-1] org.apache.catalina.startup.HostConfig.deployDirectory Deploying web application directory C:\Users\ahmad\Desktop\Opgaver\4 - Semester\Distribuerede systemer\GalgelegForprojekt\GalgelegWeb\apache-tomcat-8.5.11\webapps\docs
16-Mar-2017 15:22:00.102 INFO [localhost-startStop-1] org.apache.catalina.startup.HostConfig.deployDirectory Deployment of web application directory C:\Users\ahmad\Desktop\Opgaver\4 - Semester\Distribuerede systemer\GalgelegForprojekt\GalgelegWeb\apache-tomcat-8.5.11\webapps\docs has finished in 21 ms
16-Mar-2017 15:22:00.102 INFO [localhost-startStop-1] org.apache.catalina.startup.HostConfig.deployDirectory Deploying web application directory C:\Users\ahmad\Desktop\Opgaver\4 - Semester\Distribuerede systemer\GalgelegForprojekt\GalgelegWeb\apache-tomcat-8.5.11\webapps\examples
16-Mar-2017 15:22:00.375 INFO [localhost-startStop-1] org.apache.catalina.startup.HostConfig.deployDirectory Deployment of web application directory C:\Users\ahmad\Desktop\Opgaver\4 - Semester\Distribuerede systemer\GalgelegForprojekt\GalgelegWeb\apache-tomcat-8.5.11\webapps\examples has finished in 273 ms
16-Mar-2017 15:22:00.375 INFO [localhost-startStop-1] org.apache.catalina.startup.HostConfig.deployDirectory Deploying web application directory C:\Users\ahmad\Desktop\Opgaver\4 - Semester\Distribuerede systemer\GalgelegForprojekt\GalgelegWeb\apache-tomcat-8.5.11\webapps\host-manager
16-Mar-2017 15:22:00.401 INFO [localhost-startStop-1] org.apache.catalina.startup.HostConfig.deployDirectory Deployment of web application directory C:\Users\ahmad\Desktop\Opgaver\4 - Semester\Distribuerede systemer\GalgelegForprojekt\GalgelegWeb\apache-tomcat-8.5.11\webapps\host-manager has finished in 26 ms
16-Mar-2017 15:22:00.401 INFO [localhost-startStop-1] org.apache.catalina.startup.HostConfig.deployDirectory Deploying web application directory C:\Users\ahmad\Desktop\Opgaver\4 - Semester\Distribuerede systemer\GalgelegForprojekt\GalgelegWeb\apache-tomcat-8.5.11\webapps\manager
16-Mar-2017 15:22:00.427 INFO [localhost-startStop-1] org.apache.catalina.startup.HostConfig.deployDirectory Deployment of web application directory C:\Users\ahmad\Desktop\Opgaver\4 - Semester\Distribuerede systemer\GalgelegForprojekt\GalgelegWeb\apache-tomcat-8.5.11\webapps\manager has finished in 26 ms
16-Mar-2017 15:22:00.427 INFO [localhost-startStop-1] org.apache.catalina.startup.HostConfig.deployDirectory Deploying web application directory C:\Users\ahmad\Desktop\Opgaver\4 - Semester\Distribuerede systemer\GalgelegForprojekt\GalgelegWeb\apache-tomcat-8.5.11\webapps\ROOT
16-Mar-2017 15:22:00.452 INFO [localhost-startStop-1] org.apache.catalina.startup.HostConfig.deployDirectory Deployment of web application directory C:\Users\ahmad\Desktop\Opgaver\4 - Semester\Distribuerede systemer\GalgelegForprojekt\GalgelegWeb\apache-tomcat-8.5.11\webapps\ROOT has finished in 25 ms
16-Mar-2017 15:22:00.455 INFO [main] org.apache.coyote.AbstractProtocol.start Starting ProtocolHandler [http-nio-8080]
16-Mar-2017 15:22:00.464 INFO [main] org.apache.coyote.AbstractProtocol.start Starting ProtocolHandler [ajp-nio-8009]
16-Mar-2017 15:22:00.466 INFO [main] org.apache.catalina.startup.Catalina.start Server startup in 801 ms
16-Mar-2017 15:22:00.904 INFO [http-nio-8080-exec-5] org.apache.catalina.core.StandardContext.reload Reloading Context with name [/GalgelegWeb] has started
16-Mar-2017 15:22:00.957 INFO [http-nio-8080-exec-5] org.apache.catalina.core.StandardContext.reload Reloading Context with name [/GalgelegWeb] is completed
16-Mar-2017 15:22:16.874 INFO [main] org.apache.catalina.core.StandardServer.await A valid shutdown command was received via the shutdown port. Stopping the Server instance.
16-Mar-2017 15:22:16.874 INFO [main] org.apache.coyote.AbstractProtocol.pause Pausing ProtocolHandler ["http-nio-8080"]
16-Mar-2017 15:22:16.986 INFO [main] org.apache.coyote.AbstractProtocol.pause Pausing ProtocolHandler ["ajp-nio-8009"]
16-Mar-2017 15:22:17.107 INFO [main] org.apache.catalina.core.StandardService.stopInternal Stopping service Catalina
16-Mar-2017 15:22:17.122 INFO [main] org.apache.coyote.AbstractProtocol.stop Stopping ProtocolHandler ["http-nio-8080"]
16-Mar-2017 15:22:17.124 INFO [main] org.apache.coyote.AbstractProtocol.stop Stopping ProtocolHandler ["ajp-nio-8009"]
16-Mar-2017 15:22:17.125 INFO [main] org.apache.coyote.AbstractProtocol.destroy Destroying ProtocolHandler ["http-nio-8080"]
16-Mar-2017 15:22:17.125 INFO [main] org.apache.coyote.AbstractProtocol.destroy Destroying ProtocolHandler ["ajp-nio-8009"]
16-Mar-2017 15:22:47.519 INFO [main] org.apache.catalina.startup.VersionLoggerListener.log Server version:        Apache Tomcat/8.5.11
16-Mar-2017 15:22:47.521 INFO [main] org.apache.catalina.startup.VersionLoggerListener.log Server built:          Jan 10 2017 21:02:52 UTC
16-Mar-2017 15:22:47.521 INFO [main] org.apache.catalina.startup.VersionLoggerListener.log Server number:         8.5.11.0
16-Mar-2017 15:22:47.521 INFO [main] org.apache.catalina.startup.VersionLoggerListener.log OS Name:               Windows 10
16-Mar-2017 15:22:47.521 INFO [main] org.apache.catalina.startup.VersionLoggerListener.log OS Version:            10.0
16-Mar-2017 15:22:47.522 INFO [main] org.apache.catalina.startup.VersionLoggerListener.log Architecture:          amd64
16-Mar-2017 15:22:47.522 INFO [main] org.apache.catalina.startup.VersionLoggerListener.log Java Home:             C:\Program Files\Java\jdk1.8.0_121\jre
16-Mar-2017 15:22:47.522 INFO [main] org.apache.catalina.startup.VersionLoggerListener.log JVM Version:           1.8.0_121-b13
16-Mar-2017 15:22:47.522 INFO [main] org.apache.catalina.startup.VersionLoggerListener.log JVM Vendor:            Oracle Corporation
16-Mar-2017 15:22:47.522 INFO [main] org.apache.catalina.startup.VersionLoggerListener.log CATALINA_BASE:         C:\Users\ahmad\Desktop\Opgaver\4 - Semester\Distribuerede systemer\GalgelegForprojekt\GalgelegWeb\apache-tomcat-8.5.11
16-Mar-2017 15:22:47.522 INFO [main] org.apache.catalina.startup.VersionLoggerListener.log CATALINA_HOME:         C:\Users\ahmad\Desktop\Opgaver\4 - Semester\Distribuerede systemer\GalgelegForprojekt\GalgelegWeb\apache-tomcat-8.5.11
16-Mar-2017 15:22:47.523 INFO [main] org.apache.catalina.startup.VersionLoggerListener.log Command line argument: -Djava.util.logging.config.file=C:\Users\ahmad\Desktop\Opgaver\4 - Semester\Distribuerede systemer\GalgelegForprojekt\GalgelegWeb\apache-tomcat-8.5.11\conf\logging.properties
16-Mar-2017 15:22:47.523 INFO [main] org.apache.catalina.startup.VersionLoggerListener.log Command line argument: -Djava.util.logging.manager=org.apache.juli.ClassLoaderLogManager
16-Mar-2017 15:22:47.523 INFO [main] org.apache.catalina.startup.VersionLoggerListener.log Command line argument: -Dhttp.nonProxyHosts=localhost|127.0.0.1|MSI
16-Mar-2017 15:22:47.523 INFO [main] org.apache.catalina.startup.VersionLoggerListener.log Command line argument: -Djdk.tls.ephemeralDHKeySize=2048
16-Mar-2017 15:22:47.523 INFO [main] org.apache.catalina.startup.VersionLoggerListener.log Command line argument: -Djava.protocol.handler.pkgs=org.apache.catalina.webresources
16-Mar-2017 15:22:47.523 INFO [main] org.apache.catalina.startup.VersionLoggerListener.log Command line argument: -Dcatalina.base=C:\Users\ahmad\Desktop\Opgaver\4 - Semester\Distribuerede systemer\GalgelegForprojekt\GalgelegWeb\apache-tomcat-8.5.11
16-Mar-2017 15:22:47.523 INFO [main] org.apache.catalina.startup.VersionLoggerListener.log Command line argument: -Dcatalina.home=C:\Users\ahmad\Desktop\Opgaver\4 - Semester\Distribuerede systemer\GalgelegForprojekt\GalgelegWeb\apache-tomcat-8.5.11
16-Mar-2017 15:22:47.523 INFO [main] org.apache.catalina.startup.VersionLoggerListener.log Command line argument: -Djava.io.tmpdir=C:\Users\ahmad\Desktop\Opgaver\4 - Semester\Distribuerede systemer\GalgelegForprojekt\GalgelegWeb\apache-tomcat-8.5.11\temp
16-Mar-2017 15:22:47.523 INFO [main] org.apache.catalina.core.AprLifecycleListener.lifecycleEvent Loaded APR based Apache Tomcat Native library 1.2.10 using APR version 1.5.2.
16-Mar-2017 15:22:47.523 INFO [main] org.apache.catalina.core.AprLifecycleListener.lifecycleEvent APR capabilities: IPv6 [true], sendfile [true], accept filters [false], random [true].
16-Mar-2017 15:22:47.523 INFO [main] org.apache.catalina.core.AprLifecycleListener.lifecycleEvent APR/OpenSSL configuration: useAprConnector [false], useOpenSSL [true]
16-Mar-2017 15:22:48.095 INFO [main] org.apache.catalina.core.AprLifecycleListener.initializeSSL OpenSSL successfully initialized (OpenSSL 1.0.2j  26 Sep 2016)
16-Mar-2017 15:22:48.223 INFO [main] org.apache.coyote.AbstractProtocol.init Initializing ProtocolHandler ["http-nio-8080"]
16-Mar-2017 15:22:48.383 INFO [main] org.apache.tomcat.util.net.NioSelectorPool.getSharedSelector Using a shared selector for servlet write/read
16-Mar-2017 15:22:48.385 INFO [main] org.apache.coyote.AbstractProtocol.init Initializing ProtocolHandler ["ajp-nio-8009"]
16-Mar-2017 15:22:48.386 INFO [main] org.apache.tomcat.util.net.NioSelectorPool.getSharedSelector Using a shared selector for servlet write/read
16-Mar-2017 15:22:48.387 INFO [main] org.apache.catalina.startup.Catalina.load Initialization processed in 1184 ms
16-Mar-2017 15:22:48.406 INFO [main] org.apache.catalina.core.StandardService.startInternal Starting service Catalina
16-Mar-2017 15:22:48.407 INFO [main] org.apache.catalina.core.StandardEngine.startInternal Starting Servlet Engine: Apache Tomcat/8.5.11
16-Mar-2017 15:22:48.413 INFO [localhost-startStop-1] org.apache.catalina.startup.HostConfig.deployDescriptor Deploying configuration descriptor C:\Users\ahmad\Desktop\Opgaver\4 - Semester\Distribuerede systemer\GalgelegForprojekt\GalgelegWeb\apache-tomcat-8.5.11\conf\Catalina\localhost\GalgelegWeb.xml
16-Mar-2017 15:22:48.709 INFO [localhost-startStop-1] org.apache.jasper.servlet.TldScanner.scanJars At least one JAR was scanned for TLDs yet contained no TLDs. Enable debug logging for this logger for a complete list of JARs that were scanned but no TLDs were found in them. Skipping unneeded JARs during scanning can improve startup time and JSP compilation time.
16-Mar-2017 15:22:48.769 INFO [localhost-startStop-1] org.apache.catalina.startup.HostConfig.deployDescriptor Deployment of configuration descriptor C:\Users\ahmad\Desktop\Opgaver\4 - Semester\Distribuerede systemer\GalgelegForprojekt\GalgelegWeb\apache-tomcat-8.5.11\conf\Catalina\localhost\GalgelegWeb.xml has finished in 355 ms
16-Mar-2017 15:22:48.770 INFO [localhost-startStop-1] org.apache.catalina.startup.HostConfig.deployDirectory Deploying web application directory C:\Users\ahmad\Desktop\Opgaver\4 - Semester\Distribuerede systemer\GalgelegForprojekt\GalgelegWeb\apache-tomcat-8.5.11\webapps\docs
16-Mar-2017 15:22:48.791 INFO [localhost-startStop-1] org.apache.catalina.startup.HostConfig.deployDirectory Deployment of web application directory C:\Users\ahmad\Desktop\Opgaver\4 - Semester\Distribuerede systemer\GalgelegForprojekt\GalgelegWeb\apache-tomcat-8.5.11\webapps\docs has finished in 21 ms
16-Mar-2017 15:22:48.791 INFO [localhost-startStop-1] org.apache.catalina.startup.HostConfig.deployDirectory Deploying web application directory C:\Users\ahmad\Desktop\Opgaver\4 - Semester\Distribuerede systemer\GalgelegForprojekt\GalgelegWeb\apache-tomcat-8.5.11\webapps\examples
16-Mar-2017 15:22:49.057 INFO [localhost-startStop-1] org.apache.catalina.startup.HostConfig.deployDirectory Deployment of web application directory C:\Users\ahmad\Desktop\Opgaver\4 - Semester\Distribuerede systemer\GalgelegForprojekt\GalgelegWeb\apache-tomcat-8.5.11\webapps\examples has finished in 266 ms
16-Mar-2017 15:22:49.058 INFO [localhost-startStop-1] org.apache.catalina.startup.HostConfig.deployDirectory Deploying web application directory C:\Users\ahmad\Desktop\Opgaver\4 - Semester\Distribuerede systemer\GalgelegForprojekt\GalgelegWeb\apache-tomcat-8.5.11\webapps\host-manager
16-Mar-2017 15:22:49.082 INFO [localhost-startStop-1] org.apache.catalina.startup.HostConfig.deployDirectory Deployment of web application directory C:\Users\ahmad\Desktop\Opgaver\4 - Semester\Distribuerede systemer\GalgelegForprojekt\GalgelegWeb\apache-tomcat-8.5.11\webapps\host-manager has finished in 24 ms
16-Mar-2017 15:22:49.082 INFO [localhost-startStop-1] org.apache.catalina.startup.HostConfig.deployDirectory Deploying web application directory C:\Users\ahmad\Desktop\Opgaver\4 - Semester\Distribuerede systemer\GalgelegForprojekt\GalgelegWeb\apache-tomcat-8.5.11\webapps\manager
16-Mar-2017 15:22:49.108 INFO [localhost-startStop-1] org.apache.catalina.startup.HostConfig.deployDirectory Deployment of web application directory C:\Users\ahmad\Desktop\Opgaver\4 - Semester\Distribuerede systemer\GalgelegForprojekt\GalgelegWeb\apache-tomcat-8.5.11\webapps\manager has finished in 26 ms
16-Mar-2017 15:22:49.108 INFO [localhost-startStop-1] org.apache.catalina.startup.HostConfig.deployDirectory Deploying web application directory C:\Users\ahmad\Desktop\Opgaver\4 - Semester\Distribuerede systemer\GalgelegForprojekt\GalgelegWeb\apache-tomcat-8.5.11\webapps\ROOT
16-Mar-2017 15:22:49.129 INFO [localhost-startStop-1] org.apache.catalina.startup.HostConfig.deployDirectory Deployment of web application directory C:\Users\ahmad\Desktop\Opgaver\4 - Semester\Distribuerede systemer\GalgelegForprojekt\GalgelegWeb\apache-tomcat-8.5.11\webapps\ROOT has finished in 21 ms
16-Mar-2017 15:22:49.132 INFO [main] org.apache.coyote.AbstractProtocol.start Starting ProtocolHandler [http-nio-8080]
16-Mar-2017 15:22:49.138 INFO [main] org.apache.coyote.AbstractProtocol.start Starting ProtocolHandler [ajp-nio-8009]
16-Mar-2017 15:22:49.140 INFO [main] org.apache.catalina.startup.Catalina.start Server startup in 753 ms
16-Mar-2017 15:22:58.146 INFO [main] org.apache.catalina.core.StandardServer.await A valid shutdown command was received via the shutdown port. Stopping the Server instance.
16-Mar-2017 15:22:58.146 INFO [main] org.apache.coyote.AbstractProtocol.pause Pausing ProtocolHandler ["http-nio-8080"]
16-Mar-2017 15:22:58.266 INFO [main] org.apache.coyote.AbstractProtocol.pause Pausing ProtocolHandler ["ajp-nio-8009"]
16-Mar-2017 15:22:58.373 INFO [main] org.apache.catalina.core.StandardService.stopInternal Stopping service Catalina
16-Mar-2017 15:22:58.417 INFO [main] org.apache.coyote.AbstractProtocol.stop Stopping ProtocolHandler ["http-nio-8080"]
16-Mar-2017 15:22:58.421 INFO [main] org.apache.coyote.AbstractProtocol.stop Stopping ProtocolHandler ["ajp-nio-8009"]
16-Mar-2017 15:22:58.422 INFO [main] org.apache.coyote.AbstractProtocol.destroy Destroying ProtocolHandler ["http-nio-8080"]
16-Mar-2017 15:22:58.423 INFO [main] org.apache.coyote.AbstractProtocol.destroy Destroying ProtocolHandler ["ajp-nio-8009"]
16-Mar-2017 15:23:22.256 INFO [main] org.apache.catalina.startup.VersionLoggerListener.log Server version:        Apache Tomcat/8.5.11
16-Mar-2017 15:23:22.258 INFO [main] org.apache.catalina.startup.VersionLoggerListener.log Server built:          Jan 10 2017 21:02:52 UTC
16-Mar-2017 15:23:22.258 INFO [main] org.apache.catalina.startup.VersionLoggerListener.log Server number:         8.5.11.0
16-Mar-2017 15:23:22.258 INFO [main] org.apache.catalina.startup.VersionLoggerListener.log OS Name:               Windows 10
16-Mar-2017 15:23:22.259 INFO [main] org.apache.catalina.startup.VersionLoggerListener.log OS Version:            10.0
16-Mar-2017 15:23:22.259 INFO [main] org.apache.catalina.startup.VersionLoggerListener.log Architecture:          amd64
16-Mar-2017 15:23:22.259 INFO [main] org.apache.catalina.startup.VersionLoggerListener.log Java Home:             C:\Program Files\Java\jdk1.8.0_121\jre
16-Mar-2017 15:23:22.259 INFO [main] org.apache.catalina.startup.VersionLoggerListener.log JVM Version:           1.8.0_121-b13
16-Mar-2017 15:23:22.259 INFO [main] org.apache.catalina.startup.VersionLoggerListener.log JVM Vendor:            Oracle Corporation
16-Mar-2017 15:23:22.259 INFO [main] org.apache.catalina.startup.VersionLoggerListener.log CATALINA_BASE:         C:\Users\ahmad\Desktop\Opgaver\4 - Semester\Distribuerede systemer\GalgelegForprojekt\GalgelegWeb\apache-tomcat-8.5.11
16-Mar-2017 15:23:22.259 INFO [main] org.apache.catalina.startup.VersionLoggerListener.log CATALINA_HOME:         C:\Users\ahmad\Desktop\Opgaver\4 - Semester\Distribuerede systemer\GalgelegForprojekt\GalgelegWeb\apache-tomcat-8.5.11
16-Mar-2017 15:23:22.259 INFO [main] org.apache.catalina.startup.VersionLoggerListener.log Command line argument: -Djava.util.logging.config.file=C:\Users\ahmad\Desktop\Opgaver\4 - Semester\Distribuerede systemer\GalgelegForprojekt\GalgelegWeb\apache-tomcat-8.5.11\conf\logging.properties
16-Mar-2017 15:23:22.260 INFO [main] org.apache.catalina.startup.VersionLoggerListener.log Command line argument: -Djava.util.logging.manager=org.apache.juli.ClassLoaderLogManager
16-Mar-2017 15:23:22.260 INFO [main] org.apache.catalina.startup.VersionLoggerListener.log Command line argument: -Dhttp.nonProxyHosts=localhost|127.0.0.1|MSI
16-Mar-2017 15:23:22.260 INFO [main] org.apache.catalina.startup.VersionLoggerListener.log Command line argument: -Djdk.tls.ephemeralDHKeySize=2048
16-Mar-2017 15:23:22.260 INFO [main] org.apache.catalina.startup.VersionLoggerListener.log Command line argument: -Djava.protocol.handler.pkgs=org.apache.catalina.webresources
16-Mar-2017 15:23:22.260 INFO [main] org.apache.catalina.startup.VersionLoggerListener.log Command line argument: -Dcatalina.base=C:\Users\ahmad\Desktop\Opgaver\4 - Semester\Distribuerede systemer\GalgelegForprojekt\GalgelegWeb\apache-tomcat-8.5.11
16-Mar-2017 15:23:22.261 INFO [main] org.apache.catalina.startup.VersionLoggerListener.log Command line argument: -Dcatalina.home=C:\Users\ahmad\Desktop\Opgaver\4 - Semester\Distribuerede systemer\GalgelegForprojekt\GalgelegWeb\apache-tomcat-8.5.11
16-Mar-2017 15:23:22.261 INFO [main] org.apache.catalina.startup.VersionLoggerListener.log Command line argument: -Djava.io.tmpdir=C:\Users\ahmad\Desktop\Opgaver\4 - Semester\Distribuerede systemer\GalgelegForprojekt\GalgelegWeb\apache-tomcat-8.5.11\temp
16-Mar-2017 15:23:22.261 INFO [main] org.apache.catalina.core.AprLifecycleListener.lifecycleEvent Loaded APR based Apache Tomcat Native library 1.2.10 using APR version 1.5.2.
16-Mar-2017 15:23:22.261 INFO [main] org.apache.catalina.core.AprLifecycleListener.lifecycleEvent APR capabilities: IPv6 [true], sendfile [true], accept filters [false], random [true].
16-Mar-2017 15:23:22.261 INFO [main] org.apache.catalina.core.AprLifecycleListener.lifecycleEvent APR/OpenSSL configuration: useAprConnector [false], useOpenSSL [true]
16-Mar-2017 15:23:22.876 INFO [main] org.apache.catalina.core.AprLifecycleListener.initializeSSL OpenSSL successfully initialized (OpenSSL 1.0.2j  26 Sep 2016)
16-Mar-2017 15:23:22.974 INFO [main] org.apache.coyote.AbstractProtocol.init Initializing ProtocolHandler ["http-nio-8080"]
16-Mar-2017 15:23:23.145 INFO [main] org.apache.tomcat.util.net.NioSelectorPool.getSharedSelector Using a shared selector for servlet write/read
16-Mar-2017 15:23:23.147 INFO [main] org.apache.coyote.AbstractProtocol.init Initializing ProtocolHandler ["ajp-nio-8009"]
16-Mar-2017 15:23:23.149 INFO [main] org.apache.tomcat.util.net.NioSelectorPool.getSharedSelector Using a shared selector for servlet write/read
16-Mar-2017 15:23:23.150 INFO [main] org.apache.catalina.startup.Catalina.load Initialization processed in 1306 ms
16-Mar-2017 15:23:23.175 INFO [main] org.apache.catalina.core.StandardService.startInternal Starting service Catalina
16-Mar-2017 15:23:23.175 INFO [main] org.apache.catalina.core.StandardEngine.startInternal Starting Servlet Engine: Apache Tomcat/8.5.11
16-Mar-2017 15:23:23.187 INFO [localhost-startStop-1] org.apache.catalina.startup.HostConfig.deployDescriptor Deploying configuration descriptor C:\Users\ahmad\Desktop\Opgaver\4 - Semester\Distribuerede systemer\GalgelegForprojekt\GalgelegWeb\apache-tomcat-8.5.11\conf\Catalina\localhost\GalgelegWeb.xml
16-Mar-2017 15:23:23.492 INFO [localhost-startStop-1] org.apache.jasper.servlet.TldScanner.scanJars At least one JAR was scanned for TLDs yet contained no TLDs. Enable debug logging for this logger for a complete list of JARs that were scanned but no TLDs were found in them. Skipping unneeded JARs during scanning can improve startup time and JSP compilation time.
16-Mar-2017 15:23:23.546 INFO [localhost-startStop-1] org.apache.catalina.startup.HostConfig.deployDescriptor Deployment of configuration descriptor C:\Users\ahmad\Desktop\Opgaver\4 - Semester\Distribuerede systemer\GalgelegForprojekt\GalgelegWeb\apache-tomcat-8.5.11\conf\Catalina\localhost\GalgelegWeb.xml has finished in 358 ms
16-Mar-2017 15:23:23.547 INFO [localhost-startStop-1] org.apache.catalina.startup.HostConfig.deployDirectory Deploying web application directory C:\Users\ahmad\Desktop\Opgaver\4 - Semester\Distribuerede systemer\GalgelegForprojekt\GalgelegWeb\apache-tomcat-8.5.11\webapps\docs
16-Mar-2017 15:23:23.568 INFO [localhost-startStop-1] org.apache.catalina.startup.HostConfig.deployDirectory Deployment of web application directory C:\Users\ahmad\Desktop\Opgaver\4 - Semester\Distribuerede systemer\GalgelegForprojekt\GalgelegWeb\apache-tomcat-8.5.11\webapps\docs has finished in 21 ms
16-Mar-2017 15:23:23.568 INFO [localhost-startStop-1] org.apache.catalina.startup.HostConfig.deployDirectory Deploying web application directory C:\Users\ahmad\Desktop\Opgaver\4 - Semester\Distribuerede systemer\GalgelegForprojekt\GalgelegWeb\apache-tomcat-8.5.11\webapps\examples
16-Mar-2017 15:23:23.809 INFO [localhost-startStop-1] org.apache.catalina.startup.HostConfig.deployDirectory Deployment of web application directory C:\Users\ahmad\Desktop\Opgaver\4 - Semester\Distribuerede systemer\GalgelegForprojekt\GalgelegWeb\apache-tomcat-8.5.11\webapps\examples has finished in 241 ms
16-Mar-2017 15:23:23.809 INFO [localhost-startStop-1] org.apache.catalina.startup.HostConfig.deployDirectory Deploying web application directory C:\Users\ahmad\Desktop\Opgaver\4 - Semester\Distribuerede systemer\GalgelegForprojekt\GalgelegWeb\apache-tomcat-8.5.11\webapps\host-manager
16-Mar-2017 15:23:23.831 INFO [localhost-startStop-1] org.apache.catalina.startup.HostConfig.deployDirectory Deployment of web application directory C:\Users\ahmad\Desktop\Opgaver\4 - Semester\Distribuerede systemer\GalgelegForprojekt\GalgelegWeb\apache-tomcat-8.5.11\webapps\host-manager has finished in 21 ms
16-Mar-2017 15:23:23.831 INFO [localhost-startStop-1] org.apache.catalina.startup.HostConfig.deployDirectory Deploying web application directory C:\Users\ahmad\Desktop\Opgaver\4 - Semester\Distribuerede systemer\GalgelegForprojekt\GalgelegWeb\apache-tomcat-8.5.11\webapps\manager
16-Mar-2017 15:23:23.854 INFO [localhost-startStop-1] org.apache.catalina.startup.HostConfig.deployDirectory Deployment of web application directory C:\Users\ahmad\Desktop\Opgaver\4 - Semester\Distribuerede systemer\GalgelegForprojekt\GalgelegWeb\apache-tomcat-8.5.11\webapps\manager has finished in 23 ms
16-Mar-2017 15:23:23.854 INFO [localhost-startStop-1] org.apache.catalina.startup.HostConfig.deployDirectory Deploying web application directory C:\Users\ahmad\Desktop\Opgaver\4 - Semester\Distribuerede systemer\GalgelegForprojekt\GalgelegWeb\apache-tomcat-8.5.11\webapps\ROOT
16-Mar-2017 15:23:23.874 INFO [localhost-startStop-1] org.apache.catalina.startup.HostConfig.deployDirectory Deployment of web application directory C:\Users\ahmad\Desktop\Opgaver\4 - Semester\Distribuerede systemer\GalgelegForprojekt\GalgelegWeb\apache-tomcat-8.5.11\webapps\ROOT has finished in 20 ms
16-Mar-2017 15:23:23.876 INFO [main] org.apache.coyote.AbstractProtocol.start Starting ProtocolHandler [http-nio-8080]
16-Mar-2017 15:23:23.881 INFO [main] org.apache.coyote.AbstractProtocol.start Starting ProtocolHandler [ajp-nio-8009]
16-Mar-2017 15:23:23.883 INFO [main] org.apache.catalina.startup.Catalina.start Server startup in 733 ms
16-Mar-2017 15:23:42.360 INFO [main] org.apache.catalina.core.StandardServer.await A valid shutdown command was received via the shutdown port. Stopping the Server instance.
16-Mar-2017 15:23:42.360 INFO [main] org.apache.coyote.AbstractProtocol.pause Pausing ProtocolHandler ["http-nio-8080"]
16-Mar-2017 15:23:42.467 INFO [main] org.apache.coyote.AbstractProtocol.pause Pausing ProtocolHandler ["ajp-nio-8009"]
16-Mar-2017 15:23:42.587 INFO [main] org.apache.catalina.core.StandardService.stopInternal Stopping service Catalina
16-Mar-2017 15:23:42.614 INFO [main] org.apache.coyote.AbstractProtocol.stop Stopping ProtocolHandler ["http-nio-8080"]
16-Mar-2017 15:23:42.616 INFO [main] org.apache.coyote.AbstractProtocol.stop Stopping ProtocolHandler ["ajp-nio-8009"]
16-Mar-2017 15:23:42.616 INFO [main] org.apache.coyote.AbstractProtocol.destroy Destroying ProtocolHandler ["http-nio-8080"]
16-Mar-2017 15:23:42.617 INFO [main] org.apache.coyote.AbstractProtocol.destroy Destroying ProtocolHandler ["ajp-nio-8009"]
16-Mar-2017 15:25:12.077 INFO [main] org.apache.catalina.startup.VersionLoggerListener.log Server version:        Apache Tomcat/8.5.11
16-Mar-2017 15:25:12.080 INFO [main] org.apache.catalina.startup.VersionLoggerListener.log Server built:          Jan 10 2017 21:02:52 UTC
16-Mar-2017 15:25:12.080 INFO [main] org.apache.catalina.startup.VersionLoggerListener.log Server number:         8.5.11.0
16-Mar-2017 15:25:12.080 INFO [main] org.apache.catalina.startup.VersionLoggerListener.log OS Name:               Windows 10
16-Mar-2017 15:25:12.081 INFO [main] org.apache.catalina.startup.VersionLoggerListener.log OS Version:            10.0
16-Mar-2017 15:25:12.081 INFO [main] org.apache.catalina.startup.VersionLoggerListener.log Architecture:          amd64
16-Mar-2017 15:25:12.081 INFO [main] org.apache.catalina.startup.VersionLoggerListener.log Java Home:             C:\Program Files\Java\jdk1.8.0_121\jre
16-Mar-2017 15:25:12.081 INFO [main] org.apache.catalina.startup.VersionLoggerListener.log JVM Version:           1.8.0_121-b13
16-Mar-2017 15:25:12.081 INFO [main] org.apache.catalina.startup.VersionLoggerListener.log JVM Vendor:            Oracle Corporation
16-Mar-2017 15:25:12.081 INFO [main] org.apache.catalina.startup.VersionLoggerListener.log CATALINA_BASE:         C:\Users\ahmad\Desktop\Opgaver\4 - Semester\Distribuerede systemer\GalgelegForprojekt\GalgelegWeb\apache-tomcat-8.5.11
16-Mar-2017 15:25:12.081 INFO [main] org.apache.catalina.startup.VersionLoggerListener.log CATALINA_HOME:         C:\Users\ahmad\Desktop\Opgaver\4 - Semester\Distribuerede systemer\GalgelegForprojekt\GalgelegWeb\apache-tomcat-8.5.11
16-Mar-2017 15:25:12.081 INFO [main] org.apache.catalina.startup.VersionLoggerListener.log Command line argument: -Djava.util.logging.config.file=C:\Users\ahmad\Desktop\Opgaver\4 - Semester\Distribuerede systemer\GalgelegForprojekt\GalgelegWeb\apache-tomcat-8.5.11\conf\logging.properties
16-Mar-2017 15:25:12.082 INFO [main] org.apache.catalina.startup.VersionLoggerListener.log Command line argument: -Djava.util.logging.manager=org.apache.juli.ClassLoaderLogManager
16-Mar-2017 15:25:12.082 INFO [main] org.apache.catalina.startup.VersionLoggerListener.log Command line argument: -Dhttp.nonProxyHosts=localhost|127.0.0.1|MSI
16-Mar-2017 15:25:12.082 INFO [main] org.apache.catalina.startup.VersionLoggerListener.log Command line argument: -Djdk.tls.ephemeralDHKeySize=2048
16-Mar-2017 15:25:12.082 INFO [main] org.apache.catalina.startup.VersionLoggerListener.log Command line argument: -Djava.protocol.handler.pkgs=org.apache.catalina.webresources
16-Mar-2017 15:25:12.082 INFO [main] org.apache.catalina.startup.VersionLoggerListener.log Command line argument: -Dcatalina.base=C:\Users\ahmad\Desktop\Opgaver\4 - Semester\Distribuerede systemer\GalgelegForprojekt\GalgelegWeb\apache-tomcat-8.5.11
16-Mar-2017 15:25:12.083 INFO [main] org.apache.catalina.startup.VersionLoggerListener.log Command line argument: -Dcatalina.home=C:\Users\ahmad\Desktop\Opgaver\4 - Semester\Distribuerede systemer\GalgelegForprojekt\GalgelegWeb\apache-tomcat-8.5.11
16-Mar-2017 15:25:12.083 INFO [main] org.apache.catalina.startup.VersionLoggerListener.log Command line argument: -Djava.io.tmpdir=C:\Users\ahmad\Desktop\Opgaver\4 - Semester\Distribuerede systemer\GalgelegForprojekt\GalgelegWeb\apache-tomcat-8.5.11\temp
16-Mar-2017 15:25:12.083 INFO [main] org.apache.catalina.core.AprLifecycleListener.lifecycleEvent Loaded APR based Apache Tomcat Native library 1.2.10 using APR version 1.5.2.
16-Mar-2017 15:25:12.083 INFO [main] org.apache.catalina.core.AprLifecycleListener.lifecycleEvent APR capabilities: IPv6 [true], sendfile [true], accept filters [false], random [true].
16-Mar-2017 15:25:12.083 INFO [main] org.apache.catalina.core.AprLifecycleListener.lifecycleEvent APR/OpenSSL configuration: useAprConnector [false], useOpenSSL [true]
16-Mar-2017 15:25:12.697 INFO [main] org.apache.catalina.core.AprLifecycleListener.initializeSSL OpenSSL successfully initialized (OpenSSL 1.0.2j  26 Sep 2016)
16-Mar-2017 15:25:12.824 INFO [main] org.apache.coyote.AbstractProtocol.init Initializing ProtocolHandler ["http-nio-8080"]
16-Mar-2017 15:25:12.993 INFO [main] org.apache.tomcat.util.net.NioSelectorPool.getSharedSelector Using a shared selector for servlet write/read
16-Mar-2017 15:25:12.995 INFO [main] org.apache.coyote.AbstractProtocol.init Initializing ProtocolHandler ["ajp-nio-8009"]
16-Mar-2017 15:25:12.997 INFO [main] org.apache.tomcat.util.net.NioSelectorPool.getSharedSelector Using a shared selector for servlet write/read
16-Mar-2017 15:25:12.997 INFO [main] org.apache.catalina.startup.Catalina.load Initialization processed in 1367 ms
16-Mar-2017 15:25:13.017 INFO [main] org.apache.catalina.core.StandardService.startInternal Starting service Catalina
16-Mar-2017 15:25:13.018 INFO [main] org.apache.catalina.core.StandardEngine.startInternal Starting Servlet Engine: Apache Tomcat/8.5.11
16-Mar-2017 15:25:13.025 INFO [localhost-startStop-1] org.apache.catalina.startup.HostConfig.deployDescriptor Deploying configuration descriptor C:\Users\ahmad\Desktop\Opgaver\4 - Semester\Distribuerede systemer\GalgelegForprojekt\GalgelegWeb\apache-tomcat-8.5.11\conf\Catalina\localhost\GalgelegWeb.xml
16-Mar-2017 15:25:13.393 INFO [localhost-startStop-1] org.apache.jasper.servlet.TldScanner.scanJars At least one JAR was scanned for TLDs yet contained no TLDs. Enable debug logging for this logger for a complete list of JARs that were scanned but no TLDs were found in them. Skipping unneeded JARs during scanning can improve startup time and JSP compilation time.
16-Mar-2017 15:25:13.452 INFO [localhost-startStop-1] org.apache.catalina.startup.HostConfig.deployDescriptor Deployment of configuration descriptor C:\Users\ahmad\Desktop\Opgaver\4 - Semester\Distribuerede systemer\GalgelegForprojekt\GalgelegWeb\apache-tomcat-8.5.11\conf\Catalina\localhost\GalgelegWeb.xml has finished in 427 ms
16-Mar-2017 15:25:13.453 INFO [localhost-startStop-1] org.apache.catalina.startup.HostConfig.deployDirectory Deploying web application directory C:\Users\ahmad\Desktop\Opgaver\4 - Semester\Distribuerede systemer\GalgelegForprojekt\GalgelegWeb\apache-tomcat-8.5.11\webapps\docs
16-Mar-2017 15:25:13.472 INFO [localhost-startStop-1] org.apache.catalina.startup.HostConfig.deployDirectory Deployment of web application directory C:\Users\ahmad\Desktop\Opgaver\4 - Semester\Distribuerede systemer\GalgelegForprojekt\GalgelegWeb\apache-tomcat-8.5.11\webapps\docs has finished in 19 ms
16-Mar-2017 15:25:13.473 INFO [localhost-startStop-1] org.apache.catalina.startup.HostConfig.deployDirectory Deploying web application directory C:\Users\ahmad\Desktop\Opgaver\4 - Semester\Distribuerede systemer\GalgelegForprojekt\GalgelegWeb\apache-tomcat-8.5.11\webapps\examples
16-Mar-2017 15:25:13.772 INFO [localhost-startStop-1] org.apache.catalina.startup.HostConfig.deployDirectory Deployment of web application directory C:\Users\ahmad\Desktop\Opgaver\4 - Semester\Distribuerede systemer\GalgelegForprojekt\GalgelegWeb\apache-tomcat-8.5.11\webapps\examples has finished in 299 ms
16-Mar-2017 15:25:13.772 INFO [localhost-startStop-1] org.apache.catalina.startup.HostConfig.deployDirectory Deploying web application directory C:\Users\ahmad\Desktop\Opgaver\4 - Semester\Distribuerede systemer\GalgelegForprojekt\GalgelegWeb\apache-tomcat-8.5.11\webapps\host-manager
16-Mar-2017 15:25:13.801 INFO [localhost-startStop-1] org.apache.catalina.startup.HostConfig.deployDirectory Deployment of web application directory C:\Users\ahmad\Desktop\Opgaver\4 - Semester\Distribuerede systemer\GalgelegForprojekt\GalgelegWeb\apache-tomcat-8.5.11\webapps\host-manager has finished in 29 ms
16-Mar-2017 15:25:13.801 INFO [localhost-startStop-1] org.apache.catalina.startup.HostConfig.deployDirectory Deploying web application directory C:\Users\ahmad\Desktop\Opgaver\4 - Semester\Distribuerede systemer\GalgelegForprojekt\GalgelegWeb\apache-tomcat-8.5.11\webapps\manager
16-Mar-2017 15:25:13.831 INFO [localhost-startStop-1] org.apache.catalina.startup.HostConfig.deployDirectory Deployment of web application directory C:\Users\ahmad\Desktop\Opgaver\4 - Semester\Distribuerede systemer\GalgelegForprojekt\GalgelegWeb\apache-tomcat-8.5.11\webapps\manager has finished in 30 ms
16-Mar-2017 15:25:13.831 INFO [localhost-startStop-1] org.apache.catalina.startup.HostConfig.deployDirectory Deploying web application directory C:\Users\ahmad\Desktop\Opgaver\4 - Semester\Distribuerede systemer\GalgelegForprojekt\GalgelegWeb\apache-tomcat-8.5.11\webapps\ROOT
16-Mar-2017 15:25:13.855 INFO [localhost-startStop-1] org.apache.catalina.startup.HostConfig.deployDirectory Deployment of web application directory C:\Users\ahmad\Desktop\Opgaver\4 - Semester\Distribuerede systemer\GalgelegForprojekt\GalgelegWeb\apache-tomcat-8.5.11\webapps\ROOT has finished in 23 ms
16-Mar-2017 15:25:13.858 INFO [main] org.apache.coyote.AbstractProtocol.start Starting ProtocolHandler [http-nio-8080]
16-Mar-2017 15:25:13.866 INFO [main] org.apache.coyote.AbstractProtocol.start Starting ProtocolHandler [ajp-nio-8009]
16-Mar-2017 15:25:13.868 INFO [main] org.apache.catalina.startup.Catalina.start Server startup in 871 ms
16-Mar-2017 15:25:14.958 INFO [http-nio-8080-exec-6] org.apache.catalina.startup.HostConfig.undeploy Undeploying context [/GalgelegWeb]
16-Mar-2017 15:25:14.982 INFO [http-nio-8080-exec-9] org.apache.catalina.startup.HostConfig.deployDescriptor Deploying configuration descriptor C:\Users\ahmad\Desktop\Opgaver\4 - Semester\Distribuerede systemer\GalgelegForprojekt\GalgelegWeb\apache-tomcat-8.5.11\conf\Catalina\localhost\GalgelegWeb.xml
16-Mar-2017 15:25:15.065 INFO [http-nio-8080-exec-9] org.apache.catalina.startup.HostConfig.deployDescriptor Deployment of configuration descriptor C:\Users\ahmad\Desktop\Opgaver\4 - Semester\Distribuerede systemer\GalgelegForprojekt\GalgelegWeb\apache-tomcat-8.5.11\conf\Catalina\localhost\GalgelegWeb.xml has finished in 83 ms
16-Mar-2017 15:25:19.032 INFO [main] org.apache.catalina.core.StandardServer.await A valid shutdown command was received via the shutdown port. Stopping the Server instance.
16-Mar-2017 15:25:19.032 INFO [main] org.apache.coyote.AbstractProtocol.pause Pausing ProtocolHandler ["http-nio-8080"]
16-Mar-2017 15:25:19.150 INFO [main] org.apache.coyote.AbstractProtocol.pause Pausing ProtocolHandler ["ajp-nio-8009"]
16-Mar-2017 15:25:19.281 INFO [main] org.apache.catalina.core.StandardService.stopInternal Stopping service Catalina
16-Mar-2017 15:25:19.298 INFO [main] org.apache.coyote.AbstractProtocol.stop Stopping ProtocolHandler ["http-nio-8080"]
16-Mar-2017 15:25:19.299 INFO [main] org.apache.coyote.AbstractProtocol.stop Stopping ProtocolHandler ["ajp-nio-8009"]
16-Mar-2017 15:25:19.300 INFO [main] org.apache.coyote.AbstractProtocol.destroy Destroying ProtocolHandler ["http-nio-8080"]
16-Mar-2017 15:25:19.300 INFO [main] org.apache.coyote.AbstractProtocol.destroy Destroying ProtocolHandler ["ajp-nio-8009"]
16-Mar-2017 15:25:30.834 INFO [main] org.apache.catalina.startup.VersionLoggerListener.log Server version:        Apache Tomcat/8.5.11
16-Mar-2017 15:25:30.836 INFO [main] org.apache.catalina.startup.VersionLoggerListener.log Server built:          Jan 10 2017 21:02:52 UTC
16-Mar-2017 15:25:30.836 INFO [main] org.apache.catalina.startup.VersionLoggerListener.log Server number:         8.5.11.0
16-Mar-2017 15:25:30.836 INFO [main] org.apache.catalina.startup.VersionLoggerListener.log OS Name:               Windows 10
16-Mar-2017 15:25:30.836 INFO [main] org.apache.catalina.startup.VersionLoggerListener.log OS Version:            10.0
16-Mar-2017 15:25:30.836 INFO [main] org.apache.catalina.startup.VersionLoggerListener.log Architecture:          amd64
16-Mar-2017 15:25:30.836 INFO [main] org.apache.catalina.startup.VersionLoggerListener.log Java Home:             C:\Program Files\Java\jdk1.8.0_121\jre
16-Mar-2017 15:25:30.836 INFO [main] org.apache.catalina.startup.VersionLoggerListener.log JVM Version:           1.8.0_121-b13
16-Mar-2017 15:25:30.836 INFO [main] org.apache.catalina.startup.VersionLoggerListener.log JVM Vendor:            Oracle Corporation
16-Mar-2017 15:25:30.837 INFO [main] org.apache.catalina.startup.VersionLoggerListener.log CATALINA_BASE:         C:\Users\ahmad\Desktop\Opgaver\4 - Semester\Distribuerede systemer\GalgelegForprojekt\GalgelegWeb\apache-tomcat-8.5.11
16-Mar-2017 15:25:30.837 INFO [main] org.apache.catalina.startup.VersionLoggerListener.log CATALINA_HOME:         C:\Users\ahmad\Desktop\Opgaver\4 - Semester\Distribuerede systemer\GalgelegForprojekt\GalgelegWeb\apache-tomcat-8.5.11
16-Mar-2017 15:25:30.837 INFO [main] org.apache.catalina.startup.VersionLoggerListener.log Command line argument: -Djava.util.logging.config.file=C:\Users\ahmad\Desktop\Opgaver\4 - Semester\Distribuerede systemer\GalgelegForprojekt\GalgelegWeb\apache-tomcat-8.5.11\conf\logging.properties
16-Mar-2017 15:25:30.837 INFO [main] org.apache.catalina.startup.VersionLoggerListener.log Command line argument: -Djava.util.logging.manager=org.apache.juli.ClassLoaderLogManager
16-Mar-2017 15:25:30.837 INFO [main] org.apache.catalina.startup.VersionLoggerListener.log Command line argument: -Dhttp.nonProxyHosts=localhost|127.0.0.1|MSI
16-Mar-2017 15:25:30.837 INFO [main] org.apache.catalina.startup.VersionLoggerListener.log Command line argument: -Djdk.tls.ephemeralDHKeySize=2048
16-Mar-2017 15:25:30.837 INFO [main] org.apache.catalina.startup.VersionLoggerListener.log Command line argument: -Djava.protocol.handler.pkgs=org.apache.catalina.webresources
16-Mar-2017 15:25:30.837 INFO [main] org.apache.catalina.startup.VersionLoggerListener.log Command line argument: -Dcatalina.base=C:\Users\ahmad\Desktop\Opgaver\4 - Semester\Distribuerede systemer\GalgelegForprojekt\GalgelegWeb\apache-tomcat-8.5.11
16-Mar-2017 15:25:30.837 INFO [main] org.apache.catalina.startup.VersionLoggerListener.log Command line argument: -Dcatalina.home=C:\Users\ahmad\Desktop\Opgaver\4 - Semester\Distribuerede systemer\GalgelegForprojekt\GalgelegWeb\apache-tomcat-8.5.11
16-Mar-2017 15:25:30.838 INFO [main] org.apache.catalina.startup.VersionLoggerListener.log Command line argument: -Djava.io.tmpdir=C:\Users\ahmad\Desktop\Opgaver\4 - Semester\Distribuerede systemer\GalgelegForprojekt\GalgelegWeb\apache-tomcat-8.5.11\temp
16-Mar-2017 15:25:30.838 INFO [main] org.apache.catalina.core.AprLifecycleListener.lifecycleEvent Loaded APR based Apache Tomcat Native library 1.2.10 using APR version 1.5.2.
16-Mar-2017 15:25:30.838 INFO [main] org.apache.catalina.core.AprLifecycleListener.lifecycleEvent APR capabilities: IPv6 [true], sendfile [true], accept filters [false], random [true].
16-Mar-2017 15:25:30.838 INFO [main] org.apache.catalina.core.AprLifecycleListener.lifecycleEvent APR/OpenSSL configuration: useAprConnector [false], useOpenSSL [true]
16-Mar-2017 15:25:31.440 INFO [main] org.apache.catalina.core.AprLifecycleListener.initializeSSL OpenSSL successfully initialized (OpenSSL 1.0.2j  26 Sep 2016)
16-Mar-2017 15:25:31.578 INFO [main] org.apache.coyote.AbstractProtocol.init Initializing ProtocolHandler ["http-nio-8080"]
16-Mar-2017 15:25:31.742 INFO [main] org.apache.tomcat.util.net.NioSelectorPool.getSharedSelector Using a shared selector for servlet write/read
16-Mar-2017 15:25:31.745 INFO [main] org.apache.coyote.AbstractProtocol.init Initializing ProtocolHandler ["ajp-nio-8009"]
16-Mar-2017 15:25:31.748 INFO [main] org.apache.tomcat.util.net.NioSelectorPool.getSharedSelector Using a shared selector for servlet write/read
16-Mar-2017 15:25:31.748 INFO [main] org.apache.catalina.startup.Catalina.load Initialization processed in 1260 ms
16-Mar-2017 15:25:31.772 INFO [main] org.apache.catalina.core.StandardService.startInternal Starting service Catalina
16-Mar-2017 15:25:31.772 INFO [main] org.apache.catalina.core.StandardEngine.startInternal Starting Servlet Engine: Apache Tomcat/8.5.11
16-Mar-2017 15:25:31.781 INFO [localhost-startStop-1] org.apache.catalina.startup.HostConfig.deployDescriptor Deploying configuration descriptor C:\Users\ahmad\Desktop\Opgaver\4 - Semester\Distribuerede systemer\GalgelegForprojekt\GalgelegWeb\apache-tomcat-8.5.11\conf\Catalina\localhost\GalgelegWeb.xml
16-Mar-2017 15:25:32.090 INFO [localhost-startStop-1] org.apache.jasper.servlet.TldScanner.scanJars At least one JAR was scanned for TLDs yet contained no TLDs. Enable debug logging for this logger for a complete list of JARs that were scanned but no TLDs were found in them. Skipping unneeded JARs during scanning can improve startup time and JSP compilation time.
16-Mar-2017 15:25:32.150 INFO [localhost-startStop-1] org.apache.catalina.startup.HostConfig.deployDescriptor Deployment of configuration descriptor C:\Users\ahmad\Desktop\Opgaver\4 - Semester\Distribuerede systemer\GalgelegForprojekt\GalgelegWeb\apache-tomcat-8.5.11\conf\Catalina\localhost\GalgelegWeb.xml has finished in 368 ms
16-Mar-2017 15:25:32.151 INFO [localhost-startStop-1] org.apache.catalina.startup.HostConfig.deployDirectory Deploying web application directory C:\Users\ahmad\Desktop\Opgaver\4 - Semester\Distribuerede systemer\GalgelegForprojekt\GalgelegWeb\apache-tomcat-8.5.11\webapps\docs
16-Mar-2017 15:25:32.179 INFO [localhost-startStop-1] org.apache.catalina.startup.HostConfig.deployDirectory Deployment of web application directory C:\Users\ahmad\Desktop\Opgaver\4 - Semester\Distribuerede systemer\GalgelegForprojekt\GalgelegWeb\apache-tomcat-8.5.11\webapps\docs has finished in 28 ms
16-Mar-2017 15:25:32.180 INFO [localhost-startStop-1] org.apache.catalina.startup.HostConfig.deployDirectory Deploying web application directory C:\Users\ahmad\Desktop\Opgaver\4 - Semester\Distribuerede systemer\GalgelegForprojekt\GalgelegWeb\apache-tomcat-8.5.11\webapps\examples
16-Mar-2017 15:25:32.520 INFO [localhost-startStop-1] org.apache.catalina.startup.HostConfig.deployDirectory Deployment of web application directory C:\Users\ahmad\Desktop\Opgaver\4 - Semester\Distribuerede systemer\GalgelegForprojekt\GalgelegWeb\apache-tomcat-8.5.11\webapps\examples has finished in 340 ms
16-Mar-2017 15:25:32.520 INFO [localhost-startStop-1] org.apache.catalina.startup.HostConfig.deployDirectory Deploying web application directory C:\Users\ahmad\Desktop\Opgaver\4 - Semester\Distribuerede systemer\GalgelegForprojekt\GalgelegWeb\apache-tomcat-8.5.11\webapps\host-manager
16-Mar-2017 15:25:32.554 INFO [localhost-startStop-1] org.apache.catalina.startup.HostConfig.deployDirectory Deployment of web application directory C:\Users\ahmad\Desktop\Opgaver\4 - Semester\Distribuerede systemer\GalgelegForprojekt\GalgelegWeb\apache-tomcat-8.5.11\webapps\host-manager has finished in 33 ms
16-Mar-2017 15:25:32.554 INFO [localhost-startStop-1] org.apache.catalina.startup.HostConfig.deployDirectory Deploying web application directory C:\Users\ahmad\Desktop\Opgaver\4 - Semester\Distribuerede systemer\GalgelegForprojekt\GalgelegWeb\apache-tomcat-8.5.11\webapps\manager
16-Mar-2017 15:25:32.584 INFO [localhost-startStop-1] org.apache.catalina.startup.HostConfig.deployDirectory Deployment of web application directory C:\Users\ahmad\Desktop\Opgaver\4 - Semester\Distribuerede systemer\GalgelegForprojekt\GalgelegWeb\apache-tomcat-8.5.11\webapps\manager has finished in 30 ms
16-Mar-2017 15:25:32.584 INFO [localhost-startStop-1] org.apache.catalina.startup.HostConfig.deployDirectory Deploying web application directory C:\Users\ahmad\Desktop\Opgaver\4 - Semester\Distribuerede systemer\GalgelegForprojekt\GalgelegWeb\apache-tomcat-8.5.11\webapps\ROOT
16-Mar-2017 15:25:32.613 INFO [localhost-startStop-1] org.apache.catalina.startup.HostConfig.deployDirectory Deployment of web application directory C:\Users\ahmad\Desktop\Opgaver\4 - Semester\Distribuerede systemer\GalgelegForprojekt\GalgelegWeb\apache-tomcat-8.5.11\webapps\ROOT has finished in 29 ms
16-Mar-2017 15:25:32.616 INFO [main] org.apache.coyote.AbstractProtocol.start Starting ProtocolHandler [http-nio-8080]
16-Mar-2017 15:25:32.624 INFO [main] org.apache.coyote.AbstractProtocol.start Starting ProtocolHandler [ajp-nio-8009]
16-Mar-2017 15:25:32.626 INFO [main] org.apache.catalina.startup.Catalina.start Server startup in 878 ms
16-Mar-2017 15:26:38.990 INFO [main] org.apache.catalina.startup.VersionLoggerListener.log Server version:        Apache Tomcat/8.5.11
16-Mar-2017 15:26:38.992 INFO [main] org.apache.catalina.startup.VersionLoggerListener.log Server built:          Jan 10 2017 21:02:52 UTC
16-Mar-2017 15:26:38.992 INFO [main] org.apache.catalina.startup.VersionLoggerListener.log Server number:         8.5.11.0
16-Mar-2017 15:26:38.992 INFO [main] org.apache.catalina.startup.VersionLoggerListener.log OS Name:               Windows 10
16-Mar-2017 15:26:38.992 INFO [main] org.apache.catalina.startup.VersionLoggerListener.log OS Version:            10.0
16-Mar-2017 15:26:38.992 INFO [main] org.apache.catalina.startup.VersionLoggerListener.log Architecture:          amd64
16-Mar-2017 15:26:38.993 INFO [main] org.apache.catalina.startup.VersionLoggerListener.log Java Home:             C:\Program Files\Java\jdk1.8.0_121\jre
16-Mar-2017 15:26:38.993 INFO [main] org.apache.catalina.startup.VersionLoggerListener.log JVM Version:           1.8.0_121-b13
16-Mar-2017 15:26:38.993 INFO [main] org.apache.catalina.startup.VersionLoggerListener.log JVM Vendor:            Oracle Corporation
16-Mar-2017 15:26:38.993 INFO [main] org.apache.catalina.startup.VersionLoggerListener.log CATALINA_BASE:         C:\Users\ahmad\Desktop\Opgaver\4 - Semester\Distribuerede systemer\GalgelegForprojekt\GalgelegWeb\apache-tomcat-8.5.11
16-Mar-2017 15:26:38.993 INFO [main] org.apache.catalina.startup.VersionLoggerListener.log CATALINA_HOME:         C:\Users\ahmad\Desktop\Opgaver\4 - Semester\Distribuerede systemer\GalgelegForprojekt\GalgelegWeb\apache-tomcat-8.5.11
16-Mar-2017 15:26:38.993 INFO [main] org.apache.catalina.startup.VersionLoggerListener.log Command line argument: -Djava.util.logging.config.file=C:\Users\ahmad\Desktop\Opgaver\4 - Semester\Distribuerede systemer\GalgelegForprojekt\GalgelegWeb\apache-tomcat-8.5.11\conf\logging.properties
16-Mar-2017 15:26:38.993 INFO [main] org.apache.catalina.startup.VersionLoggerListener.log Command line argument: -Djava.util.logging.manager=org.apache.juli.ClassLoaderLogManager
16-Mar-2017 15:26:38.993 INFO [main] org.apache.catalina.startup.VersionLoggerListener.log Command line argument: -Dhttp.nonProxyHosts=localhost|127.0.0.1|MSI
16-Mar-2017 15:26:38.993 INFO [main] org.apache.catalina.startup.VersionLoggerListener.log Command line argument: -Djdk.tls.ephemeralDHKeySize=2048
16-Mar-2017 15:26:38.993 INFO [main] org.apache.catalina.startup.VersionLoggerListener.log Command line argument: -Djava.protocol.handler.pkgs=org.apache.catalina.webresources
16-Mar-2017 15:26:38.994 INFO [main] org.apache.catalina.startup.VersionLoggerListener.log Command line argument: -Dcatalina.base=C:\Users\ahmad\Desktop\Opgaver\4 - Semester\Distribuerede systemer\GalgelegForprojekt\GalgelegWeb\apache-tomcat-8.5.11
16-Mar-2017 15:26:38.994 INFO [main] org.apache.catalina.startup.VersionLoggerListener.log Command line argument: -Dcatalina.home=C:\Users\ahmad\Desktop\Opgaver\4 - Semester\Distribuerede systemer\GalgelegForprojekt\GalgelegWeb\apache-tomcat-8.5.11
16-Mar-2017 15:26:38.994 INFO [main] org.apache.catalina.startup.VersionLoggerListener.log Command line argument: -Djava.io.tmpdir=C:\Users\ahmad\Desktop\Opgaver\4 - Semester\Distribuerede systemer\GalgelegForprojekt\GalgelegWeb\apache-tomcat-8.5.11\temp
16-Mar-2017 15:26:38.994 INFO [main] org.apache.catalina.core.AprLifecycleListener.lifecycleEvent Loaded APR based Apache Tomcat Native library 1.2.10 using APR version 1.5.2.
16-Mar-2017 15:26:38.994 INFO [main] org.apache.catalina.core.AprLifecycleListener.lifecycleEvent APR capabilities: IPv6 [true], sendfile [true], accept filters [false], random [true].
16-Mar-2017 15:26:38.994 INFO [main] org.apache.catalina.core.AprLifecycleListener.lifecycleEvent APR/OpenSSL configuration: useAprConnector [false], useOpenSSL [true]
16-Mar-2017 15:26:39.577 INFO [main] org.apache.catalina.core.AprLifecycleListener.initializeSSL OpenSSL successfully initialized (OpenSSL 1.0.2j  26 Sep 2016)
16-Mar-2017 15:26:39.695 INFO [main] org.apache.coyote.AbstractProtocol.init Initializing ProtocolHandler ["http-nio-8080"]
16-Mar-2017 15:26:39.881 INFO [main] org.apache.tomcat.util.net.NioSelectorPool.getSharedSelector Using a shared selector for servlet write/read
16-Mar-2017 15:26:39.883 INFO [main] org.apache.coyote.AbstractProtocol.init Initializing ProtocolHandler ["ajp-nio-8009"]
16-Mar-2017 15:26:39.884 INFO [main] org.apache.tomcat.util.net.NioSelectorPool.getSharedSelector Using a shared selector for servlet write/read
16-Mar-2017 15:26:39.885 INFO [main] org.apache.catalina.startup.Catalina.load Initialization processed in 1199 ms
16-Mar-2017 15:26:39.905 INFO [main] org.apache.catalina.core.StandardService.startInternal Starting service Catalina
16-Mar-2017 15:26:39.906 INFO [main] org.apache.catalina.core.StandardEngine.startInternal Starting Servlet Engine: Apache Tomcat/8.5.11
16-Mar-2017 15:26:39.913 INFO [localhost-startStop-1] org.apache.catalina.startup.HostConfig.deployDescriptor Deploying configuration descriptor C:\Users\ahmad\Desktop\Opgaver\4 - Semester\Distribuerede systemer\GalgelegForprojekt\GalgelegWeb\apache-tomcat-8.5.11\conf\Catalina\localhost\GalgelegWeb.xml
16-Mar-2017 15:26:40.254 INFO [localhost-startStop-1] org.apache.jasper.servlet.TldScanner.scanJars At least one JAR was scanned for TLDs yet contained no TLDs. Enable debug logging for this logger for a complete list of JARs that were scanned but no TLDs were found in them. Skipping unneeded JARs during scanning can improve startup time and JSP compilation time.
16-Mar-2017 15:26:40.302 INFO [localhost-startStop-1] org.apache.catalina.startup.HostConfig.deployDescriptor Deployment of configuration descriptor C:\Users\ahmad\Desktop\Opgaver\4 - Semester\Distribuerede systemer\GalgelegForprojekt\GalgelegWeb\apache-tomcat-8.5.11\conf\Catalina\localhost\GalgelegWeb.xml has finished in 388 ms
16-Mar-2017 15:26:40.302 INFO [localhost-startStop-1] org.apache.catalina.startup.HostConfig.deployDirectory Deploying web application directory C:\Users\ahmad\Desktop\Opgaver\4 - Semester\Distribuerede systemer\GalgelegForprojekt\GalgelegWeb\apache-tomcat-8.5.11\webapps\docs
16-Mar-2017 15:26:40.325 INFO [localhost-startStop-1] org.apache.catalina.startup.HostConfig.deployDirectory Deployment of web application directory C:\Users\ahmad\Desktop\Opgaver\4 - Semester\Distribuerede systemer\GalgelegForprojekt\GalgelegWeb\apache-tomcat-8.5.11\webapps\docs has finished in 23 ms
16-Mar-2017 15:26:40.325 INFO [localhost-startStop-1] org.apache.catalina.startup.HostConfig.deployDirectory Deploying web application directory C:\Users\ahmad\Desktop\Opgaver\4 - Semester\Distribuerede systemer\GalgelegForprojekt\GalgelegWeb\apache-tomcat-8.5.11\webapps\examples
16-Mar-2017 15:26:40.635 INFO [localhost-startStop-1] org.apache.catalina.startup.HostConfig.deployDirectory Deployment of web application directory C:\Users\ahmad\Desktop\Opgaver\4 - Semester\Distribuerede systemer\GalgelegForprojekt\GalgelegWeb\apache-tomcat-8.5.11\webapps\examples has finished in 310 ms
16-Mar-2017 15:26:40.635 INFO [localhost-startStop-1] org.apache.catalina.startup.HostConfig.deployDirectory Deploying web application directory C:\Users\ahmad\Desktop\Opgaver\4 - Semester\Distribuerede systemer\GalgelegForprojekt\GalgelegWeb\apache-tomcat-8.5.11\webapps\host-manager
16-Mar-2017 15:26:40.657 INFO [localhost-startStop-1] org.apache.catalina.startup.HostConfig.deployDirectory Deployment of web application directory C:\Users\ahmad\Desktop\Opgaver\4 - Semester\Distribuerede systemer\GalgelegForprojekt\GalgelegWeb\apache-tomcat-8.5.11\webapps\host-manager has finished in 22 ms
16-Mar-2017 15:26:40.657 INFO [localhost-startStop-1] org.apache.catalina.startup.HostConfig.deployDirectory Deploying web application directory C:\Users\ahmad\Desktop\Opgaver\4 - Semester\Distribuerede systemer\GalgelegForprojekt\GalgelegWeb\apache-tomcat-8.5.11\webapps\manager
16-Mar-2017 15:26:40.675 INFO [localhost-startStop-1] org.apache.catalina.startup.HostConfig.deployDirectory Deployment of web application directory C:\Users\ahmad\Desktop\Opgaver\4 - Semester\Distribuerede systemer\GalgelegForprojekt\GalgelegWeb\apache-tomcat-8.5.11\webapps\manager has finished in 18 ms
16-Mar-2017 15:26:40.675 INFO [localhost-startStop-1] org.apache.catalina.startup.HostConfig.deployDirectory Deploying web application directory C:\Users\ahmad\Desktop\Opgaver\4 - Semester\Distribuerede systemer\GalgelegForprojekt\GalgelegWeb\apache-tomcat-8.5.11\webapps\ROOT
16-Mar-2017 15:26:40.692 INFO [localhost-startStop-1] org.apache.catalina.startup.HostConfig.deployDirectory Deployment of web application directory C:\Users\ahmad\Desktop\Opgaver\4 - Semester\Distribuerede systemer\GalgelegForprojekt\GalgelegWeb\apache-tomcat-8.5.11\webapps\ROOT has finished in 17 ms
16-Mar-2017 15:26:40.695 INFO [main] org.apache.coyote.AbstractProtocol.start Starting ProtocolHandler [http-nio-8080]
16-Mar-2017 15:26:40.703 INFO [main] org.apache.coyote.AbstractProtocol.start Starting ProtocolHandler [ajp-nio-8009]
16-Mar-2017 15:26:40.705 INFO [main] org.apache.catalina.startup.Catalina.start Server startup in 819 ms
16-Mar-2017 15:27:04.926 INFO [main] org.apache.catalina.core.StandardServer.await A valid shutdown command was received via the shutdown port. Stopping the Server instance.
16-Mar-2017 15:27:04.927 INFO [main] org.apache.coyote.AbstractProtocol.pause Pausing ProtocolHandler ["http-nio-8080"]
16-Mar-2017 15:27:05.040 INFO [main] org.apache.coyote.AbstractProtocol.pause Pausing ProtocolHandler ["ajp-nio-8009"]
16-Mar-2017 15:27:05.161 INFO [main] org.apache.catalina.core.StandardService.stopInternal Stopping service Catalina
16-Mar-2017 15:27:05.189 INFO [main] org.apache.coyote.AbstractProtocol.stop Stopping ProtocolHandler ["http-nio-8080"]
16-Mar-2017 15:27:05.190 INFO [main] org.apache.coyote.AbstractProtocol.stop Stopping ProtocolHandler ["ajp-nio-8009"]
16-Mar-2017 15:27:05.191 INFO [main] org.apache.coyote.AbstractProtocol.destroy Destroying ProtocolHandler ["http-nio-8080"]
16-Mar-2017 15:27:05.192 INFO [main] org.apache.coyote.AbstractProtocol.destroy Destroying ProtocolHandler ["ajp-nio-8009"]
